<?xml version="1.0" encoding="UTF-8"?>
<coverage generated="1737238932328" clover="3.2.0">
  <project timestamp="1737238932328" name="All files">
    <metrics statements="917" coveredstatements="419" conditionals="352" coveredconditionals="128" methods="353" coveredmethods="104" elements="1622" coveredelements="651" complexity="0" loc="917" ncloc="917" packages="61" files="123" classes="123"/>
    <package name="assets">
      <metrics statements="0" coveredstatements="0" conditionals="0" coveredconditionals="0" methods="0" coveredmethods="0"/>
      <file name="materialCommunityIconList.js" path="/home/isaac/Documentos/Projetos/flashMemoryCards/src/assets/materialCommunityIconList.js">
        <metrics statements="0" coveredstatements="0" conditionals="0" coveredconditionals="0" methods="0" coveredmethods="0"/>
      </file>
    </package>
    <package name="components.Button">
      <metrics statements="12" coveredstatements="12" conditionals="17" coveredconditionals="16" methods="3" coveredmethods="2"/>
      <file name="index.tsx" path="/home/isaac/Documentos/Projetos/flashMemoryCards/src/components/Button/index.tsx">
        <metrics statements="12" coveredstatements="12" conditionals="17" coveredconditionals="16" methods="3" coveredmethods="2"/>
        <line num="8" count="10" type="stmt"/>
        <line num="19" count="39" type="cond" truecount="2" falsecount="0"/>
        <line num="20" count="39" type="cond" truecount="2" falsecount="0"/>
        <line num="22" count="39" type="cond" truecount="4" falsecount="0"/>
        <line num="26" count="39" type="stmt"/>
        <line num="28" count="39" type="cond" truecount="4" falsecount="0"/>
        <line num="30" count="12" type="stmt"/>
        <line num="31" count="12" type="stmt"/>
        <line num="35" count="27" type="stmt"/>
        <line num="36" count="27" type="stmt"/>
        <line num="38" count="39" type="stmt"/>
        <line num="41" count="39" type="stmt"/>
      </file>
    </package>
    <package name="components.CategoryListCard">
      <metrics statements="3" coveredstatements="3" conditionals="5" coveredconditionals="2" methods="1" coveredmethods="1"/>
      <file name="index.tsx" path="/home/isaac/Documentos/Projetos/flashMemoryCards/src/components/CategoryListCard/index.tsx">
        <metrics statements="2" coveredstatements="2" conditionals="5" coveredconditionals="2" methods="1" coveredmethods="1"/>
        <line num="11" count="1" type="stmt"/>
        <line num="21" count="6" type="stmt"/>
      </file>
      <file name="styles.ts" path="/home/isaac/Documentos/Projetos/flashMemoryCards/src/components/CategoryListCard/styles.ts">
        <metrics statements="1" coveredstatements="1" conditionals="0" coveredconditionals="0" methods="0" coveredmethods="0"/>
        <line num="4" count="1" type="stmt"/>
      </file>
    </package>
    <package name="components.ColorPicker">
      <metrics statements="12" coveredstatements="8" conditionals="10" coveredconditionals="3" methods="6" coveredmethods="1"/>
      <file name="index.tsx" path="/home/isaac/Documentos/Projetos/flashMemoryCards/src/components/ColorPicker/index.tsx">
        <metrics statements="11" coveredstatements="7" conditionals="10" coveredconditionals="3" methods="6" coveredmethods="1"/>
        <line num="15" count="2" type="stmt"/>
        <line num="22" count="12" type="stmt"/>
        <line num="23" count="12" type="stmt"/>
        <line num="25" count="12" type="stmt"/>
        <line num="26" count="0" type="stmt"/>
        <line num="27" count="0" type="cond" truecount="0" falsecount="2"/>
        <line num="30" count="12" type="stmt"/>
        <line num="31" count="12" type="stmt"/>
        <line num="33" count="12" type="stmt"/>
        <line num="44" count="0" type="stmt"/>
        <line num="88" count="0" type="stmt"/>
      </file>
      <file name="styles.ts" path="/home/isaac/Documentos/Projetos/flashMemoryCards/src/components/ColorPicker/styles.ts">
        <metrics statements="1" coveredstatements="1" conditionals="0" coveredconditionals="0" methods="0" coveredmethods="0"/>
        <line num="4" count="2" type="stmt"/>
      </file>
    </package>
    <package name="components.DataInput">
      <metrics statements="9" coveredstatements="1" conditionals="5" coveredconditionals="0" methods="5" coveredmethods="0"/>
      <file name="index.tsx" path="/home/isaac/Documentos/Projetos/flashMemoryCards/src/components/DataInput/index.tsx">
        <metrics statements="9" coveredstatements="1" conditionals="5" coveredconditionals="0" methods="5" coveredmethods="0"/>
        <line num="8" count="2" type="stmt"/>
        <line num="16" count="0" type="stmt"/>
        <line num="17" count="0" type="stmt"/>
        <line num="18" count="0" type="stmt"/>
        <line num="20" count="0" type="stmt"/>
        <line num="37" count="0" type="stmt"/>
        <line num="38" count="0" type="stmt"/>
        <line num="39" count="0" type="stmt"/>
        <line num="42" count="0" type="stmt"/>
      </file>
    </package>
    <package name="components.DataRangeInput">
      <metrics statements="10" coveredstatements="2" conditionals="1" coveredconditionals="0" methods="3" coveredmethods="0"/>
      <file name="index.tsx" path="/home/isaac/Documentos/Projetos/flashMemoryCards/src/components/DataRangeInput/index.tsx">
        <metrics statements="9" coveredstatements="1" conditionals="1" coveredconditionals="0" methods="3" coveredmethods="0"/>
        <line num="9" count="2" type="stmt"/>
        <line num="17" count="0" type="stmt"/>
        <line num="19" count="0" type="stmt"/>
        <line num="25" count="0" type="stmt"/>
        <line num="26" count="0" type="stmt"/>
        <line num="27" count="0" type="stmt"/>
        <line num="37" count="0" type="stmt"/>
        <line num="38" count="0" type="stmt"/>
        <line num="39" count="0" type="stmt"/>
      </file>
      <file name="styles.ts" path="/home/isaac/Documentos/Projetos/flashMemoryCards/src/components/DataRangeInput/styles.ts">
        <metrics statements="1" coveredstatements="1" conditionals="0" coveredconditionals="0" methods="0" coveredmethods="0"/>
        <line num="3" count="2" type="stmt"/>
      </file>
    </package>
    <package name="components.DefaultContainerView">
      <metrics statements="4" coveredstatements="4" conditionals="6" coveredconditionals="4" methods="2" coveredmethods="2"/>
      <file name="index.tsx" path="/home/isaac/Documentos/Projetos/flashMemoryCards/src/components/DefaultContainerView/index.tsx">
        <metrics statements="3" coveredstatements="3" conditionals="6" coveredconditionals="4" methods="2" coveredmethods="2"/>
        <line num="8" count="7" type="stmt"/>
        <line num="13" count="30" type="stmt"/>
        <line num="17" count="46" type="cond" truecount="1" falsecount="1"/>
      </file>
      <file name="styles.ts" path="/home/isaac/Documentos/Projetos/flashMemoryCards/src/components/DefaultContainerView/styles.ts">
        <metrics statements="1" coveredstatements="1" conditionals="0" coveredconditionals="0" methods="0" coveredmethods="0"/>
        <line num="4" count="7" type="stmt"/>
      </file>
    </package>
    <package name="components.Dialog">
      <metrics statements="5" coveredstatements="4" conditionals="9" coveredconditionals="5" methods="3" coveredmethods="2"/>
      <file name="index.tsx" path="/home/isaac/Documentos/Projetos/flashMemoryCards/src/components/Dialog/index.tsx">
        <metrics statements="4" coveredstatements="3" conditionals="9" coveredconditionals="5" methods="3" coveredmethods="2"/>
        <line num="9" count="4" type="stmt"/>
        <line num="17" count="22" type="stmt"/>
        <line num="23" count="0" type="cond" truecount="0" falsecount="2"/>
        <line num="41" count="44" type="stmt"/>
      </file>
      <file name="styles.ts" path="/home/isaac/Documentos/Projetos/flashMemoryCards/src/components/Dialog/styles.ts">
        <metrics statements="1" coveredstatements="1" conditionals="0" coveredconditionals="0" methods="0" coveredmethods="0"/>
        <line num="4" count="4" type="stmt"/>
      </file>
    </package>
    <package name="components.EmpytListMessage">
      <metrics statements="3" coveredstatements="2" conditionals="0" coveredconditionals="0" methods="1" coveredmethods="0"/>
      <file name="index.tsx" path="/home/isaac/Documentos/Projetos/flashMemoryCards/src/components/EmpytListMessage/index.tsx">
        <metrics statements="2" coveredstatements="1" conditionals="0" coveredconditionals="0" methods="1" coveredmethods="0"/>
        <line num="10" count="2" type="stmt"/>
        <line num="11" count="0" type="stmt"/>
      </file>
      <file name="styles.ts" path="/home/isaac/Documentos/Projetos/flashMemoryCards/src/components/EmpytListMessage/styles.ts">
        <metrics statements="1" coveredstatements="1" conditionals="0" coveredconditionals="0" methods="0" coveredmethods="0"/>
        <line num="4" count="2" type="stmt"/>
      </file>
    </package>
    <package name="components.EmpytMessage">
      <metrics statements="8" coveredstatements="2" conditionals="3" coveredconditionals="0" methods="3" coveredmethods="0"/>
      <file name="index.tsx" path="/home/isaac/Documentos/Projetos/flashMemoryCards/src/components/EmpytMessage/index.tsx">
        <metrics statements="7" coveredstatements="1" conditionals="3" coveredconditionals="0" methods="3" coveredmethods="0"/>
        <line num="16" count="4" type="stmt"/>
        <line num="22" count="0" type="stmt"/>
        <line num="24" count="0" type="stmt"/>
        <line num="25" count="0" type="stmt"/>
        <line num="28" count="0" type="stmt"/>
        <line num="29" count="0" type="stmt"/>
        <line num="34" count="0" type="stmt"/>
      </file>
      <file name="styles.ts" path="/home/isaac/Documentos/Projetos/flashMemoryCards/src/components/EmpytMessage/styles.ts">
        <metrics statements="1" coveredstatements="1" conditionals="0" coveredconditionals="0" methods="0" coveredmethods="0"/>
        <line num="4" count="4" type="stmt"/>
      </file>
    </package>
    <package name="components.ErrorBoundary">
      <metrics statements="7" coveredstatements="7" conditionals="2" coveredconditionals="2" methods="4" coveredmethods="4"/>
      <file name="index.tsx" path="/home/isaac/Documentos/Projetos/flashMemoryCards/src/components/ErrorBoundary/index.tsx">
        <metrics statements="7" coveredstatements="7" conditionals="2" coveredconditionals="2" methods="4" coveredmethods="4"/>
        <line num="10" count="25" type="stmt"/>
        <line num="11" count="25" type="stmt"/>
        <line num="15" count="2" type="stmt"/>
        <line num="19" count="2" type="stmt"/>
        <line num="23" count="33" type="cond" truecount="2" falsecount="0"/>
        <line num="24" count="2" type="stmt"/>
        <line num="27" count="31" type="stmt"/>
      </file>
    </package>
    <package name="components.ErrorWarning">
      <metrics statements="3" coveredstatements="3" conditionals="4" coveredconditionals="1" methods="1" coveredmethods="1"/>
      <file name="index.tsx" path="/home/isaac/Documentos/Projetos/flashMemoryCards/src/components/ErrorWarning/index.tsx">
        <metrics statements="2" coveredstatements="2" conditionals="4" coveredconditionals="1" methods="1" coveredmethods="1"/>
        <line num="8" count="7" type="cond" truecount="0" falsecount="2"/>
        <line num="9" count="66" type="cond" truecount="1" falsecount="1"/>
      </file>
      <file name="styles.ts" path="/home/isaac/Documentos/Projetos/flashMemoryCards/src/components/ErrorWarning/styles.ts">
        <metrics statements="1" coveredstatements="1" conditionals="0" coveredconditionals="0" methods="0" coveredmethods="0"/>
        <line num="4" count="7" type="stmt"/>
      </file>
    </package>
    <package name="components.FloatingAddButton">
      <metrics statements="4" coveredstatements="4" conditionals="1" coveredconditionals="1" methods="2" coveredmethods="2"/>
      <file name="index.tsx" path="/home/isaac/Documentos/Projetos/flashMemoryCards/src/components/FloatingAddButton/index.tsx">
        <metrics statements="3" coveredstatements="3" conditionals="1" coveredconditionals="1" methods="2" coveredmethods="2"/>
        <line num="11" count="4" type="stmt"/>
        <line num="15" count="20" type="stmt"/>
        <line num="19" count="1" type="stmt"/>
      </file>
      <file name="styles.ts" path="/home/isaac/Documentos/Projetos/flashMemoryCards/src/components/FloatingAddButton/styles.ts">
        <metrics statements="1" coveredstatements="1" conditionals="0" coveredconditionals="0" methods="0" coveredmethods="0"/>
        <line num="4" count="4" type="stmt"/>
      </file>
    </package>
    <package name="components.Form">
      <metrics statements="3" coveredstatements="2" conditionals="0" coveredconditionals="0" methods="1" coveredmethods="1"/>
      <file name="index.tsx" path="/home/isaac/Documentos/Projetos/flashMemoryCards/src/components/Form/index.tsx">
        <metrics statements="2" coveredstatements="2" conditionals="0" coveredconditionals="0" methods="1" coveredmethods="1"/>
        <line num="6" count="7" type="stmt"/>
        <line num="7" count="18" type="stmt"/>
      </file>
      <file name="styles.ts" path="/home/isaac/Documentos/Projetos/flashMemoryCards/src/components/Form/styles.ts">
        <metrics statements="1" coveredstatements="0" conditionals="0" coveredconditionals="0" methods="0" coveredmethods="0"/>
        <line num="4" count="0" type="stmt"/>
      </file>
    </package>
    <package name="components.IconButton">
      <metrics statements="13" coveredstatements="9" conditionals="15" coveredconditionals="9" methods="3" coveredmethods="2"/>
      <file name="index.tsx" path="/home/isaac/Documentos/Projetos/flashMemoryCards/src/components/IconButton/index.tsx">
        <metrics statements="13" coveredstatements="9" conditionals="15" coveredconditionals="9" methods="3" coveredmethods="2"/>
        <line num="8" count="5" type="stmt"/>
        <line num="18" count="24" type="cond" truecount="1" falsecount="1"/>
        <line num="21" count="24" type="cond" truecount="2" falsecount="0"/>
        <line num="24" count="24" type="stmt"/>
        <line num="26" count="24" type="cond" truecount="1" falsecount="2"/>
        <line num="28" count="0" type="stmt"/>
        <line num="29" count="0" type="stmt"/>
        <line num="31" count="24" type="cond" truecount="2" falsecount="0"/>
        <line num="32" count="24" type="stmt"/>
        <line num="34" count="0" type="stmt"/>
        <line num="35" count="0" type="stmt"/>
        <line num="37" count="24" type="stmt"/>
        <line num="40" count="24" type="stmt"/>
      </file>
    </package>
    <package name="components.InfoContainer">
      <metrics statements="4" coveredstatements="4" conditionals="5" coveredconditionals="3" methods="1" coveredmethods="1"/>
      <file name="index.tsx" path="/home/isaac/Documentos/Projetos/flashMemoryCards/src/components/InfoContainer/index.tsx">
        <metrics statements="3" coveredstatements="3" conditionals="5" coveredconditionals="3" methods="1" coveredmethods="1"/>
        <line num="11" count="1" type="stmt"/>
        <line num="15" count="1" type="stmt"/>
        <line num="20" count="7" type="cond" truecount="1" falsecount="1"/>
      </file>
      <file name="styles.ts" path="/home/isaac/Documentos/Projetos/flashMemoryCards/src/components/InfoContainer/styles.ts">
        <metrics statements="1" coveredstatements="1" conditionals="0" coveredconditionals="0" methods="0" coveredmethods="0"/>
        <line num="4" count="1" type="stmt"/>
      </file>
    </package>
    <package name="components.InlineField">
      <metrics statements="3" coveredstatements="3" conditionals="0" coveredconditionals="0" methods="1" coveredmethods="1"/>
      <file name="index.tsx" path="/home/isaac/Documentos/Projetos/flashMemoryCards/src/components/InlineField/index.tsx">
        <metrics statements="2" coveredstatements="2" conditionals="0" coveredconditionals="0" methods="1" coveredmethods="1"/>
        <line num="7" count="2" type="stmt"/>
        <line num="8" count="40" type="stmt"/>
      </file>
      <file name="styles.ts" path="/home/isaac/Documentos/Projetos/flashMemoryCards/src/components/InlineField/styles.ts">
        <metrics statements="1" coveredstatements="1" conditionals="0" coveredconditionals="0" methods="0" coveredmethods="0"/>
        <line num="4" count="2" type="stmt"/>
      </file>
    </package>
    <package name="components.InlineFieldChips">
      <metrics statements="5" coveredstatements="5" conditionals="0" coveredconditionals="0" methods="2" coveredmethods="2"/>
      <file name="index.tsx" path="/home/isaac/Documentos/Projetos/flashMemoryCards/src/components/InlineFieldChips/index.tsx">
        <metrics statements="4" coveredstatements="4" conditionals="0" coveredconditionals="0" methods="2" coveredmethods="2"/>
        <line num="9" count="2" type="stmt"/>
        <line num="10" count="10" type="stmt"/>
        <line num="14" count="20" type="stmt"/>
        <line num="16" count="20" type="stmt"/>
      </file>
      <file name="styles.ts" path="/home/isaac/Documentos/Projetos/flashMemoryCards/src/components/InlineFieldChips/styles.ts">
        <metrics statements="1" coveredstatements="1" conditionals="0" coveredconditionals="0" methods="0" coveredmethods="0"/>
        <line num="4" count="2" type="stmt"/>
      </file>
    </package>
    <package name="components.LinearGradientView">
      <metrics statements="4" coveredstatements="3" conditionals="7" coveredconditionals="3" methods="2" coveredmethods="1"/>
      <file name="index.tsx" path="/home/isaac/Documentos/Projetos/flashMemoryCards/src/components/LinearGradientView/index.tsx">
        <metrics statements="3" coveredstatements="2" conditionals="7" coveredconditionals="3" methods="2" coveredmethods="1"/>
        <line num="7" count="3" type="stmt"/>
        <line num="13" count="11" type="stmt"/>
        <line num="19" count="0" type="cond" truecount="0" falsecount="2"/>
      </file>
      <file name="styles.ts" path="/home/isaac/Documentos/Projetos/flashMemoryCards/src/components/LinearGradientView/styles.ts">
        <metrics statements="1" coveredstatements="1" conditionals="0" coveredconditionals="0" methods="0" coveredmethods="0"/>
        <line num="3" count="3" type="stmt"/>
      </file>
    </package>
    <package name="components.ListCard">
      <metrics statements="4" coveredstatements="4" conditionals="10" coveredconditionals="6" methods="3" coveredmethods="2"/>
      <file name="index.tsx" path="/home/isaac/Documentos/Projetos/flashMemoryCards/src/components/ListCard/index.tsx">
        <metrics statements="3" coveredstatements="3" conditionals="10" coveredconditionals="6" methods="3" coveredmethods="2"/>
        <line num="8" count="2" type="stmt"/>
        <line num="15" count="10" type="stmt"/>
        <line num="27" count="60" type="cond" truecount="2" falsecount="0"/>
      </file>
      <file name="styles.ts" path="/home/isaac/Documentos/Projetos/flashMemoryCards/src/components/ListCard/styles.ts">
        <metrics statements="1" coveredstatements="1" conditionals="0" coveredconditionals="0" methods="0" coveredmethods="0"/>
        <line num="4" count="2" type="stmt"/>
      </file>
    </package>
    <package name="components.NoteListCard">
      <metrics statements="3" coveredstatements="2" conditionals="3" coveredconditionals="2" methods="1" coveredmethods="1"/>
      <file name="index.tsx" path="/home/isaac/Documentos/Projetos/flashMemoryCards/src/components/NoteListCard/index.tsx">
        <metrics statements="2" coveredstatements="2" conditionals="3" coveredconditionals="2" methods="1" coveredmethods="1"/>
        <line num="9" count="2" type="stmt"/>
        <line num="20" count="10" type="stmt"/>
      </file>
      <file name="styles.ts" path="/home/isaac/Documentos/Projetos/flashMemoryCards/src/components/NoteListCard/styles.ts">
        <metrics statements="1" coveredstatements="0" conditionals="0" coveredconditionals="0" methods="0" coveredmethods="0"/>
        <line num="3" count="0" type="stmt"/>
      </file>
    </package>
    <package name="components.Select">
      <metrics statements="20" coveredstatements="12" conditionals="11" coveredconditionals="0" methods="10" coveredmethods="4"/>
      <file name="index.tsx" path="/home/isaac/Documentos/Projetos/flashMemoryCards/src/components/Select/index.tsx">
        <metrics statements="19" coveredstatements="11" conditionals="11" coveredconditionals="0" methods="10" coveredmethods="4"/>
        <line num="14" count="5" type="stmt"/>
        <line num="24" count="5" type="stmt"/>
        <line num="25" count="5" type="stmt"/>
        <line num="28" count="5" type="stmt"/>
        <line num="31" count="5" type="stmt"/>
        <line num="32" count="0" type="stmt"/>
        <line num="34" count="5" type="stmt"/>
        <line num="35" count="0" type="stmt"/>
        <line num="39" count="5" type="stmt"/>
        <line num="41" count="0" type="stmt"/>
        <line num="42" count="0" type="stmt"/>
        <line num="45" count="0" type="stmt"/>
        <line num="46" count="0" type="stmt"/>
        <line num="47" count="0" type="stmt"/>
        <line num="72" count="5" type="stmt"/>
        <line num="73" count="5" type="stmt"/>
        <line num="74" count="10" type="stmt"/>
        <line num="79" count="5" type="stmt"/>
        <line num="110" count="0" type="stmt"/>
      </file>
      <file name="styles.ts" path="/home/isaac/Documentos/Projetos/flashMemoryCards/src/components/Select/styles.ts">
        <metrics statements="1" coveredstatements="1" conditionals="0" coveredconditionals="0" methods="0" coveredmethods="0"/>
        <line num="4" count="5" type="stmt"/>
      </file>
    </package>
    <package name="components.SelectIcon">
      <metrics statements="21" coveredstatements="16" conditionals="9" coveredconditionals="2" methods="6" coveredmethods="3"/>
      <file name="index.tsx" path="/home/isaac/Documentos/Projetos/flashMemoryCards/src/components/SelectIcon/index.tsx">
        <metrics statements="20" coveredstatements="15" conditionals="9" coveredconditionals="2" methods="6" coveredmethods="3"/>
        <line num="14" count="1" type="stmt"/>
        <line num="15" count="1" type="stmt"/>
        <line num="16" count="6" type="stmt"/>
        <line num="17" count="6" type="stmt"/>
        <line num="18" count="6" type="stmt"/>
        <line num="19" count="0" type="stmt"/>
        <line num="22" count="6" type="stmt"/>
        <line num="25" count="1" type="stmt"/>
        <line num="31" count="6" type="stmt"/>
        <line num="34" count="6" type="stmt"/>
        <line num="36" count="6" type="stmt"/>
        <line num="37" count="6" type="stmt"/>
        <line num="38" count="6" type="stmt"/>
        <line num="39" count="24" type="stmt"/>
        <line num="47" count="0" type="cond" truecount="0" falsecount="2"/>
        <line num="48" count="0" type="stmt"/>
        <line num="59" count="6" type="stmt"/>
        <line num="62" count="6" type="stmt"/>
        <line num="73" count="0" type="stmt"/>
        <line num="83" count="0" type="stmt"/>
      </file>
      <file name="styles.ts" path="/home/isaac/Documentos/Projetos/flashMemoryCards/src/components/SelectIcon/styles.ts">
        <metrics statements="1" coveredstatements="1" conditionals="0" coveredconditionals="0" methods="0" coveredmethods="0"/>
        <line num="4" count="1" type="stmt"/>
      </file>
    </package>
    <package name="components.SelectMultiple">
      <metrics statements="29" coveredstatements="11" conditionals="18" coveredconditionals="6" methods="13" coveredmethods="2"/>
      <file name="index.tsx" path="/home/isaac/Documentos/Projetos/flashMemoryCards/src/components/SelectMultiple/index.tsx">
        <metrics statements="28" coveredstatements="10" conditionals="18" coveredconditionals="6" methods="13" coveredmethods="2"/>
        <line num="15" count="5" type="stmt"/>
        <line num="16" count="0" type="stmt"/>
        <line num="25" count="5" type="stmt"/>
        <line num="34" count="19" type="stmt"/>
        <line num="35" count="19" type="stmt"/>
        <line num="38" count="19" type="stmt"/>
        <line num="41" count="19" type="stmt"/>
        <line num="42" count="0" type="stmt"/>
        <line num="44" count="19" type="stmt"/>
        <line num="45" count="0" type="stmt"/>
        <line num="47" count="19" type="stmt"/>
        <line num="49" count="0" type="stmt"/>
        <line num="50" count="0" type="cond" truecount="0" falsecount="2"/>
        <line num="51" count="0" type="stmt"/>
        <line num="52" count="0" type="stmt"/>
        <line num="55" count="0" type="stmt"/>
        <line num="57" count="0" type="stmt"/>
        <line num="58" count="0" type="stmt"/>
        <line num="64" count="19" type="stmt"/>
        <line num="66" count="0" type="stmt"/>
        <line num="67" count="0" type="stmt"/>
        <line num="68" count="0" type="stmt"/>
        <line num="73" count="0" type="stmt"/>
        <line num="95" count="19" type="stmt"/>
        <line num="118" count="0" type="stmt"/>
        <line num="119" count="0" type="cond" truecount="0" falsecount="2"/>
        <line num="120" count="0" type="stmt"/>
        <line num="145" count="0" type="stmt"/>
      </file>
      <file name="styles.ts" path="/home/isaac/Documentos/Projetos/flashMemoryCards/src/components/SelectMultiple/styles.ts">
        <metrics statements="1" coveredstatements="1" conditionals="0" coveredconditionals="0" methods="0" coveredmethods="0"/>
        <line num="4" count="5" type="stmt"/>
      </file>
    </package>
    <package name="components.SideMenu">
      <metrics statements="15" coveredstatements="0" conditionals="0" coveredconditionals="0" methods="13" coveredmethods="0"/>
      <file name="index.tsx" path="/home/isaac/Documentos/Projetos/flashMemoryCards/src/components/SideMenu/index.tsx">
        <metrics statements="14" coveredstatements="0" conditionals="0" coveredconditionals="0" methods="13" coveredmethods="0"/>
        <line num="12" count="0" type="stmt"/>
        <line num="13" count="0" type="stmt"/>
        <line num="19" count="0" type="stmt"/>
        <line num="21" count="0" type="stmt"/>
        <line num="27" count="0" type="stmt"/>
        <line num="29" count="0" type="stmt"/>
        <line num="35" count="0" type="stmt"/>
        <line num="37" count="0" type="stmt"/>
        <line num="43" count="0" type="stmt"/>
        <line num="45" count="0" type="stmt"/>
        <line num="53" count="0" type="stmt"/>
        <line num="55" count="0" type="stmt"/>
        <line num="62" count="0" type="stmt"/>
        <line num="65" count="0" type="stmt"/>
      </file>
      <file name="styles.ts" path="/home/isaac/Documentos/Projetos/flashMemoryCards/src/components/SideMenu/styles.ts">
        <metrics statements="1" coveredstatements="0" conditionals="0" coveredconditionals="0" methods="0" coveredmethods="0"/>
        <line num="4" count="0" type="stmt"/>
      </file>
    </package>
    <package name="components.SubjectListCard">
      <metrics statements="3" coveredstatements="3" conditionals="0" coveredconditionals="0" methods="1" coveredmethods="1"/>
      <file name="index.tsx" path="/home/isaac/Documentos/Projetos/flashMemoryCards/src/components/SubjectListCard/index.tsx">
        <metrics statements="2" coveredstatements="2" conditionals="0" coveredconditionals="0" methods="1" coveredmethods="1"/>
        <line num="8" count="1" type="stmt"/>
        <line num="14" count="8" type="stmt"/>
      </file>
      <file name="styles.ts" path="/home/isaac/Documentos/Projetos/flashMemoryCards/src/components/SubjectListCard/styles.ts">
        <metrics statements="1" coveredstatements="1" conditionals="0" coveredconditionals="0" methods="0" coveredmethods="0"/>
        <line num="4" count="1" type="stmt"/>
      </file>
    </package>
    <package name="components.TextEditor">
      <metrics statements="16" coveredstatements="7" conditionals="7" coveredconditionals="2" methods="7" coveredmethods="1"/>
      <file name="index.tsx" path="/home/isaac/Documentos/Projetos/flashMemoryCards/src/components/TextEditor/index.tsx">
        <metrics statements="15" coveredstatements="6" conditionals="7" coveredconditionals="2" methods="7" coveredmethods="1"/>
        <line num="12" count="5" type="stmt"/>
        <line num="17" count="2" type="stmt"/>
        <line num="18" count="2" type="stmt"/>
        <line num="20" count="2" type="stmt"/>
        <line num="21" count="0" type="stmt"/>
        <line num="24" count="2" type="stmt"/>
        <line num="25" count="0" type="stmt"/>
        <line num="26" count="0" type="stmt"/>
        <line num="28" count="0" type="stmt"/>
        <line num="29" count="0" type="stmt"/>
        <line num="32" count="0" type="stmt"/>
        <line num="33" count="0" type="stmt"/>
        <line num="34" count="0" type="stmt"/>
        <line num="38" count="2" type="stmt"/>
        <line num="73" count="0" type="cond" truecount="0" falsecount="4"/>
      </file>
      <file name="styles.ts" path="/home/isaac/Documentos/Projetos/flashMemoryCards/src/components/TextEditor/styles.ts">
        <metrics statements="1" coveredstatements="1" conditionals="0" coveredconditionals="0" methods="0" coveredmethods="0"/>
        <line num="4" count="5" type="stmt"/>
      </file>
    </package>
    <package name="components.TextInput">
      <metrics statements="4" coveredstatements="4" conditionals="2" coveredconditionals="0" methods="2" coveredmethods="2"/>
      <file name="index.tsx" path="/home/isaac/Documentos/Projetos/flashMemoryCards/src/components/TextInput/index.tsx">
        <metrics statements="3" coveredstatements="3" conditionals="2" coveredconditionals="0" methods="2" coveredmethods="2"/>
        <line num="13" count="7" type="stmt"/>
        <line num="24" count="29" type="stmt"/>
        <line num="35" count="3" type="stmt"/>
      </file>
      <file name="styles.ts" path="/home/isaac/Documentos/Projetos/flashMemoryCards/src/components/TextInput/styles.ts">
        <metrics statements="1" coveredstatements="1" conditionals="0" coveredconditionals="0" methods="0" coveredmethods="0"/>
        <line num="4" count="7" type="stmt"/>
      </file>
    </package>
    <package name="context">
      <metrics statements="15" coveredstatements="1" conditionals="0" coveredconditionals="0" methods="9" coveredmethods="0"/>
      <file name="appContext.tsx" path="/home/isaac/Documentos/Projetos/flashMemoryCards/src/context/appContext.tsx">
        <metrics statements="1" coveredstatements="1" conditionals="0" coveredconditionals="0" methods="6" coveredmethods="0"/>
        <line num="22" count="5" type="stmt"/>
      </file>
      <file name="appProvider.tsx" path="/home/isaac/Documentos/Projetos/flashMemoryCards/src/context/appProvider.tsx">
        <metrics statements="14" coveredstatements="0" conditionals="0" coveredconditionals="0" methods="3" coveredmethods="0"/>
        <line num="8" count="0" type="stmt"/>
        <line num="9" count="0" type="stmt"/>
        <line num="10" count="0" type="stmt"/>
        <line num="11" count="0" type="stmt"/>
        <line num="12" count="0" type="stmt"/>
        <line num="13" count="0" type="stmt"/>
        <line num="14" count="0" type="stmt"/>
        <line num="16" count="0" type="stmt"/>
        <line num="17" count="0" type="stmt"/>
        <line num="18" count="0" type="stmt"/>
        <line num="19" count="0" type="stmt"/>
        <line num="21" count="0" type="stmt"/>
        <line num="30" count="0" type="stmt"/>
        <line num="40" count="0" type="stmt"/>
      </file>
    </package>
    <package name="databases">
      <metrics statements="3" coveredstatements="3" conditionals="0" coveredconditionals="0" methods="1" coveredmethods="0"/>
      <file name="index.ts" path="/home/isaac/Documentos/Projetos/flashMemoryCards/src/databases/index.ts">
        <metrics statements="3" coveredstatements="3" conditionals="0" coveredconditionals="0" methods="1" coveredmethods="0"/>
        <line num="10" count="7" type="stmt"/>
        <line num="14" count="7" type="stmt"/>
        <line num="19" count="7" type="stmt"/>
      </file>
    </package>
    <package name="databases.models">
      <metrics statements="9" coveredstatements="8" conditionals="0" coveredconditionals="0" methods="0" coveredmethods="0"/>
      <file name="categoryModel.ts" path="/home/isaac/Documentos/Projetos/flashMemoryCards/src/databases/models/categoryModel.ts">
        <metrics statements="2" coveredstatements="2" conditionals="0" coveredconditionals="0" methods="0" coveredmethods="0"/>
        <line num="5" count="7" type="stmt"/>
        <line num="6" count="7" type="stmt"/>
      </file>
      <file name="noteModel.ts" path="/home/isaac/Documentos/Projetos/flashMemoryCards/src/databases/models/noteModel.ts">
        <metrics statements="3" coveredstatements="2" conditionals="0" coveredconditionals="0" methods="0" coveredmethods="0"/>
        <line num="5" count="7" type="stmt"/>
        <line num="7" count="7" type="stmt"/>
        <line num="33" count="0" type="stmt"/>
      </file>
      <file name="noteSubjectModel.ts" path="/home/isaac/Documentos/Projetos/flashMemoryCards/src/databases/models/noteSubjectModel.ts">
        <metrics statements="2" coveredstatements="2" conditionals="0" coveredconditionals="0" methods="0" coveredmethods="0"/>
        <line num="5" count="7" type="stmt"/>
        <line num="7" count="7" type="stmt"/>
      </file>
      <file name="subjectModel.ts" path="/home/isaac/Documentos/Projetos/flashMemoryCards/src/databases/models/subjectModel.ts">
        <metrics statements="2" coveredstatements="2" conditionals="0" coveredconditionals="0" methods="0" coveredmethods="0"/>
        <line num="5" count="7" type="stmt"/>
        <line num="7" count="7" type="stmt"/>
      </file>
    </package>
    <package name="databases.schemas">
      <metrics statements="5" coveredstatements="5" conditionals="0" coveredconditionals="0" methods="0" coveredmethods="0"/>
      <file name="categorySchema.ts" path="/home/isaac/Documentos/Projetos/flashMemoryCards/src/databases/schemas/categorySchema.ts">
        <metrics statements="1" coveredstatements="1" conditionals="0" coveredconditionals="0" methods="0" coveredmethods="0"/>
        <line num="3" count="7" type="stmt"/>
      </file>
      <file name="index.ts" path="/home/isaac/Documentos/Projetos/flashMemoryCards/src/databases/schemas/index.ts">
        <metrics statements="1" coveredstatements="1" conditionals="0" coveredconditionals="0" methods="0" coveredmethods="0"/>
        <line num="8" count="7" type="stmt"/>
      </file>
      <file name="noteSchema.ts" path="/home/isaac/Documentos/Projetos/flashMemoryCards/src/databases/schemas/noteSchema.ts">
        <metrics statements="1" coveredstatements="1" conditionals="0" coveredconditionals="0" methods="0" coveredmethods="0"/>
        <line num="3" count="7" type="stmt"/>
      </file>
      <file name="noteSubjectSchema.ts" path="/home/isaac/Documentos/Projetos/flashMemoryCards/src/databases/schemas/noteSubjectSchema.ts">
        <metrics statements="1" coveredstatements="1" conditionals="0" coveredconditionals="0" methods="0" coveredmethods="0"/>
        <line num="3" count="7" type="stmt"/>
      </file>
      <file name="subjectSchema.ts" path="/home/isaac/Documentos/Projetos/flashMemoryCards/src/databases/schemas/subjectSchema.ts">
        <metrics statements="1" coveredstatements="1" conditionals="0" coveredconditionals="0" methods="0" coveredmethods="0"/>
        <line num="3" count="7" type="stmt"/>
      </file>
    </package>
    <package name="databases.utils">
      <metrics statements="85" coveredstatements="0" conditionals="5" coveredconditionals="0" methods="23" coveredmethods="0"/>
      <file name="deleteItemInWMDB.ts" path="/home/isaac/Documentos/Projetos/flashMemoryCards/src/databases/utils/deleteItemInWMDB.ts">
        <metrics statements="13" coveredstatements="0" conditionals="2" coveredconditionals="0" methods="2" coveredmethods="0"/>
        <line num="7" count="0" type="stmt"/>
        <line num="8" count="0" type="stmt"/>
        <line num="9" count="0" type="stmt"/>
        <line num="10" count="0" type="stmt"/>
        <line num="11" count="0" type="stmt"/>
        <line num="12" count="0" type="cond" truecount="0" falsecount="2"/>
        <line num="13" count="0" type="stmt"/>
        <line num="15" count="0" type="stmt"/>
        <line num="17" count="0" type="stmt"/>
        <line num="19" count="0" type="stmt"/>
        <line num="21" count="0" type="stmt"/>
        <line num="22" count="0" type="stmt"/>
        <line num="27" count="0" type="stmt"/>
      </file>
      <file name="deleteItemWithM2MRelationInWMDB.ts" path="/home/isaac/Documentos/Projetos/flashMemoryCards/src/databases/utils/deleteItemWithM2MRelationInWMDB.ts">
        <metrics statements="11" coveredstatements="0" conditionals="0" coveredconditionals="0" methods="3" coveredmethods="0"/>
        <line num="15" count="0" type="stmt"/>
        <line num="16" count="0" type="stmt"/>
        <line num="17" count="0" type="stmt"/>
        <line num="19" count="0" type="stmt"/>
        <line num="20" count="0" type="stmt"/>
        <line num="25" count="0" type="stmt"/>
        <line num="26" count="0" type="stmt"/>
        <line num="29" count="0" type="stmt"/>
        <line num="32" count="0" type="stmt"/>
        <line num="34" count="0" type="stmt"/>
        <line num="39" count="0" type="stmt"/>
      </file>
      <file name="getDataFromWMDB.ts" path="/home/isaac/Documentos/Projetos/flashMemoryCards/src/databases/utils/getDataFromWMDB.ts">
        <metrics statements="8" coveredstatements="0" conditionals="0" coveredconditionals="0" methods="2" coveredmethods="0"/>
        <line num="8" count="0" type="stmt"/>
        <line num="9" count="0" type="stmt"/>
        <line num="10" count="0" type="stmt"/>
        <line num="11" count="0" type="stmt"/>
        <line num="16" count="0" type="stmt"/>
        <line num="18" count="0" type="stmt"/>
        <line num="20" count="0" type="stmt"/>
        <line num="25" count="0" type="stmt"/>
      </file>
      <file name="index.ts" path="/home/isaac/Documentos/Projetos/flashMemoryCards/src/databases/utils/index.ts">
        <metrics statements="0" coveredstatements="0" conditionals="0" coveredconditionals="0" methods="0" coveredmethods="0"/>
      </file>
      <file name="insertItemInWMDB.ts" path="/home/isaac/Documentos/Projetos/flashMemoryCards/src/databases/utils/insertItemInWMDB.ts">
        <metrics statements="15" coveredstatements="0" conditionals="1" coveredconditionals="0" methods="5" coveredmethods="0"/>
        <line num="7" count="0" type="stmt"/>
        <line num="8" count="0" type="stmt"/>
        <line num="9" count="0" type="stmt"/>
        <line num="10" count="0" type="cond" truecount="0" falsecount="1"/>
        <line num="12" count="0" type="stmt"/>
        <line num="15" count="0" type="stmt"/>
        <line num="16" count="0" type="stmt"/>
        <line num="17" count="0" type="stmt"/>
        <line num="19" count="0" type="stmt"/>
        <line num="20" count="0" type="stmt"/>
        <line num="24" count="0" type="stmt"/>
        <line num="26" count="0" type="stmt"/>
        <line num="28" count="0" type="stmt"/>
        <line num="29" count="0" type="stmt"/>
        <line num="34" count="0" type="stmt"/>
      </file>
      <file name="insertItemWithM2MRelationInWMDB.ts" path="/home/isaac/Documentos/Projetos/flashMemoryCards/src/databases/utils/insertItemWithM2MRelationInWMDB.ts">
        <metrics statements="8" coveredstatements="0" conditionals="0" coveredconditionals="0" methods="2" coveredmethods="0"/>
        <line num="13" count="0" type="stmt"/>
        <line num="14" count="0" type="stmt"/>
        <line num="16" count="0" type="stmt"/>
        <line num="19" count="0" type="stmt"/>
        <line num="29" count="0" type="stmt"/>
        <line num="31" count="0" type="stmt"/>
        <line num="32" count="0" type="stmt"/>
        <line num="37" count="0" type="stmt"/>
      </file>
      <file name="updateItemInWMDB.ts" path="/home/isaac/Documentos/Projetos/flashMemoryCards/src/databases/utils/updateItemInWMDB.ts">
        <metrics statements="14" coveredstatements="0" conditionals="2" coveredconditionals="0" methods="4" coveredmethods="0"/>
        <line num="11" count="0" type="stmt"/>
        <line num="12" count="0" type="stmt"/>
        <line num="13" count="0" type="stmt"/>
        <line num="14" count="0" type="stmt"/>
        <line num="15" count="0" type="cond" truecount="0" falsecount="2"/>
        <line num="16" count="0" type="stmt"/>
        <line num="22" count="0" type="stmt"/>
        <line num="23" count="0" type="stmt"/>
        <line num="24" count="0" type="stmt"/>
        <line num="25" count="0" type="stmt"/>
        <line num="28" count="0" type="stmt"/>
        <line num="30" count="0" type="stmt"/>
        <line num="32" count="0" type="stmt"/>
        <line num="37" count="0" type="stmt"/>
      </file>
      <file name="updateItemWithM2MRelationInWMDB.ts" path="/home/isaac/Documentos/Projetos/flashMemoryCards/src/databases/utils/updateItemWithM2MRelationInWMDB.ts">
        <metrics statements="16" coveredstatements="0" conditionals="0" coveredconditionals="0" methods="5" coveredmethods="0"/>
        <line num="20" count="0" type="stmt"/>
        <line num="21" count="0" type="stmt"/>
        <line num="22" count="0" type="stmt"/>
        <line num="24" count="0" type="stmt"/>
        <line num="25" count="0" type="stmt"/>
        <line num="30" count="0" type="stmt"/>
        <line num="31" count="0" type="stmt"/>
        <line num="34" count="0" type="stmt"/>
        <line num="36" count="0" type="stmt"/>
        <line num="37" count="0" type="stmt"/>
        <line num="38" count="0" type="stmt"/>
        <line num="42" count="0" type="stmt"/>
        <line num="48" count="0" type="stmt"/>
        <line num="50" count="0" type="stmt"/>
        <line num="51" count="0" type="stmt"/>
        <line num="56" count="0" type="stmt"/>
      </file>
    </package>
    <package name="hooks.useFilterBySearchParams">
      <metrics statements="4" coveredstatements="3" conditionals="4" coveredconditionals="1" methods="2" coveredmethods="1"/>
      <file name="index.ts" path="/home/isaac/Documentos/Projetos/flashMemoryCards/src/hooks/useFilterBySearchParams/index.ts">
        <metrics statements="4" coveredstatements="3" conditionals="4" coveredconditionals="1" methods="2" coveredmethods="1"/>
        <line num="4" count="2" type="stmt"/>
        <line num="9" count="7" type="stmt"/>
        <line num="10" count="7" type="cond" truecount="1" falsecount="1"/>
        <line num="12" count="0" type="stmt"/>
      </file>
    </package>
    <package name="hooks.useGetFromGlobalState">
      <metrics statements="4" coveredstatements="4" conditionals="2" coveredconditionals="0" methods="1" coveredmethods="1"/>
      <file name="index.ts" path="/home/isaac/Documentos/Projetos/flashMemoryCards/src/hooks/useGetFromGlobalState/index.ts">
        <metrics statements="4" coveredstatements="4" conditionals="2" coveredconditionals="0" methods="1" coveredmethods="1"/>
        <line num="5" count="4" type="cond" truecount="0" falsecount="2"/>
        <line num="6" count="33" type="stmt"/>
        <line num="7" count="33" type="stmt"/>
        <line num="8" count="33" type="stmt"/>
      </file>
    </package>
    <package name="navigation">
      <metrics statements="67" coveredstatements="0" conditionals="18" coveredconditionals="0" methods="34" coveredmethods="0"/>
      <file name="NavigationService.ts" path="/home/isaac/Documentos/Projetos/flashMemoryCards/src/navigation/NavigationService.ts">
        <metrics statements="10" coveredstatements="0" conditionals="4" coveredconditionals="0" methods="5" coveredmethods="0"/>
        <line num="12" count="0" type="stmt"/>
        <line num="16" count="0" type="stmt"/>
        <line num="17" count="0" type="cond" truecount="0" falsecount="2"/>
        <line num="18" count="0" type="stmt"/>
        <line num="20" count="0" type="stmt"/>
        <line num="28" count="0" type="stmt"/>
        <line num="29" count="0" type="stmt"/>
        <line num="31" count="0" type="cond" truecount="0" falsecount="2"/>
        <line num="34" count="0" type="stmt"/>
        <line num="40" count="0" type="stmt"/>
      </file>
      <file name="routes.tsx" path="/home/isaac/Documentos/Projetos/flashMemoryCards/src/navigation/routes.tsx">
        <metrics statements="57" coveredstatements="0" conditionals="14" coveredconditionals="0" methods="29" coveredmethods="0"/>
        <line num="35" count="0" type="stmt"/>
        <line num="38" count="0" type="stmt"/>
        <line num="55" count="0" type="cond" truecount="0" falsecount="2"/>
        <line num="58" count="0" type="stmt"/>
        <line num="74" count="0" type="stmt"/>
        <line num="75" count="0" type="stmt"/>
        <line num="77" count="0" type="stmt"/>
        <line num="78" count="0" type="stmt"/>
        <line num="79" count="0" type="stmt"/>
        <line num="89" count="0" type="stmt"/>
        <line num="91" count="0" type="stmt"/>
        <line num="92" count="0" type="stmt"/>
        <line num="94" count="0" type="stmt"/>
        <line num="95" count="0" type="stmt"/>
        <line num="101" count="0" type="stmt"/>
        <line num="102" count="0" type="stmt"/>
        <line num="106" count="0" type="stmt"/>
        <line num="107" count="0" type="stmt"/>
        <line num="108" count="0" type="stmt"/>
        <line num="110" count="0" type="stmt"/>
        <line num="111" count="0" type="stmt"/>
        <line num="114" count="0" type="stmt"/>
        <line num="115" count="0" type="stmt"/>
        <line num="116" count="0" type="stmt"/>
        <line num="120" count="0" type="stmt"/>
        <line num="121" count="0" type="stmt"/>
        <line num="122" count="0" type="stmt"/>
        <line num="123" count="0" type="stmt"/>
        <line num="124" count="0" type="stmt"/>
        <line num="125" count="0" type="cond" truecount="0" falsecount="2"/>
        <line num="126" count="0" type="stmt"/>
        <line num="129" count="0" type="stmt"/>
        <line num="131" count="0" type="stmt"/>
        <line num="135" count="0" type="stmt"/>
        <line num="138" count="0" type="cond" truecount="0" falsecount="2"/>
        <line num="139" count="0" type="stmt"/>
        <line num="142" count="0" type="stmt"/>
        <line num="145" count="0" type="stmt"/>
        <line num="161" count="0" type="stmt"/>
        <line num="176" count="0" type="stmt"/>
        <line num="178" count="0" type="stmt"/>
        <line num="188" count="0" type="stmt"/>
        <line num="189" count="0" type="stmt"/>
        <line num="191" count="0" type="stmt"/>
        <line num="196" count="0" type="cond" truecount="0" falsecount="2"/>
        <line num="200" count="0" type="stmt"/>
        <line num="214" count="0" type="stmt"/>
        <line num="241" count="0" type="stmt"/>
        <line num="243" count="0" type="stmt"/>
        <line num="253" count="0" type="stmt"/>
        <line num="255" count="0" type="stmt"/>
        <line num="265" count="0" type="stmt"/>
        <line num="267" count="0" type="stmt"/>
        <line num="271" count="0" type="stmt"/>
        <line num="272" count="0" type="stmt"/>
        <line num="281" count="0" type="stmt"/>
        <line num="315" count="0" type="stmt"/>
      </file>
    </package>
    <package name="screens.Category">
      <metrics statements="0" coveredstatements="0" conditionals="0" coveredconditionals="0" methods="0" coveredmethods="0"/>
      <file name="index.ts" path="/home/isaac/Documentos/Projetos/flashMemoryCards/src/screens/Category/index.ts">
        <metrics statements="0" coveredstatements="0" conditionals="0" coveredconditionals="0" methods="0" coveredmethods="0"/>
      </file>
    </package>
    <package name="screens.Category.Create">
      <metrics statements="28" coveredstatements="19" conditionals="14" coveredconditionals="6" methods="10" coveredmethods="4"/>
      <file name="index.tsx" path="/home/isaac/Documentos/Projetos/flashMemoryCards/src/screens/Category/Create/index.tsx">
        <metrics statements="27" coveredstatements="18" conditionals="14" coveredconditionals="6" methods="10" coveredmethods="4"/>
        <line num="23" count="1" type="stmt"/>
        <line num="27" count="4" type="stmt"/>
        <line num="28" count="4" type="stmt"/>
        <line num="30" count="4" type="stmt"/>
        <line num="31" count="0" type="stmt"/>
        <line num="32" count="0" type="stmt"/>
        <line num="35" count="4" type="stmt"/>
        <line num="36" count="0" type="cond" truecount="0" falsecount="2"/>
        <line num="42" count="0" type="stmt"/>
        <line num="45" count="4" type="stmt"/>
        <line num="46" count="1" type="stmt"/>
        <line num="48" count="1" type="cond" truecount="1" falsecount="1"/>
        <line num="49" count="0" type="stmt"/>
        <line num="51" count="1" type="cond" truecount="1" falsecount="1"/>
        <line num="52" count="1" type="stmt"/>
        <line num="54" count="1" type="cond" truecount="1" falsecount="1"/>
        <line num="55" count="1" type="stmt"/>
        <line num="58" count="1" type="stmt"/>
        <line num="61" count="4" type="stmt"/>
        <line num="75" count="6" type="stmt"/>
        <line num="94" count="0" type="stmt"/>
        <line num="108" count="0" type="stmt"/>
        <line num="127" count="0" type="stmt"/>
        <line num="136" count="0" type="stmt"/>
        <line num="145" count="4" type="stmt"/>
        <line num="146" count="4" type="stmt"/>
        <line num="148" count="4" type="stmt"/>
      </file>
      <file name="styles.ts" path="/home/isaac/Documentos/Projetos/flashMemoryCards/src/screens/Category/Create/styles.ts">
        <metrics statements="1" coveredstatements="1" conditionals="0" coveredconditionals="0" methods="0" coveredmethods="0"/>
        <line num="4" count="1" type="stmt"/>
      </file>
    </package>
    <package name="screens.Category.List">
      <metrics statements="23" coveredstatements="16" conditionals="4" coveredconditionals="1" methods="10" coveredmethods="6"/>
      <file name="index.tsx" path="/home/isaac/Documentos/Projetos/flashMemoryCards/src/screens/Category/List/index.tsx">
        <metrics statements="22" coveredstatements="15" conditionals="4" coveredconditionals="1" methods="10" coveredmethods="6"/>
        <line num="20" count="1" type="stmt"/>
        <line num="21" count="3" type="stmt"/>
        <line num="27" count="3" type="cond" truecount="1" falsecount="1"/>
        <line num="28" count="0" type="stmt"/>
        <line num="32" count="0" type="stmt"/>
        <line num="37" count="3" type="stmt"/>
        <line num="38" count="6" type="stmt"/>
        <line num="39" count="6" type="stmt"/>
        <line num="41" count="6" type="stmt"/>
        <line num="42" count="12" type="stmt"/>
        <line num="44" count="0" type="stmt"/>
        <line num="45" count="0" type="cond" truecount="0" falsecount="2"/>
        <line num="46" count="0" type="stmt"/>
        <line num="50" count="6" type="stmt"/>
        <line num="53" count="3" type="stmt"/>
        <line num="58" count="6" type="stmt"/>
        <line num="60" count="6" type="stmt"/>
        <line num="62" count="6" type="stmt"/>
        <line num="64" count="6" type="stmt"/>
        <line num="73" count="0" type="stmt"/>
        <line num="83" count="0" type="stmt"/>
        <line num="92" count="3" type="stmt"/>
      </file>
      <file name="styles.ts" path="/home/isaac/Documentos/Projetos/flashMemoryCards/src/screens/Category/List/styles.ts">
        <metrics statements="1" coveredstatements="1" conditionals="0" coveredconditionals="0" methods="0" coveredmethods="0"/>
        <line num="4" count="1" type="stmt"/>
      </file>
    </package>
    <package name="screens.HelpPage">
      <metrics statements="3" coveredstatements="3" conditionals="0" coveredconditionals="0" methods="1" coveredmethods="1"/>
      <file name="index.tsx" path="/home/isaac/Documentos/Projetos/flashMemoryCards/src/screens/HelpPage/index.tsx">
        <metrics statements="2" coveredstatements="2" conditionals="0" coveredconditionals="0" methods="1" coveredmethods="1"/>
        <line num="6" count="1" type="stmt"/>
        <line num="7" count="3" type="stmt"/>
      </file>
      <file name="styles.ts" path="/home/isaac/Documentos/Projetos/flashMemoryCards/src/screens/HelpPage/styles.ts">
        <metrics statements="1" coveredstatements="1" conditionals="0" coveredconditionals="0" methods="0" coveredmethods="0"/>
        <line num="4" count="1" type="stmt"/>
      </file>
    </package>
    <package name="screens.Home">
      <metrics statements="53" coveredstatements="36" conditionals="24" coveredconditionals="13" methods="19" coveredmethods="10"/>
      <file name="index.tsx" path="/home/isaac/Documentos/Projetos/flashMemoryCards/src/screens/Home/index.tsx">
        <metrics statements="52" coveredstatements="35" conditionals="24" coveredconditionals="13" methods="19" coveredmethods="10"/>
        <line num="27" count="1" type="stmt"/>
        <line num="28" count="10" type="stmt"/>
        <line num="29" count="10" type="stmt"/>
        <line num="30" count="10" type="stmt"/>
        <line num="31" count="10" type="stmt"/>
        <line num="32" count="10" type="stmt"/>
        <line num="37" count="10" type="stmt"/>
        <line num="43" count="10" type="stmt"/>
        <line num="44" count="10" type="stmt"/>
        <line num="46" count="10" type="cond" truecount="2" falsecount="2"/>
        <line num="47" count="0" type="stmt"/>
        <line num="50" count="10" type="cond" truecount="2" falsecount="2"/>
        <line num="51" count="0" type="stmt"/>
        <line num="52" count="0" type="stmt"/>
        <line num="53" count="0" type="stmt"/>
        <line num="54" count="0" type="stmt"/>
        <line num="55" count="0" type="stmt"/>
        <line num="57" count="0" type="stmt"/>
        <line num="60" count="10" type="cond" truecount="3" falsecount="2"/>
        <line num="61" count="0" type="stmt"/>
        <line num="67" count="10" type="cond" truecount="3" falsecount="2"/>
        <line num="68" count="0" type="stmt"/>
        <line num="74" count="10" type="stmt"/>
        <line num="77" count="10" type="stmt"/>
        <line num="78" count="5" type="stmt"/>
        <line num="79" count="5" type="cond" truecount="1" falsecount="1"/>
        <line num="80" count="5" type="stmt"/>
        <line num="81" count="5" type="stmt"/>
        <line num="86" count="10" type="stmt"/>
        <line num="87" count="10" type="stmt"/>
        <line num="88" count="10" type="cond" truecount="1" falsecount="1"/>
        <line num="89" count="10" type="stmt"/>
        <line num="100" count="20" type="cond" truecount="1" falsecount="1"/>
        <line num="110" count="5" type="stmt"/>
        <line num="114" count="5" type="stmt"/>
        <line num="117" count="10" type="stmt"/>
        <line num="121" count="0" type="stmt"/>
        <line num="122" count="0" type="stmt"/>
        <line num="123" count="0" type="stmt"/>
        <line num="126" count="10" type="stmt"/>
        <line num="128" count="10" type="stmt"/>
        <line num="129" count="0" type="stmt"/>
        <line num="130" count="0" type="stmt"/>
        <line num="133" count="10" type="stmt"/>
        <line num="139" count="25" type="stmt"/>
        <line num="148" count="10" type="stmt"/>
        <line num="150" count="10" type="stmt"/>
        <line num="162" count="5" type="stmt"/>
        <line num="170" count="0" type="stmt"/>
        <line num="175" count="0" type="stmt"/>
        <line num="179" count="0" type="stmt"/>
        <line num="195" count="5" type="stmt"/>
      </file>
      <file name="styles.ts" path="/home/isaac/Documentos/Projetos/flashMemoryCards/src/screens/Home/styles.ts">
        <metrics statements="1" coveredstatements="1" conditionals="0" coveredconditionals="0" methods="0" coveredmethods="0"/>
        <line num="4" count="1" type="stmt"/>
      </file>
    </package>
    <package name="screens.Home.components">
      <metrics statements="3" coveredstatements="3" conditionals="0" coveredconditionals="0" methods="1" coveredmethods="1"/>
      <file name="EmpytListMessage.tsx" path="/home/isaac/Documentos/Projetos/flashMemoryCards/src/screens/Home/components/EmpytListMessage.tsx">
        <metrics statements="2" coveredstatements="2" conditionals="0" coveredconditionals="0" methods="1" coveredmethods="1"/>
        <line num="9" count="1" type="stmt"/>
        <line num="10" count="5" type="stmt"/>
      </file>
      <file name="styles.ts" path="/home/isaac/Documentos/Projetos/flashMemoryCards/src/screens/Home/components/styles.ts">
        <metrics statements="1" coveredstatements="1" conditionals="0" coveredconditionals="0" methods="0" coveredmethods="0"/>
        <line num="4" count="1" type="stmt"/>
      </file>
    </package>
    <package name="screens.InitialPage">
      <metrics statements="22" coveredstatements="16" conditionals="0" coveredconditionals="0" methods="10" coveredmethods="4"/>
      <file name="index.tsx" path="/home/isaac/Documentos/Projetos/flashMemoryCards/src/screens/InitialPage/index.tsx">
        <metrics statements="21" coveredstatements="15" conditionals="0" coveredconditionals="0" methods="10" coveredmethods="4"/>
        <line num="21" count="2" type="stmt"/>
        <line num="22" count="4" type="stmt"/>
        <line num="23" count="4" type="stmt"/>
        <line num="24" count="4" type="stmt"/>
        <line num="25" count="4" type="stmt"/>
        <line num="27" count="4" type="stmt"/>
        <line num="28" count="2" type="stmt"/>
        <line num="29" count="0" type="stmt"/>
        <line num="30" count="0" type="stmt"/>
        <line num="35" count="4" type="stmt"/>
        <line num="36" count="2" type="stmt"/>
        <line num="39" count="4" type="stmt"/>
        <line num="40" count="0" type="stmt"/>
        <line num="51" count="4" type="stmt"/>
        <line num="52" count="0" type="stmt"/>
        <line num="63" count="4" type="stmt"/>
        <line num="64" count="0" type="stmt"/>
        <line num="69" count="4" type="stmt"/>
        <line num="70" count="0" type="stmt"/>
        <line num="75" count="4" type="stmt"/>
        <line num="91" count="1" type="stmt"/>
      </file>
      <file name="styles.ts" path="/home/isaac/Documentos/Projetos/flashMemoryCards/src/screens/InitialPage/styles.ts">
        <metrics statements="1" coveredstatements="1" conditionals="0" coveredconditionals="0" methods="0" coveredmethods="0"/>
        <line num="4" count="2" type="stmt"/>
      </file>
    </package>
    <package name="screens.LoadingPage">
      <metrics statements="3" coveredstatements="3" conditionals="0" coveredconditionals="0" methods="1" coveredmethods="1"/>
      <file name="index.tsx" path="/home/isaac/Documentos/Projetos/flashMemoryCards/src/screens/LoadingPage/index.tsx">
        <metrics statements="2" coveredstatements="2" conditionals="0" coveredconditionals="0" methods="1" coveredmethods="1"/>
        <line num="7" count="1" type="stmt"/>
        <line num="8" count="3" type="stmt"/>
      </file>
      <file name="styles.ts" path="/home/isaac/Documentos/Projetos/flashMemoryCards/src/screens/LoadingPage/styles.ts">
        <metrics statements="1" coveredstatements="1" conditionals="0" coveredconditionals="0" methods="0" coveredmethods="0"/>
        <line num="3" count="1" type="stmt"/>
      </file>
    </package>
    <package name="screens.Note">
      <metrics statements="0" coveredstatements="0" conditionals="0" coveredconditionals="0" methods="0" coveredmethods="0"/>
      <file name="index.ts" path="/home/isaac/Documentos/Projetos/flashMemoryCards/src/screens/Note/index.ts">
        <metrics statements="0" coveredstatements="0" conditionals="0" coveredconditionals="0" methods="0" coveredmethods="0"/>
      </file>
    </package>
    <package name="screens.Note.Create">
      <metrics statements="49" coveredstatements="18" conditionals="20" coveredconditionals="6" methods="19" coveredmethods="6"/>
      <file name="index.tsx" path="/home/isaac/Documentos/Projetos/flashMemoryCards/src/screens/Note/Create/index.tsx">
        <metrics statements="48" coveredstatements="17" conditionals="20" coveredconditionals="6" methods="19" coveredmethods="6"/>
        <line num="35" count="5" type="stmt"/>
        <line num="36" count="56" type="stmt"/>
        <line num="43" count="5" type="stmt"/>
        <line num="48" count="5" type="stmt"/>
        <line num="50" count="5" type="stmt"/>
        <line num="51" count="5" type="stmt"/>
        <line num="53" count="5" type="stmt"/>
        <line num="54" count="4" type="stmt"/>
        <line num="55" count="4" type="stmt"/>
        <line num="56" count="0" type="stmt"/>
        <line num="58" count="4" type="stmt"/>
        <line num="59" count="0" type="stmt"/>
        <line num="62" count="4" type="stmt"/>
        <line num="63" count="0" type="stmt"/>
        <line num="64" count="0" type="stmt"/>
        <line num="67" count="0" type="stmt"/>
        <line num="71" count="5" type="stmt"/>
        <line num="72" count="0" type="stmt"/>
        <line num="73" count="0" type="stmt"/>
        <line num="77" count="0" type="stmt"/>
        <line num="78" count="0" type="stmt"/>
        <line num="79" count="0" type="stmt"/>
        <line num="81" count="0" type="stmt"/>
        <line num="83" count="0" type="stmt"/>
        <line num="103" count="0" type="stmt"/>
        <line num="105" count="0" type="stmt"/>
        <line num="107" count="0" type="cond" truecount="0" falsecount="2"/>
        <line num="108" count="0" type="stmt"/>
        <line num="112" count="0" type="stmt"/>
        <line num="120" count="0" type="stmt"/>
        <line num="124" count="5" type="stmt"/>
        <line num="125" count="0" type="stmt"/>
        <line num="127" count="0" type="cond" truecount="0" falsecount="2"/>
        <line num="128" count="0" type="stmt"/>
        <line num="130" count="0" type="cond" truecount="0" falsecount="2"/>
        <line num="131" count="0" type="stmt"/>
        <line num="134" count="0" type="stmt"/>
        <line num="137" count="5" type="stmt"/>
        <line num="138" count="0" type="stmt"/>
        <line num="140" count="0" type="stmt"/>
        <line num="143" count="5" type="stmt"/>
        <line num="156" count="5" type="stmt"/>
        <line num="182" count="0" type="stmt"/>
        <line num="199" count="0" type="stmt"/>
        <line num="207" count="0" type="stmt"/>
        <line num="220" count="0" type="cond" truecount="0" falsecount="2"/>
        <line num="236" count="0" type="stmt"/>
        <line num="245" count="5" type="stmt"/>
      </file>
      <file name="styles.ts" path="/home/isaac/Documentos/Projetos/flashMemoryCards/src/screens/Note/Create/styles.ts">
        <metrics statements="1" coveredstatements="1" conditionals="0" coveredconditionals="0" methods="0" coveredmethods="0"/>
        <line num="4" count="5" type="stmt"/>
      </file>
    </package>
    <package name="screens.Note.List">
      <metrics statements="75" coveredstatements="35" conditionals="41" coveredconditionals="15" methods="27" coveredmethods="6"/>
      <file name="index.tsx" path="/home/isaac/Documentos/Projetos/flashMemoryCards/src/screens/Note/List/index.tsx">
        <metrics statements="74" coveredstatements="34" conditionals="41" coveredconditionals="15" methods="27" coveredmethods="6"/>
        <line num="38" count="2" type="stmt"/>
        <line num="45" count="0" type="stmt"/>
        <line num="50" count="0" type="stmt"/>
        <line num="59" count="0" type="stmt"/>
        <line num="66" count="0" type="stmt"/>
        <line num="71" count="0" type="stmt"/>
        <line num="76" count="0" type="stmt"/>
        <line num="83" count="2" type="stmt"/>
        <line num="91" count="2" type="stmt"/>
        <line num="99" count="3" type="stmt"/>
        <line num="100" count="3" type="stmt"/>
        <line num="101" count="3" type="stmt"/>
        <line num="106" count="3" type="stmt"/>
        <line num="109" count="3" type="stmt"/>
        <line num="111" count="3" type="stmt"/>
        <line num="118" count="4" type="stmt"/>
        <line num="119" count="4" type="stmt"/>
        <line num="121" count="4" type="cond" truecount="2" falsecount="2"/>
        <line num="122" count="0" type="stmt"/>
        <line num="125" count="4" type="cond" truecount="2" falsecount="2"/>
        <line num="126" count="0" type="stmt"/>
        <line num="127" count="0" type="stmt"/>
        <line num="128" count="0" type="stmt"/>
        <line num="129" count="0" type="stmt"/>
        <line num="130" count="0" type="stmt"/>
        <line num="132" count="0" type="stmt"/>
        <line num="135" count="4" type="cond" truecount="3" falsecount="2"/>
        <line num="136" count="0" type="stmt"/>
        <line num="142" count="4" type="cond" truecount="3" falsecount="2"/>
        <line num="143" count="0" type="stmt"/>
        <line num="149" count="4" type="cond" truecount="3" falsecount="2"/>
        <line num="150" count="0" type="stmt"/>
        <line num="156" count="4" type="stmt"/>
        <line num="159" count="3" type="stmt"/>
        <line num="160" count="2" type="stmt"/>
        <line num="161" count="2" type="cond" truecount="1" falsecount="1"/>
        <line num="162" count="2" type="stmt"/>
        <line num="163" count="2" type="stmt"/>
        <line num="167" count="2" type="stmt"/>
        <line num="171" count="2" type="stmt"/>
        <line num="173" count="4" type="stmt"/>
        <line num="174" count="4" type="stmt"/>
        <line num="175" count="0" type="stmt"/>
        <line num="176" count="0" type="cond" truecount="0" falsecount="2"/>
        <line num="177" count="0" type="cond" truecount="0" falsecount="2"/>
        <line num="191" count="0" type="cond" truecount="0" falsecount="2"/>
        <line num="202" count="0" type="cond" truecount="0" falsecount="2"/>
        <line num="203" count="0" type="stmt"/>
        <line num="205" count="0" type="cond" truecount="0" falsecount="2"/>
        <line num="206" count="0" type="stmt"/>
        <line num="209" count="0" type="stmt"/>
        <line num="213" count="2" type="stmt"/>
        <line num="216" count="3" type="stmt"/>
        <line num="225" count="0" type="stmt"/>
        <line num="226" count="0" type="stmt"/>
        <line num="227" count="0" type="stmt"/>
        <line num="230" count="3" type="stmt"/>
        <line num="232" count="3" type="stmt"/>
        <line num="233" count="0" type="stmt"/>
        <line num="234" count="0" type="stmt"/>
        <line num="237" count="3" type="cond" truecount="1" falsecount="1"/>
        <line num="238" count="0" type="stmt"/>
        <line num="243" count="0" type="stmt"/>
        <line num="251" count="3" type="stmt"/>
        <line num="256" count="0" type="stmt"/>
        <line num="258" count="0" type="stmt"/>
        <line num="268" count="0" type="stmt"/>
        <line num="274" count="0" type="stmt"/>
        <line num="282" count="0" type="cond" truecount="0" falsecount="2"/>
        <line num="295" count="0" type="stmt"/>
        <line num="300" count="0" type="stmt"/>
        <line num="304" count="0" type="stmt"/>
        <line num="321" count="3" type="stmt"/>
        <line num="322" count="3" type="stmt"/>
      </file>
      <file name="styles.ts" path="/home/isaac/Documentos/Projetos/flashMemoryCards/src/screens/Note/List/styles.ts">
        <metrics statements="1" coveredstatements="1" conditionals="0" coveredconditionals="0" methods="0" coveredmethods="0"/>
        <line num="4" count="2" type="stmt"/>
      </file>
    </package>
    <package name="screens.Note.Show">
      <metrics statements="63" coveredstatements="15" conditionals="13" coveredconditionals="1" methods="20" coveredmethods="2"/>
      <file name="index.tsx" path="/home/isaac/Documentos/Projetos/flashMemoryCards/src/screens/Note/Show/index.tsx">
        <metrics statements="62" coveredstatements="14" conditionals="13" coveredconditionals="1" methods="20" coveredmethods="2"/>
        <line num="30" count="1" type="stmt"/>
        <line num="37" count="2" type="stmt"/>
        <line num="44" count="2" type="stmt"/>
        <line num="45" count="2" type="stmt"/>
        <line num="46" count="2" type="stmt"/>
        <line num="50" count="0" type="stmt"/>
        <line num="53" count="2" type="stmt"/>
        <line num="55" count="2" type="stmt"/>
        <line num="56" count="0" type="stmt"/>
        <line num="57" count="0" type="stmt"/>
        <line num="58" count="0" type="stmt"/>
        <line num="60" count="0" type="stmt"/>
        <line num="61" count="0" type="stmt"/>
        <line num="62" count="0" type="stmt"/>
        <line num="68" count="2" type="stmt"/>
        <line num="69" count="0" type="stmt"/>
        <line num="71" count="0" type="cond" truecount="0" falsecount="2"/>
        <line num="72" count="0" type="stmt"/>
        <line num="74" count="0" type="cond" truecount="0" falsecount="2"/>
        <line num="75" count="0" type="stmt"/>
        <line num="78" count="0" type="stmt"/>
        <line num="81" count="2" type="stmt"/>
        <line num="82" count="0" type="stmt"/>
        <line num="83" count="0" type="stmt"/>
        <line num="85" count="0" type="stmt"/>
        <line num="87" count="0" type="cond" truecount="0" falsecount="2"/>
        <line num="88" count="0" type="stmt"/>
        <line num="90" count="0" type="stmt"/>
        <line num="91" count="0" type="stmt"/>
        <line num="96" count="0" type="stmt"/>
        <line num="97" count="0" type="stmt"/>
        <line num="98" count="0" type="stmt"/>
        <line num="100" count="0" type="stmt"/>
        <line num="118" count="0" type="stmt"/>
        <line num="119" count="0" type="stmt"/>
        <line num="121" count="0" type="cond" truecount="0" falsecount="2"/>
        <line num="122" count="0" type="stmt"/>
        <line num="127" count="2" type="stmt"/>
        <line num="128" count="0" type="stmt"/>
        <line num="130" count="0" type="stmt"/>
        <line num="137" count="0" type="stmt"/>
        <line num="139" count="0" type="cond" truecount="0" falsecount="2"/>
        <line num="140" count="0" type="stmt"/>
        <line num="141" count="0" type="stmt"/>
        <line num="145" count="2" type="stmt"/>
        <line num="149" count="0" type="stmt"/>
        <line num="150" count="0" type="stmt"/>
        <line num="151" count="0" type="stmt"/>
        <line num="154" count="2" type="stmt"/>
        <line num="166" count="0" type="stmt"/>
        <line num="183" count="0" type="stmt"/>
        <line num="184" count="0" type="stmt"/>
        <line num="190" count="0" type="stmt"/>
        <line num="194" count="0" type="stmt"/>
        <line num="199" count="0" type="stmt"/>
        <line num="207" count="0" type="stmt"/>
        <line num="217" count="0" type="stmt"/>
        <line num="230" count="0" type="stmt"/>
        <line num="236" count="0" type="stmt"/>
        <line num="240" count="0" type="stmt"/>
        <line num="251" count="2" type="stmt"/>
        <line num="252" count="2" type="stmt"/>
      </file>
      <file name="styles.ts" path="/home/isaac/Documentos/Projetos/flashMemoryCards/src/screens/Note/Show/styles.ts">
        <metrics statements="1" coveredstatements="1" conditionals="0" coveredconditionals="0" methods="0" coveredmethods="0"/>
        <line num="3" count="1" type="stmt"/>
      </file>
    </package>
    <package name="screens.PDFResume">
      <metrics statements="52" coveredstatements="15" conditionals="10" coveredconditionals="2" methods="23" coveredmethods="4"/>
      <file name="index.tsx" path="/home/isaac/Documentos/Projetos/flashMemoryCards/src/screens/PDFResume/index.tsx">
        <metrics statements="51" coveredstatements="14" conditionals="10" coveredconditionals="2" methods="23" coveredmethods="4"/>
        <line num="38" count="1" type="stmt"/>
        <line num="45" count="0" type="cond" truecount="0" falsecount="2"/>
        <line num="46" count="0" type="stmt"/>
        <line num="54" count="0" type="stmt"/>
        <line num="55" count="0" type="stmt"/>
        <line num="58" count="0" type="stmt"/>
        <line num="64" count="0" type="stmt"/>
        <line num="66" count="0" type="stmt"/>
        <line num="68" count="0" type="stmt"/>
        <line num="72" count="0" type="stmt"/>
        <line num="79" count="0" type="stmt"/>
        <line num="100" count="0" type="stmt"/>
        <line num="103" count="0" type="stmt"/>
        <line num="108" count="0" type="stmt"/>
        <line num="114" count="0" type="stmt"/>
        <line num="116" count="0" type="stmt"/>
        <line num="122" count="0" type="stmt"/>
        <line num="124" count="0" type="stmt"/>
        <line num="127" count="0" type="stmt"/>
        <line num="133" count="1" type="stmt"/>
        <line num="138" count="5" type="stmt"/>
        <line num="139" count="5" type="stmt"/>
        <line num="140" count="5" type="stmt"/>
        <line num="142" count="5" type="stmt"/>
        <line num="143" count="1" type="stmt"/>
        <line num="145" count="1" type="cond" truecount="1" falsecount="1"/>
        <line num="146" count="0" type="stmt"/>
        <line num="148" count="1" type="cond" truecount="1" falsecount="1"/>
        <line num="149" count="0" type="stmt"/>
        <line num="152" count="1" type="stmt"/>
        <line num="155" count="5" type="stmt"/>
        <line num="156" count="0" type="stmt"/>
        <line num="157" count="0" type="stmt"/>
        <line num="158" count="0" type="stmt"/>
        <line num="161" count="5" type="stmt"/>
        <line num="174" count="7" type="stmt"/>
        <line num="198" count="0" type="stmt"/>
        <line num="213" count="0" type="stmt"/>
        <line num="226" count="0" type="stmt"/>
        <line num="234" count="0" type="stmt"/>
        <line num="241" count="0" type="stmt"/>
        <line num="242" count="0" type="stmt"/>
        <line num="243" count="0" type="cond" truecount="0" falsecount="2"/>
        <line num="244" count="0" type="stmt"/>
        <line num="251" count="0" type="stmt"/>
        <line num="255" count="0" type="stmt"/>
        <line num="268" count="0" type="stmt"/>
        <line num="275" count="0" type="stmt"/>
        <line num="276" count="0" type="stmt"/>
        <line num="283" count="0" type="stmt"/>
        <line num="294" count="5" type="stmt"/>
      </file>
      <file name="styles.ts" path="/home/isaac/Documentos/Projetos/flashMemoryCards/src/screens/PDFResume/styles.ts">
        <metrics statements="1" coveredstatements="1" conditionals="0" coveredconditionals="0" methods="0" coveredmethods="0"/>
        <line num="4" count="1" type="stmt"/>
      </file>
    </package>
    <package name="screens.Subject">
      <metrics statements="0" coveredstatements="0" conditionals="0" coveredconditionals="0" methods="0" coveredmethods="0"/>
      <file name="index.ts" path="/home/isaac/Documentos/Projetos/flashMemoryCards/src/screens/Subject/index.ts">
        <metrics statements="0" coveredstatements="0" conditionals="0" coveredconditionals="0" methods="0" coveredmethods="0"/>
      </file>
    </package>
    <package name="screens.Subject.Create">
      <metrics statements="25" coveredstatements="17" conditionals="12" coveredconditionals="5" methods="9" coveredmethods="4"/>
      <file name="index.tsx" path="/home/isaac/Documentos/Projetos/flashMemoryCards/src/screens/Subject/Create/index.tsx">
        <metrics statements="24" coveredstatements="16" conditionals="12" coveredconditionals="5" methods="9" coveredmethods="4"/>
        <line num="22" count="1" type="stmt"/>
        <line num="26" count="4" type="stmt"/>
        <line num="27" count="4" type="stmt"/>
        <line num="29" count="4" type="stmt"/>
        <line num="30" count="0" type="stmt"/>
        <line num="31" count="0" type="stmt"/>
        <line num="34" count="4" type="stmt"/>
        <line num="35" count="0" type="cond" truecount="0" falsecount="2"/>
        <line num="41" count="0" type="stmt"/>
        <line num="44" count="4" type="stmt"/>
        <line num="45" count="1" type="stmt"/>
        <line num="47" count="1" type="cond" truecount="1" falsecount="1"/>
        <line num="48" count="0" type="stmt"/>
        <line num="50" count="1" type="cond" truecount="1" falsecount="1"/>
        <line num="51" count="1" type="stmt"/>
        <line num="54" count="1" type="stmt"/>
        <line num="57" count="4" type="stmt"/>
        <line num="71" count="6" type="stmt"/>
        <line num="91" count="0" type="stmt"/>
        <line num="110" count="0" type="stmt"/>
        <line num="119" count="0" type="stmt"/>
        <line num="128" count="4" type="stmt"/>
        <line num="129" count="4" type="stmt"/>
        <line num="131" count="4" type="stmt"/>
      </file>
      <file name="styles.ts" path="/home/isaac/Documentos/Projetos/flashMemoryCards/src/screens/Subject/Create/styles.ts">
        <metrics statements="1" coveredstatements="1" conditionals="0" coveredconditionals="0" methods="0" coveredmethods="0"/>
        <line num="4" count="1" type="stmt"/>
      </file>
    </package>
    <package name="screens.Subject.List">
      <metrics statements="13" coveredstatements="9" conditionals="2" coveredconditionals="1" methods="7" coveredmethods="4"/>
      <file name="index.tsx" path="/home/isaac/Documentos/Projetos/flashMemoryCards/src/screens/Subject/List/index.tsx">
        <metrics statements="12" coveredstatements="8" conditionals="2" coveredconditionals="1" methods="7" coveredmethods="4"/>
        <line num="17" count="1" type="stmt"/>
        <line num="18" count="4" type="stmt"/>
        <line num="24" count="4" type="cond" truecount="1" falsecount="1"/>
        <line num="25" count="0" type="stmt"/>
        <line num="29" count="0" type="stmt"/>
        <line num="34" count="4" type="stmt"/>
        <line num="39" count="8" type="stmt"/>
        <line num="41" count="8" type="stmt"/>
        <line num="42" count="8" type="stmt"/>
        <line num="47" count="0" type="stmt"/>
        <line num="56" count="0" type="stmt"/>
        <line num="66" count="4" type="stmt"/>
      </file>
      <file name="styles.ts" path="/home/isaac/Documentos/Projetos/flashMemoryCards/src/screens/Subject/List/styles.ts">
        <metrics statements="1" coveredstatements="1" conditionals="0" coveredconditionals="0" methods="0" coveredmethods="0"/>
        <line num="4" count="1" type="stmt"/>
      </file>
    </package>
    <package name="screens.TutorialPage">
      <metrics statements="16" coveredstatements="15" conditionals="0" coveredconditionals="0" methods="5" coveredmethods="4"/>
      <file name="index.tsx" path="/home/isaac/Documentos/Projetos/flashMemoryCards/src/screens/TutorialPage/index.tsx">
        <metrics statements="15" coveredstatements="14" conditionals="0" coveredconditionals="0" methods="5" coveredmethods="4"/>
        <line num="21" count="1" type="stmt"/>
        <line num="22" count="10" type="stmt"/>
        <line num="23" count="10" type="stmt"/>
        <line num="25" count="10" type="stmt"/>
        <line num="26" count="7" type="stmt"/>
        <line num="27" count="7" type="stmt"/>
        <line num="30" count="10" type="stmt"/>
        <line num="31" count="0" type="stmt"/>
        <line num="36" count="10" type="stmt"/>
        <line num="64" count="1" type="stmt"/>
        <line num="65" count="1" type="stmt"/>
        <line num="66" count="1" type="stmt"/>
        <line num="72" count="1" type="stmt"/>
        <line num="73" count="1" type="stmt"/>
        <line num="78" count="1" type="stmt"/>
      </file>
      <file name="styles.ts" path="/home/isaac/Documentos/Projetos/flashMemoryCards/src/screens/TutorialPage/styles.ts">
        <metrics statements="1" coveredstatements="1" conditionals="0" coveredconditionals="0" methods="0" coveredmethods="0"/>
        <line num="4" count="1" type="stmt"/>
      </file>
    </package>
    <package name="screens.TutorialPage.components.InfoTip">
      <metrics statements="16" coveredstatements="11" conditionals="1" coveredconditionals="1" methods="7" coveredmethods="2"/>
      <file name="index.tsx" path="/home/isaac/Documentos/Projetos/flashMemoryCards/src/screens/TutorialPage/components/InfoTip/index.tsx">
        <metrics statements="15" coveredstatements="10" conditionals="1" coveredconditionals="1" methods="7" coveredmethods="2"/>
        <line num="18" count="1" type="cond" truecount="1" falsecount="0"/>
        <line num="19" count="21" type="stmt"/>
        <line num="20" count="21" type="stmt"/>
        <line num="21" count="21" type="stmt"/>
        <line num="23" count="21" type="stmt"/>
        <line num="24" count="21" type="stmt"/>
        <line num="27" count="0" type="stmt"/>
        <line num="28" count="0" type="stmt"/>
        <line num="34" count="21" type="stmt"/>
        <line num="35" count="0" type="stmt"/>
        <line num="40" count="21" type="stmt"/>
        <line num="41" count="0" type="stmt"/>
        <line num="52" count="21" type="stmt"/>
        <line num="53" count="0" type="stmt"/>
        <line num="64" count="21" type="stmt"/>
      </file>
      <file name="styles.ts" path="/home/isaac/Documentos/Projetos/flashMemoryCards/src/screens/TutorialPage/components/InfoTip/styles.ts">
        <metrics statements="1" coveredstatements="1" conditionals="0" coveredconditionals="0" methods="0" coveredmethods="0"/>
        <line num="4" count="1" type="stmt"/>
      </file>
    </package>
    <package name="styles">
      <metrics statements="2" coveredstatements="1" conditionals="0" coveredconditionals="0" methods="0" coveredmethods="0"/>
      <file name="sharedStyles.ts" path="/home/isaac/Documentos/Projetos/flashMemoryCards/src/styles/sharedStyles.ts">
        <metrics statements="1" coveredstatements="0" conditionals="0" coveredconditionals="0" methods="0" coveredmethods="0"/>
        <line num="4" count="0" type="stmt"/>
      </file>
      <file name="themes.ts" path="/home/isaac/Documentos/Projetos/flashMemoryCards/src/styles/themes.ts">
        <metrics statements="1" coveredstatements="1" conditionals="0" coveredconditionals="0" methods="0" coveredmethods="0"/>
        <line num="3" count="14" type="stmt"/>
      </file>
    </package>
    <package name="utils.errorHandlers">
      <metrics statements="4" coveredstatements="4" conditionals="2" coveredconditionals="1" methods="2" coveredmethods="2"/>
      <file name="getErrorLabel.ts" path="/home/isaac/Documentos/Projetos/flashMemoryCards/src/utils/errorHandlers/getErrorLabel.ts">
        <metrics statements="2" coveredstatements="2" conditionals="0" coveredconditionals="0" methods="1" coveredmethods="1"/>
        <line num="3" count="7" type="stmt"/>
        <line num="4" count="54" type="stmt"/>
      </file>
      <file name="index.ts" path="/home/isaac/Documentos/Projetos/flashMemoryCards/src/utils/errorHandlers/index.ts">
        <metrics statements="0" coveredstatements="0" conditionals="0" coveredconditionals="0" methods="0" coveredmethods="0"/>
      </file>
      <file name="showError.ts" path="/home/isaac/Documentos/Projetos/flashMemoryCards/src/utils/errorHandlers/showError.ts">
        <metrics statements="2" coveredstatements="2" conditionals="2" coveredconditionals="1" methods="1" coveredmethods="1"/>
        <line num="3" count="7" type="stmt"/>
        <line num="8" count="54" type="cond" truecount="1" falsecount="1"/>
      </file>
    </package>
    <package name="utils.filters">
      <metrics statements="7" coveredstatements="3" conditionals="6" coveredconditionals="0" methods="1" coveredmethods="0"/>
      <file name="dates.ts" path="/home/isaac/Documentos/Projetos/flashMemoryCards/src/utils/filters/dates.ts">
        <metrics statements="7" coveredstatements="3" conditionals="6" coveredconditionals="0" methods="1" coveredmethods="0"/>
        <line num="3" count="2" type="stmt"/>
        <line num="4" count="2" type="stmt"/>
        <line num="6" count="2" type="stmt"/>
        <line num="7" count="0" type="stmt"/>
        <line num="15" count="0" type="stmt"/>
        <line num="23" count="0" type="stmt"/>
        <line num="25" count="0" type="cond" truecount="0" falsecount="2"/>
      </file>
      <file name="index.ts" path="/home/isaac/Documentos/Projetos/flashMemoryCards/src/utils/filters/index.ts">
        <metrics statements="0" coveredstatements="0" conditionals="0" coveredconditionals="0" methods="0" coveredmethods="0"/>
      </file>
    </package>
    <package name="utils.getContrastColor">
      <metrics statements="4" coveredstatements="4" conditionals="4" coveredconditionals="4" methods="1" coveredmethods="1"/>
      <file name="index.ts" path="/home/isaac/Documentos/Projetos/flashMemoryCards/src/utils/getContrastColor/index.ts">
        <metrics statements="4" coveredstatements="4" conditionals="4" coveredconditionals="4" methods="1" coveredmethods="1"/>
        <line num="5" count="2" type="stmt"/>
        <line num="10" count="20" type="stmt"/>
        <line num="14" count="20" type="stmt"/>
        <line num="19" count="20" type="cond" truecount="2" falsecount="0"/>
      </file>
    </package>
    <package name="utils.noteValidations">
      <metrics statements="16" coveredstatements="11" conditionals="10" coveredconditionals="4" methods="2" coveredmethods="1"/>
      <file name="index.ts" path="/home/isaac/Documentos/Projetos/flashMemoryCards/src/utils/noteValidations/index.ts">
        <metrics statements="9" coveredstatements="9" conditionals="6" coveredconditionals="4" methods="1" coveredmethods="1"/>
        <line num="3" count="3" type="stmt"/>
        <line num="5" count="3" type="stmt"/>
        <line num="12" count="3" type="stmt"/>
        <line num="13" count="10" type="cond" truecount="0" falsecount="1"/>
        <line num="14" count="10" type="stmt"/>
        <line num="15" count="10" type="stmt"/>
        <line num="17" count="10" type="cond" truecount="4" falsecount="1"/>
        <line num="18" count="10" type="stmt"/>
        <line num="26" count="10" type="stmt"/>
      </file>
      <file name="noteRevisionUpdate.ts" path="/home/isaac/Documentos/Projetos/flashMemoryCards/src/utils/noteValidations/noteRevisionUpdate.ts">
        <metrics statements="7" coveredstatements="2" conditionals="4" coveredconditionals="0" methods="1" coveredmethods="0"/>
        <line num="3" count="2" type="stmt"/>
        <line num="10" count="2" type="stmt"/>
        <line num="16" count="0" type="stmt"/>
        <line num="17" count="0" type="stmt"/>
        <line num="18" count="0" type="stmt"/>
        <line num="20" count="0" type="cond" truecount="0" falsecount="2"/>
        <line num="21" count="0" type="stmt"/>
      </file>
    </package>
    <package name="utils.notifications">
      <metrics statements="14" coveredstatements="3" conditionals="5" coveredconditionals="0" methods="6" coveredmethods="0"/>
      <file name="index.ts" path="/home/isaac/Documentos/Projetos/flashMemoryCards/src/utils/notifications/index.ts">
        <metrics statements="0" coveredstatements="0" conditionals="0" coveredconditionals="0" methods="0" coveredmethods="0"/>
      </file>
      <file name="notificationWrapper.tsx" path="/home/isaac/Documentos/Projetos/flashMemoryCards/src/utils/notifications/notificationWrapper.tsx">
        <metrics statements="7" coveredstatements="0" conditionals="4" coveredconditionals="0" methods="3" coveredmethods="0"/>
        <line num="7" count="0" type="stmt"/>
        <line num="8" count="0" type="stmt"/>
        <line num="9" count="0" type="stmt"/>
        <line num="11" count="0" type="cond" truecount="0" falsecount="4"/>
        <line num="12" count="0" type="stmt"/>
        <line num="18" count="0" type="stmt"/>
        <line num="30" count="0" type="stmt"/>
      </file>
      <file name="notifyNotes.ts" path="/home/isaac/Documentos/Projetos/flashMemoryCards/src/utils/notifications/notifyNotes.ts">
        <metrics statements="5" coveredstatements="2" conditionals="0" coveredconditionals="0" methods="2" coveredmethods="0"/>
        <line num="3" count="5" type="stmt"/>
        <line num="10" count="5" type="stmt"/>
        <line num="11" count="0" type="stmt"/>
        <line num="34" count="0" type="stmt"/>
        <line num="35" count="0" type="stmt"/>
      </file>
      <file name="scheduleNotification.ts" path="/home/isaac/Documentos/Projetos/flashMemoryCards/src/utils/notifications/scheduleNotification.ts">
        <metrics statements="2" coveredstatements="1" conditionals="1" coveredconditionals="0" methods="1" coveredmethods="0"/>
        <line num="3" count="5" type="stmt"/>
        <line num="10" count="0" type="stmt"/>
      </file>
    </package>
    <package name="utils.toastShow">
      <metrics statements="7" coveredstatements="1" conditionals="5" coveredconditionals="0" methods="2" coveredmethods="0"/>
      <file name="index.ts" path="/home/isaac/Documentos/Projetos/flashMemoryCards/src/utils/toastShow/index.ts">
        <metrics statements="7" coveredstatements="1" conditionals="5" coveredconditionals="0" methods="2" coveredmethods="0"/>
        <line num="3" count="5" type="stmt"/>
        <line num="8" count="0" type="stmt"/>
        <line num="9" count="0" type="cond" truecount="0" falsecount="4"/>
        <line num="11" count="0" type="stmt"/>
        <line num="13" count="0" type="stmt"/>
        <line num="16" count="0" type="stmt"/>
        <line num="20" count="0" type="stmt"/>
      </file>
    </package>
  </project>
</coverage>
