{"/home/isaac/Documentos/Projetos/flashMemoryCards/src/assets/materialCommunityIconList.js": {"path":"/home/isaac/Documentos/Projetos/flashMemoryCards/src/assets/materialCommunityIconList.js","statementMap":{},"fnMap":{},"branchMap":{},"s":{},"f":{},"b":{},"_coverageSchema":"1a1c01bbd47fc00a2c39e90264f33305004495a9","hash":"226a4e1797beb3d871b28718c038715c70a3c7b4"}
,"/home/isaac/Documentos/Projetos/flashMemoryCards/src/components/Button/index.tsx": {"path":"/home/isaac/Documentos/Projetos/flashMemoryCards/src/components/Button/index.tsx","statementMap":{"0":{"start":{"line":8,"column":15},"end":{"line":55,"column":1}},"1":{"start":{"line":19,"column":15},"end":{"line":19,"column":39}},"2":{"start":{"line":20,"column":22},"end":{"line":20,"column":59}},"3":{"start":{"line":22,"column":4},"end":{"line":24,"column":25}},"4":{"start":{"line":26,"column":26},"end":{"line":39,"column":3}},"5":{"start":{"line":28,"column":4},"end":{"line":37,"column":5}},"6":{"start":{"line":30,"column":8},"end":{"line":30,"column":72}},"7":{"start":{"line":31,"column":8},"end":{"line":31,"column":14}},"8":{"start":{"line":35,"column":8},"end":{"line":35,"column":26}},"9":{"start":{"line":36,"column":8},"end":{"line":36,"column":14}},"10":{"start":{"line":38,"column":4},"end":{"line":38,"column":24}},"11":{"start":{"line":41,"column":2},"end":{"line":54,"column":4}}},"fnMap":{"0":{"name":"(anonymous_0)","decl":{"start":{"line":8,"column":15},"end":{"line":8,"column":16}},"loc":{"start":{"line":18,"column":19},"end":{"line":55,"column":1}},"line":18},"1":{"name":"(anonymous_1)","decl":{"start":{"line":12,"column":12},"end":{"line":12,"column":13}},"loc":{"start":{"line":12,"column":18},"end":{"line":12,"column":20}},"line":12},"2":{"name":"(anonymous_2)","decl":{"start":{"line":26,"column":26},"end":{"line":26,"column":27}},"loc":{"start":{"line":26,"column":32},"end":{"line":39,"column":3}},"line":26}},"branchMap":{"0":{"loc":{"start":{"line":12,"column":2},"end":{"line":12,"column":20}},"type":"default-arg","locations":[{"start":{"line":12,"column":12},"end":{"line":12,"column":20}}],"line":12},"1":{"loc":{"start":{"line":16,"column":2},"end":{"line":16,"column":18}},"type":"default-arg","locations":[{"start":{"line":16,"column":13},"end":{"line":16,"column":18}}],"line":16},"2":{"loc":{"start":{"line":17,"column":2},"end":{"line":17,"column":17}},"type":"default-arg","locations":[{"start":{"line":17,"column":12},"end":{"line":17,"column":17}}],"line":17},"3":{"loc":{"start":{"line":19,"column":15},"end":{"line":19,"column":39}},"type":"binary-expr","locations":[{"start":{"line":19,"column":15},"end":{"line":19,"column":24}},{"start":{"line":19,"column":28},"end":{"line":19,"column":39}}],"line":19},"4":{"loc":{"start":{"line":20,"column":22},"end":{"line":20,"column":59}},"type":"binary-expr","locations":[{"start":{"line":20,"column":22},"end":{"line":20,"column":38}},{"start":{"line":20,"column":42},"end":{"line":20,"column":59}}],"line":20},"5":{"loc":{"start":{"line":22,"column":4},"end":{"line":24,"column":25}},"type":"cond-expr","locations":[{"start":{"line":23,"column":8},"end":{"line":23,"column":31}},{"start":{"line":24,"column":8},"end":{"line":24,"column":25}}],"line":22},"6":{"loc":{"start":{"line":22,"column":4},"end":{"line":22,"column":42}},"type":"binary-expr","locations":[{"start":{"line":22,"column":4},"end":{"line":22,"column":18}},{"start":{"line":22,"column":22},"end":{"line":22,"column":42}}],"line":22},"7":{"loc":{"start":{"line":28,"column":4},"end":{"line":37,"column":5}},"type":"switch","locations":[{"start":{"line":29,"column":6},"end":{"line":31,"column":14}},{"start":{"line":32,"column":6},"end":{"line":32,"column":23}},{"start":{"line":33,"column":6},"end":{"line":33,"column":18}},{"start":{"line":34,"column":6},"end":{"line":36,"column":14}}],"line":28},"8":{"loc":{"start":{"line":49,"column":19},"end":{"line":49,"column":58}},"type":"cond-expr","locations":[{"start":{"line":49,"column":42},"end":{"line":49,"column":53}},{"start":{"line":49,"column":56},"end":{"line":49,"column":58}}],"line":49}},"s":{"0":10,"1":39,"2":39,"3":39,"4":39,"5":39,"6":12,"7":12,"8":27,"9":27,"10":39,"11":39},"f":{"0":39,"1":0,"2":39},"b":{"0":[0],"1":[39],"2":[39],"3":[39,20],"4":[39,39],"5":[27,12],"6":[39,39],"7":[12,27,27,27],"8":[27,12]},"_coverageSchema":"1a1c01bbd47fc00a2c39e90264f33305004495a9","hash":"e16c40189e9e7b6c12d6b400ca36b4758d40d527"}
,"/home/isaac/Documentos/Projetos/flashMemoryCards/src/components/CategoryListCard/index.tsx": {"path":"/home/isaac/Documentos/Projetos/flashMemoryCards/src/components/CategoryListCard/index.tsx","statementMap":{"0":{"start":{"line":11,"column":25},"end":{"line":51,"column":1}},"1":{"start":{"line":21,"column":2},"end":{"line":50,"column":4}}},"fnMap":{"0":{"name":"(anonymous_0)","decl":{"start":{"line":11,"column":25},"end":{"line":11,"column":26}},"loc":{"start":{"line":20,"column":29},"end":{"line":51,"column":1}},"line":20}},"branchMap":{"0":{"loc":{"start":{"line":17,"column":2},"end":{"line":17,"column":25}},"type":"default-arg","locations":[{"start":{"line":17,"column":24},"end":{"line":17,"column":25}}],"line":17},"1":{"loc":{"start":{"line":27,"column":21},"end":{"line":27,"column":55}},"type":"binary-expr","locations":[{"start":{"line":27,"column":21},"end":{"line":27,"column":30}},{"start":{"line":27,"column":34},"end":{"line":27,"column":55}}],"line":27},"2":{"loc":{"start":{"line":43,"column":9},"end":{"line":47,"column":9}},"type":"binary-expr","locations":[{"start":{"line":43,"column":9},"end":{"line":43,"column":32}},{"start":{"line":44,"column":10},"end":{"line":46,"column":17}}],"line":43}},"s":{"0":1,"1":6},"f":{"0":6},"b":{"0":[0],"1":[6,0],"2":[6,0]},"_coverageSchema":"1a1c01bbd47fc00a2c39e90264f33305004495a9","hash":"13fc85a3f65c1144f66565a270a4423d45810226"}
,"/home/isaac/Documentos/Projetos/flashMemoryCards/src/components/CategoryListCard/styles.ts": {"path":"/home/isaac/Documentos/Projetos/flashMemoryCards/src/components/CategoryListCard/styles.ts","statementMap":{"0":{"start":{"line":4,"column":15},"end":{"line":66,"column":2}}},"fnMap":{},"branchMap":{},"s":{"0":1},"f":{},"b":{},"_coverageSchema":"1a1c01bbd47fc00a2c39e90264f33305004495a9","hash":"bdc9289685ec4d498effff2d2c0d494dc4503f28"}
,"/home/isaac/Documentos/Projetos/flashMemoryCards/src/components/ColorPicker/index.tsx": {"path":"/home/isaac/Documentos/Projetos/flashMemoryCards/src/components/ColorPicker/index.tsx","statementMap":{"0":{"start":{"line":15,"column":29},"end":{"line":95,"column":1}},"1":{"start":{"line":22,"column":38},"end":{"line":22,"column":53}},"2":{"start":{"line":23,"column":32},"end":{"line":23,"column":53}},"3":{"start":{"line":25,"column":31},"end":{"line":28,"column":3}},"4":{"start":{"line":26,"column":4},"end":{"line":26,"column":25}},"5":{"start":{"line":27,"column":4},"end":{"line":27,"column":42}},"6":{"start":{"line":30,"column":21},"end":{"line":30,"column":43}},"7":{"start":{"line":30,"column":27},"end":{"line":30,"column":43}},"8":{"start":{"line":31,"column":21},"end":{"line":31,"column":44}},"9":{"start":{"line":31,"column":27},"end":{"line":31,"column":44}},"10":{"start":{"line":33,"column":2},"end":{"line":94,"column":4}},"11":{"start":{"line":44,"column":43},"end":{"line":44,"column":55}},"12":{"start":{"line":88,"column":37},"end":{"line":88,"column":49}}},"fnMap":{"0":{"name":"(anonymous_0)","decl":{"start":{"line":15,"column":29},"end":{"line":15,"column":30}},"loc":{"start":{"line":21,"column":24},"end":{"line":95,"column":1}},"line":21},"1":{"name":"(anonymous_1)","decl":{"start":{"line":25,"column":31},"end":{"line":25,"column":32}},"loc":{"start":{"line":25,"column":50},"end":{"line":28,"column":3}},"line":25},"2":{"name":"(anonymous_2)","decl":{"start":{"line":30,"column":21},"end":{"line":30,"column":22}},"loc":{"start":{"line":30,"column":27},"end":{"line":30,"column":43}},"line":30},"3":{"name":"(anonymous_3)","decl":{"start":{"line":31,"column":21},"end":{"line":31,"column":22}},"loc":{"start":{"line":31,"column":27},"end":{"line":31,"column":44}},"line":31},"4":{"name":"(anonymous_4)","decl":{"start":{"line":44,"column":37},"end":{"line":44,"column":38}},"loc":{"start":{"line":44,"column":43},"end":{"line":44,"column":55}},"line":44},"5":{"name":"(anonymous_5)","decl":{"start":{"line":88,"column":31},"end":{"line":88,"column":32}},"loc":{"start":{"line":88,"column":37},"end":{"line":88,"column":49}},"line":88}},"branchMap":{"0":{"loc":{"start":{"line":16,"column":2},"end":{"line":16,"column":16}},"type":"default-arg","locations":[{"start":{"line":16,"column":10},"end":{"line":16,"column":16}}],"line":16},"1":{"loc":{"start":{"line":19,"column":2},"end":{"line":19,"column":15}},"type":"default-arg","locations":[{"start":{"line":19,"column":10},"end":{"line":19,"column":15}}],"line":19},"2":{"loc":{"start":{"line":20,"column":2},"end":{"line":20,"column":17}},"type":"default-arg","locations":[{"start":{"line":20,"column":15},"end":{"line":20,"column":17}}],"line":20},"3":{"loc":{"start":{"line":27,"column":4},"end":{"line":27,"column":41}},"type":"binary-expr","locations":[{"start":{"line":27,"column":4},"end":{"line":27,"column":17}},{"start":{"line":27,"column":21},"end":{"line":27,"column":41}}],"line":27},"4":{"loc":{"start":{"line":40,"column":22},"end":{"line":40,"column":74}},"type":"cond-expr","locations":[{"start":{"line":40,"column":30},"end":{"line":40,"column":48}},{"start":{"line":40,"column":51},"end":{"line":40,"column":74}}],"line":40},"5":{"loc":{"start":{"line":56,"column":9},"end":{"line":66,"column":9}},"type":"binary-expr","locations":[{"start":{"line":56,"column":9},"end":{"line":56,"column":30}},{"start":{"line":56,"column":34},"end":{"line":56,"column":42}},{"start":{"line":57,"column":10},"end":{"line":65,"column":17}}],"line":56}},"s":{"0":2,"1":12,"2":12,"3":12,"4":0,"5":0,"6":12,"7":0,"8":12,"9":0,"10":12,"11":0,"12":0},"f":{"0":12,"1":0,"2":0,"3":0,"4":0,"5":0},"b":{"0":[0],"1":[0],"2":[0],"3":[0,0],"4":[0,12],"5":[12,12,0]},"_coverageSchema":"1a1c01bbd47fc00a2c39e90264f33305004495a9","hash":"3e5c6ef88ca572fa2bf399bcbabcbd0dcca1147f"}
,"/home/isaac/Documentos/Projetos/flashMemoryCards/src/components/ColorPicker/styles.ts": {"path":"/home/isaac/Documentos/Projetos/flashMemoryCards/src/components/ColorPicker/styles.ts","statementMap":{"0":{"start":{"line":4,"column":15},"end":{"line":43,"column":2}}},"fnMap":{},"branchMap":{},"s":{"0":2},"f":{},"b":{},"_coverageSchema":"1a1c01bbd47fc00a2c39e90264f33305004495a9","hash":"56c5adff8dcc1fcd519e70d1991fb62ef557204c"}
,"/home/isaac/Documentos/Projetos/flashMemoryCards/src/components/DataInput/index.tsx": {"path":"/home/isaac/Documentos/Projetos/flashMemoryCards/src/components/DataInput/index.tsx","statementMap":{"0":{"start":{"line":8,"column":18},"end":{"line":49,"column":1}},"1":{"start":{"line":16,"column":26},"end":{"line":16,"column":48}},"2":{"start":{"line":17,"column":26},"end":{"line":17,"column":41}},"3":{"start":{"line":18,"column":2},"end":{"line":48,"column":4}},"4":{"start":{"line":20,"column":39},"end":{"line":20,"column":52}},"5":{"start":{"line":37,"column":10},"end":{"line":37,"column":25}},"6":{"start":{"line":38,"column":10},"end":{"line":38,"column":36}},"7":{"start":{"line":39,"column":10},"end":{"line":39,"column":30}},"8":{"start":{"line":42,"column":10},"end":{"line":42,"column":25}}},"fnMap":{"0":{"name":"(anonymous_0)","decl":{"start":{"line":8,"column":18},"end":{"line":8,"column":19}},"loc":{"start":{"line":15,"column":22},"end":{"line":49,"column":1}},"line":15},"1":{"name":"(anonymous_1)","decl":{"start":{"line":20,"column":33},"end":{"line":20,"column":34}},"loc":{"start":{"line":20,"column":39},"end":{"line":20,"column":52}},"line":20},"2":{"name":"(anonymous_2)","decl":{"start":{"line":24,"column":21},"end":{"line":24,"column":22}},"loc":{"start":{"line":24,"column":27},"end":{"line":24,"column":29}},"line":24},"3":{"name":"(anonymous_3)","decl":{"start":{"line":36,"column":19},"end":{"line":36,"column":20}},"loc":{"start":{"line":36,"column":33},"end":{"line":40,"column":9}},"line":36},"4":{"name":"(anonymous_4)","decl":{"start":{"line":41,"column":18},"end":{"line":41,"column":19}},"loc":{"start":{"line":41,"column":24},"end":{"line":43,"column":9}},"line":41}},"branchMap":{"0":{"loc":{"start":{"line":14,"column":2},"end":{"line":14,"column":21}},"type":"default-arg","locations":[{"start":{"line":14,"column":17},"end":{"line":14,"column":21}}],"line":14},"1":{"loc":{"start":{"line":26,"column":19},"end":{"line":26,"column":63}},"type":"cond-expr","locations":[{"start":{"line":26,"column":26},"end":{"line":26,"column":58}},{"start":{"line":26,"column":61},"end":{"line":26,"column":63}}],"line":26},"2":{"loc":{"start":{"line":35,"column":14},"end":{"line":35,"column":47}},"type":"cond-expr","locations":[{"start":{"line":35,"column":30},"end":{"line":35,"column":40}},{"start":{"line":35,"column":43},"end":{"line":35,"column":47}}],"line":35}},"s":{"0":2,"1":0,"2":0,"3":0,"4":0,"5":0,"6":0,"7":0,"8":0},"f":{"0":0,"1":0,"2":0,"3":0,"4":0},"b":{"0":[0],"1":[0,0],"2":[0,0]},"_coverageSchema":"1a1c01bbd47fc00a2c39e90264f33305004495a9","hash":"27101e7b5fba7d5dcc371de17c24902a53f76210"}
,"/home/isaac/Documentos/Projetos/flashMemoryCards/src/components/DataRangeInput/index.tsx": {"path":"/home/isaac/Documentos/Projetos/flashMemoryCards/src/components/DataRangeInput/index.tsx","statementMap":{"0":{"start":{"line":9,"column":23},"end":{"line":47,"column":1}},"1":{"start":{"line":17,"column":36},"end":{"line":17,"column":58}},"2":{"start":{"line":19,"column":2},"end":{"line":46,"column":4}},"3":{"start":{"line":25,"column":31},"end":{"line":25,"column":57}},"4":{"start":{"line":26,"column":10},"end":{"line":26,"column":37}},"5":{"start":{"line":27,"column":10},"end":{"line":27,"column":38}},"6":{"start":{"line":37,"column":31},"end":{"line":37,"column":56}},"7":{"start":{"line":38,"column":10},"end":{"line":38,"column":37}},"8":{"start":{"line":39,"column":10},"end":{"line":39,"column":38}}},"fnMap":{"0":{"name":"(anonymous_0)","decl":{"start":{"line":9,"column":23},"end":{"line":9,"column":24}},"loc":{"start":{"line":16,"column":27},"end":{"line":47,"column":1}},"line":16},"1":{"name":"(anonymous_1)","decl":{"start":{"line":24,"column":23},"end":{"line":24,"column":24}},"loc":{"start":{"line":24,"column":37},"end":{"line":28,"column":9}},"line":24},"2":{"name":"(anonymous_2)","decl":{"start":{"line":36,"column":23},"end":{"line":36,"column":24}},"loc":{"start":{"line":36,"column":37},"end":{"line":40,"column":9}},"line":36}},"branchMap":{"0":{"loc":{"start":{"line":12,"column":2},"end":{"line":15,"column":3}},"type":"default-arg","locations":[{"start":{"line":12,"column":17},"end":{"line":15,"column":3}}],"line":12}},"s":{"0":2,"1":0,"2":0,"3":0,"4":0,"5":0,"6":0,"7":0,"8":0},"f":{"0":0,"1":0,"2":0},"b":{"0":[0]},"_coverageSchema":"1a1c01bbd47fc00a2c39e90264f33305004495a9","hash":"99097d1bb52d7e569402d168bd049ae22dfeba87"}
,"/home/isaac/Documentos/Projetos/flashMemoryCards/src/components/DataRangeInput/styles.ts": {"path":"/home/isaac/Documentos/Projetos/flashMemoryCards/src/components/DataRangeInput/styles.ts","statementMap":{"0":{"start":{"line":3,"column":15},"end":{"line":15,"column":2}}},"fnMap":{},"branchMap":{},"s":{"0":2},"f":{},"b":{},"_coverageSchema":"1a1c01bbd47fc00a2c39e90264f33305004495a9","hash":"8608b42beb78302b3789e7c35f284c1b6a906e90"}
,"/home/isaac/Documentos/Projetos/flashMemoryCards/src/components/DefaultContainerView/index.tsx": {"path":"/home/isaac/Documentos/Projetos/flashMemoryCards/src/components/DefaultContainerView/index.tsx","statementMap":{"0":{"start":{"line":8,"column":29},"end":{"line":33,"column":1}},"1":{"start":{"line":13,"column":2},"end":{"line":32,"column":4}},"2":{"start":{"line":17,"column":12},"end":{"line":23,"column":20}}},"fnMap":{"0":{"name":"(anonymous_0)","decl":{"start":{"line":8,"column":29},"end":{"line":8,"column":30}},"loc":{"start":{"line":12,"column":33},"end":{"line":33,"column":1}},"line":12},"1":{"name":"(anonymous_1)","decl":{"start":{"line":16,"column":23},"end":{"line":16,"column":24}},"loc":{"start":{"line":17,"column":12},"end":{"line":23,"column":20}},"line":17}},"branchMap":{"0":{"loc":{"start":{"line":15,"column":7},"end":{"line":30,"column":14}},"type":"cond-expr","locations":[{"start":{"line":16,"column":10},"end":{"line":24,"column":11}},{"start":{"line":25,"column":10},"end":{"line":30,"column":14}}],"line":15},"1":{"loc":{"start":{"line":17,"column":12},"end":{"line":23,"column":20}},"type":"cond-expr","locations":[{"start":{"line":18,"column":16},"end":{"line":22,"column":18}},{"start":{"line":23,"column":16},"end":{"line":23,"column":20}}],"line":17},"2":{"loc":{"start":{"line":25,"column":10},"end":{"line":30,"column":14}},"type":"cond-expr","locations":[{"start":{"line":26,"column":10},"end":{"line":29,"column":12}},{"start":{"line":30,"column":10},"end":{"line":30,"column":14}}],"line":25}},"s":{"0":7,"1":30,"2":46},"f":{"0":30,"1":46},"b":{"0":[17,13],"1":[46,0],"2":[13,0]},"_coverageSchema":"1a1c01bbd47fc00a2c39e90264f33305004495a9","hash":"ea36c9be2d667113284026c38c34bc18b07336ca"}
,"/home/isaac/Documentos/Projetos/flashMemoryCards/src/components/DefaultContainerView/styles.ts": {"path":"/home/isaac/Documentos/Projetos/flashMemoryCards/src/components/DefaultContainerView/styles.ts","statementMap":{"0":{"start":{"line":4,"column":15},"end":{"line":13,"column":2}}},"fnMap":{},"branchMap":{},"s":{"0":7},"f":{},"b":{},"_coverageSchema":"1a1c01bbd47fc00a2c39e90264f33305004495a9","hash":"dc924278305f880dc2eaf8bedab5dbbd097f0f72"}
,"/home/isaac/Documentos/Projetos/flashMemoryCards/src/components/Dialog/index.tsx": {"path":"/home/isaac/Documentos/Projetos/flashMemoryCards/src/components/Dialog/index.tsx","statementMap":{"0":{"start":{"line":9,"column":15},"end":{"line":57,"column":1}},"1":{"start":{"line":17,"column":2},"end":{"line":56,"column":4}},"2":{"start":{"line":23,"column":14},"end":{"line":29,"column":22}},"3":{"start":{"line":41,"column":16},"end":{"line":49,"column":18}}},"fnMap":{"0":{"name":"(anonymous_0)","decl":{"start":{"line":9,"column":15},"end":{"line":9,"column":16}},"loc":{"start":{"line":16,"column":19},"end":{"line":57,"column":1}},"line":16},"1":{"name":"(anonymous_1)","decl":{"start":{"line":22,"column":25},"end":{"line":22,"column":26}},"loc":{"start":{"line":23,"column":14},"end":{"line":29,"column":22}},"line":23},"2":{"name":"(anonymous_2)","decl":{"start":{"line":40,"column":14},"end":{"line":40,"column":15}},"loc":{"start":{"line":41,"column":16},"end":{"line":49,"column":18}},"line":41}},"branchMap":{"0":{"loc":{"start":{"line":21,"column":9},"end":{"line":36,"column":16}},"type":"cond-expr","locations":[{"start":{"line":22,"column":12},"end":{"line":30,"column":13}},{"start":{"line":31,"column":12},"end":{"line":36,"column":16}}],"line":21},"1":{"loc":{"start":{"line":23,"column":14},"end":{"line":29,"column":22}},"type":"cond-expr","locations":[{"start":{"line":24,"column":18},"end":{"line":28,"column":20}},{"start":{"line":29,"column":18},"end":{"line":29,"column":22}}],"line":23},"2":{"loc":{"start":{"line":31,"column":12},"end":{"line":36,"column":16}},"type":"cond-expr","locations":[{"start":{"line":32,"column":12},"end":{"line":35,"column":14}},{"start":{"line":36,"column":12},"end":{"line":36,"column":16}}],"line":31},"3":{"loc":{"start":{"line":40,"column":49},"end":{"line":40,"column":64}},"type":"default-arg","locations":[{"start":{"line":40,"column":59},"end":{"line":40,"column":64}}],"line":40},"4":{"loc":{"start":{"line":44,"column":54},"end":{"line":44,"column":73}},"type":"cond-expr","locations":[{"start":{"line":44,"column":68},"end":{"line":44,"column":69}},{"start":{"line":44,"column":72},"end":{"line":44,"column":73}}],"line":44}},"s":{"0":4,"1":22,"2":0,"3":44},"f":{"0":22,"1":0,"2":44},"b":{"0":[0,22],"1":[0,0],"2":[22,0],"3":[39],"4":[22,22]},"_coverageSchema":"1a1c01bbd47fc00a2c39e90264f33305004495a9","hash":"2a3afcbc722839120e511b8bee93fa9009ca3120"}
,"/home/isaac/Documentos/Projetos/flashMemoryCards/src/components/Dialog/styles.ts": {"path":"/home/isaac/Documentos/Projetos/flashMemoryCards/src/components/Dialog/styles.ts","statementMap":{"0":{"start":{"line":4,"column":15},"end":{"line":18,"column":2}}},"fnMap":{},"branchMap":{},"s":{"0":4},"f":{},"b":{},"_coverageSchema":"1a1c01bbd47fc00a2c39e90264f33305004495a9","hash":"397cd4c14b7dbab828001be01b54dd6128c47b23"}
,"/home/isaac/Documentos/Projetos/flashMemoryCards/src/components/EmpytListMessage/index.tsx": {"path":"/home/isaac/Documentos/Projetos/flashMemoryCards/src/components/EmpytListMessage/index.tsx","statementMap":{"0":{"start":{"line":10,"column":25},"end":{"line":26,"column":1}},"1":{"start":{"line":11,"column":2},"end":{"line":25,"column":4}}},"fnMap":{"0":{"name":"(anonymous_0)","decl":{"start":{"line":10,"column":25},"end":{"line":10,"column":26}},"loc":{"start":{"line":10,"column":77},"end":{"line":26,"column":1}},"line":10}},"branchMap":{},"s":{"0":2,"1":0},"f":{"0":0},"b":{},"_coverageSchema":"1a1c01bbd47fc00a2c39e90264f33305004495a9","hash":"0a4360d03a19f0b7f8c804c60ea1787dcda96402"}
,"/home/isaac/Documentos/Projetos/flashMemoryCards/src/components/EmpytListMessage/styles.ts": {"path":"/home/isaac/Documentos/Projetos/flashMemoryCards/src/components/EmpytListMessage/styles.ts","statementMap":{"0":{"start":{"line":4,"column":15},"end":{"line":21,"column":2}}},"fnMap":{},"branchMap":{},"s":{"0":2},"f":{},"b":{},"_coverageSchema":"1a1c01bbd47fc00a2c39e90264f33305004495a9","hash":"85229b6ea194497328bb6bfcc7773f7437ec7871"}
,"/home/isaac/Documentos/Projetos/flashMemoryCards/src/components/EmpytMessage/index.tsx": {"path":"/home/isaac/Documentos/Projetos/flashMemoryCards/src/components/EmpytMessage/index.tsx","statementMap":{"0":{"start":{"line":16,"column":21},"end":{"line":46,"column":1}},"1":{"start":{"line":22,"column":23},"end":{"line":22,"column":40}},"2":{"start":{"line":24,"column":2},"end":{"line":26,"column":5}},"3":{"start":{"line":25,"column":4},"end":{"line":25,"column":80}},"4":{"start":{"line":28,"column":24},"end":{"line":32,"column":4}},"5":{"start":{"line":29,"column":4},"end":{"line":31,"column":6}},"6":{"start":{"line":34,"column":2},"end":{"line":45,"column":4}}},"fnMap":{"0":{"name":"(anonymous_0)","decl":{"start":{"line":16,"column":21},"end":{"line":16,"column":22}},"loc":{"start":{"line":21,"column":25},"end":{"line":46,"column":1}},"line":21},"1":{"name":"(anonymous_1)","decl":{"start":{"line":24,"column":12},"end":{"line":24,"column":13}},"loc":{"start":{"line":24,"column":18},"end":{"line":26,"column":3}},"line":24},"2":{"name":"(anonymous_2)","decl":{"start":{"line":28,"column":41},"end":{"line":28,"column":42}},"loc":{"start":{"line":28,"column":47},"end":{"line":32,"column":3}},"line":28}},"branchMap":{"0":{"loc":{"start":{"line":41,"column":7},"end":{"line":43,"column":7}},"type":"binary-expr","locations":[{"start":{"line":41,"column":7},"end":{"line":41,"column":18}},{"start":{"line":41,"column":22},"end":{"line":41,"column":35}},{"start":{"line":42,"column":8},"end":{"line":42,"column":62}}],"line":41}},"s":{"0":4,"1":0,"2":0,"3":0,"4":0,"5":0,"6":0},"f":{"0":0,"1":0,"2":0},"b":{"0":[0,0,0]},"_coverageSchema":"1a1c01bbd47fc00a2c39e90264f33305004495a9","hash":"06c48b3234dd012d1a15596124f0a630e20b7661"}
,"/home/isaac/Documentos/Projetos/flashMemoryCards/src/components/EmpytMessage/styles.ts": {"path":"/home/isaac/Documentos/Projetos/flashMemoryCards/src/components/EmpytMessage/styles.ts","statementMap":{"0":{"start":{"line":4,"column":15},"end":{"line":28,"column":2}}},"fnMap":{},"branchMap":{},"s":{"0":4},"f":{},"b":{},"_coverageSchema":"1a1c01bbd47fc00a2c39e90264f33305004495a9","hash":"7541b87c9263496453acee03ae089d5d1726e887"}
,"/home/isaac/Documentos/Projetos/flashMemoryCards/src/components/ErrorBoundary/index.tsx": {"path":"/home/isaac/Documentos/Projetos/flashMemoryCards/src/components/ErrorBoundary/index.tsx","statementMap":{"0":{"start":{"line":10,"column":4},"end":{"line":10,"column":17}},"1":{"start":{"line":11,"column":4},"end":{"line":11,"column":35}},"2":{"start":{"line":15,"column":4},"end":{"line":15,"column":28}},"3":{"start":{"line":19,"column":4},"end":{"line":19,"column":44}},"4":{"start":{"line":23,"column":4},"end":{"line":25,"column":5}},"5":{"start":{"line":24,"column":6},"end":{"line":24,"column":33}},"6":{"start":{"line":27,"column":4},"end":{"line":27,"column":31}}},"fnMap":{"0":{"name":"(anonymous_0)","decl":{"start":{"line":9,"column":2},"end":{"line":9,"column":3}},"loc":{"start":{"line":9,"column":41},"end":{"line":12,"column":3}},"line":9},"1":{"name":"(anonymous_1)","decl":{"start":{"line":14,"column":2},"end":{"line":14,"column":3}},"loc":{"start":{"line":14,"column":69},"end":{"line":16,"column":3}},"line":14},"2":{"name":"(anonymous_2)","decl":{"start":{"line":18,"column":2},"end":{"line":18,"column":3}},"loc":{"start":{"line":18,"column":57},"end":{"line":20,"column":3}},"line":18},"3":{"name":"(anonymous_3)","decl":{"start":{"line":22,"column":2},"end":{"line":22,"column":3}},"loc":{"start":{"line":22,"column":22},"end":{"line":28,"column":3}},"line":22}},"branchMap":{"0":{"loc":{"start":{"line":23,"column":4},"end":{"line":25,"column":5}},"type":"if","locations":[{"start":{"line":23,"column":4},"end":{"line":25,"column":5}},{"start":{},"end":{}}],"line":23}},"s":{"0":25,"1":25,"2":2,"3":2,"4":33,"5":2,"6":31},"f":{"0":25,"1":2,"2":2,"3":33},"b":{"0":[2,31]},"_coverageSchema":"1a1c01bbd47fc00a2c39e90264f33305004495a9","hash":"8a75ae8309fe867b35fd18942455f78c5748e049"}
,"/home/isaac/Documentos/Projetos/flashMemoryCards/src/components/ErrorWarning/index.tsx": {"path":"/home/isaac/Documentos/Projetos/flashMemoryCards/src/components/ErrorWarning/index.tsx","statementMap":{"0":{"start":{"line":8,"column":21},"end":{"line":13,"column":10}},"1":{"start":{"line":9,"column":2},"end":{"line":13,"column":10}}},"fnMap":{"0":{"name":"(anonymous_0)","decl":{"start":{"line":8,"column":21},"end":{"line":8,"column":22}},"loc":{"start":{"line":9,"column":2},"end":{"line":13,"column":10}},"line":9}},"branchMap":{"0":{"loc":{"start":{"line":8,"column":23},"end":{"line":8,"column":35}},"type":"default-arg","locations":[{"start":{"line":8,"column":30},"end":{"line":8,"column":35}}],"line":8},"1":{"loc":{"start":{"line":8,"column":37},"end":{"line":8,"column":47}},"type":"default-arg","locations":[{"start":{"line":8,"column":45},"end":{"line":8,"column":47}}],"line":8},"2":{"loc":{"start":{"line":9,"column":2},"end":{"line":13,"column":10}},"type":"cond-expr","locations":[{"start":{"line":10,"column":4},"end":{"line":12,"column":11}},{"start":{"line":13,"column":6},"end":{"line":13,"column":10}}],"line":9}},"s":{"0":7,"1":66},"f":{"0":66},"b":{"0":[0],"1":[0],"2":[0,66]},"_coverageSchema":"1a1c01bbd47fc00a2c39e90264f33305004495a9","hash":"9ee780851ea43450413ec776298eb24753b6e839"}
,"/home/isaac/Documentos/Projetos/flashMemoryCards/src/components/ErrorWarning/styles.ts": {"path":"/home/isaac/Documentos/Projetos/flashMemoryCards/src/components/ErrorWarning/styles.ts","statementMap":{"0":{"start":{"line":4,"column":15},"end":{"line":13,"column":2}}},"fnMap":{},"branchMap":{},"s":{"0":7},"f":{},"b":{},"_coverageSchema":"1a1c01bbd47fc00a2c39e90264f33305004495a9","hash":"8fc381ebc623f620abd5f250c26cdd574ebe5485"}
,"/home/isaac/Documentos/Projetos/flashMemoryCards/src/components/FloatingAddButton/index.tsx": {"path":"/home/isaac/Documentos/Projetos/flashMemoryCards/src/components/FloatingAddButton/index.tsx","statementMap":{"0":{"start":{"line":11,"column":26},"end":{"line":24,"column":1}},"1":{"start":{"line":15,"column":2},"end":{"line":23,"column":4}},"2":{"start":{"line":19,"column":23},"end":{"line":19,"column":68}}},"fnMap":{"0":{"name":"(anonymous_0)","decl":{"start":{"line":11,"column":26},"end":{"line":11,"column":27}},"loc":{"start":{"line":14,"column":30},"end":{"line":24,"column":1}},"line":14},"1":{"name":"(anonymous_1)","decl":{"start":{"line":19,"column":17},"end":{"line":19,"column":18}},"loc":{"start":{"line":19,"column":23},"end":{"line":19,"column":68}},"line":19}},"branchMap":{"0":{"loc":{"start":{"line":13,"column":2},"end":{"line":13,"column":13}},"type":"default-arg","locations":[{"start":{"line":13,"column":11},"end":{"line":13,"column":13}}],"line":13}},"s":{"0":4,"1":20,"2":1},"f":{"0":20,"1":1},"b":{"0":[17]},"_coverageSchema":"1a1c01bbd47fc00a2c39e90264f33305004495a9","hash":"07a8c31976451785faf459661f186283c881ee36"}
,"/home/isaac/Documentos/Projetos/flashMemoryCards/src/components/FloatingAddButton/styles.ts": {"path":"/home/isaac/Documentos/Projetos/flashMemoryCards/src/components/FloatingAddButton/styles.ts","statementMap":{"0":{"start":{"line":4,"column":15},"end":{"line":16,"column":2}}},"fnMap":{},"branchMap":{},"s":{"0":4},"f":{},"b":{},"_coverageSchema":"1a1c01bbd47fc00a2c39e90264f33305004495a9","hash":"bd1ddf4bee09c3083054c69914a80a1a346b1985"}
,"/home/isaac/Documentos/Projetos/flashMemoryCards/src/components/Form/index.tsx": {"path":"/home/isaac/Documentos/Projetos/flashMemoryCards/src/components/Form/index.tsx","statementMap":{"0":{"start":{"line":6,"column":13},"end":{"line":10,"column":1}},"1":{"start":{"line":7,"column":2},"end":{"line":9,"column":11}}},"fnMap":{"0":{"name":"(anonymous_0)","decl":{"start":{"line":6,"column":13},"end":{"line":6,"column":14}},"loc":{"start":{"line":7,"column":2},"end":{"line":9,"column":11}},"line":7}},"branchMap":{},"s":{"0":7,"1":18},"f":{"0":18},"b":{},"_coverageSchema":"1a1c01bbd47fc00a2c39e90264f33305004495a9","hash":"bb81fdb56097ae305f0a3fe17a5c2e1a8a6c382f"}
,"/home/isaac/Documentos/Projetos/flashMemoryCards/src/components/Form/styles.ts": {"path":"/home/isaac/Documentos/Projetos/flashMemoryCards/src/components/Form/styles.ts","statementMap":{"0":{"start":{"line":4,"column":15},"end":{"line":66,"column":2}}},"fnMap":{},"branchMap":{},"s":{"0":0},"f":{},"b":{}}
,"/home/isaac/Documentos/Projetos/flashMemoryCards/src/components/IconButton/index.tsx": {"path":"/home/isaac/Documentos/Projetos/flashMemoryCards/src/components/IconButton/index.tsx","statementMap":{"0":{"start":{"line":8,"column":19},"end":{"line":50,"column":1}},"1":{"start":{"line":18,"column":15},"end":{"line":18,"column":38}},"2":{"start":{"line":21,"column":4},"end":{"line":22,"column":71}},"3":{"start":{"line":24,"column":26},"end":{"line":38,"column":3}},"4":{"start":{"line":26,"column":4},"end":{"line":36,"column":5}},"5":{"start":{"line":28,"column":8},"end":{"line":28,"column":72}},"6":{"start":{"line":29,"column":8},"end":{"line":29,"column":14}},"7":{"start":{"line":31,"column":8},"end":{"line":31,"column":79}},"8":{"start":{"line":32,"column":8},"end":{"line":32,"column":14}},"9":{"start":{"line":34,"column":8},"end":{"line":34,"column":26}},"10":{"start":{"line":35,"column":8},"end":{"line":35,"column":14}},"11":{"start":{"line":37,"column":4},"end":{"line":37,"column":24}},"12":{"start":{"line":40,"column":2},"end":{"line":49,"column":4}}},"fnMap":{"0":{"name":"(anonymous_0)","decl":{"start":{"line":8,"column":19},"end":{"line":8,"column":20}},"loc":{"start":{"line":17,"column":19},"end":{"line":50,"column":1}},"line":17},"1":{"name":"(anonymous_1)","decl":{"start":{"line":12,"column":12},"end":{"line":12,"column":13}},"loc":{"start":{"line":12,"column":18},"end":{"line":12,"column":20}},"line":12},"2":{"name":"(anonymous_2)","decl":{"start":{"line":24,"column":26},"end":{"line":24,"column":27}},"loc":{"start":{"line":24,"column":32},"end":{"line":38,"column":3}},"line":24}},"branchMap":{"0":{"loc":{"start":{"line":12,"column":2},"end":{"line":12,"column":20}},"type":"default-arg","locations":[{"start":{"line":12,"column":12},"end":{"line":12,"column":20}}],"line":12},"1":{"loc":{"start":{"line":16,"column":2},"end":{"line":16,"column":18}},"type":"default-arg","locations":[{"start":{"line":16,"column":13},"end":{"line":16,"column":18}}],"line":16},"2":{"loc":{"start":{"line":18,"column":15},"end":{"line":18,"column":38}},"type":"binary-expr","locations":[{"start":{"line":18,"column":15},"end":{"line":18,"column":24}},{"start":{"line":18,"column":28},"end":{"line":18,"column":38}}],"line":18},"3":{"loc":{"start":{"line":21,"column":4},"end":{"line":22,"column":71}},"type":"binary-expr","locations":[{"start":{"line":21,"column":4},"end":{"line":21,"column":18}},{"start":{"line":22,"column":5},"end":{"line":22,"column":70}}],"line":21},"4":{"loc":{"start":{"line":22,"column":5},"end":{"line":22,"column":70}},"type":"cond-expr","locations":[{"start":{"line":22,"column":27},"end":{"line":22,"column":44}},{"start":{"line":22,"column":47},"end":{"line":22,"column":70}}],"line":22},"5":{"loc":{"start":{"line":26,"column":4},"end":{"line":36,"column":5}},"type":"switch","locations":[{"start":{"line":27,"column":6},"end":{"line":29,"column":14}},{"start":{"line":30,"column":6},"end":{"line":32,"column":14}},{"start":{"line":33,"column":6},"end":{"line":35,"column":14}}],"line":26},"6":{"loc":{"start":{"line":31,"column":41},"end":{"line":31,"column":77}},"type":"binary-expr","locations":[{"start":{"line":31,"column":41},"end":{"line":31,"column":56}},{"start":{"line":31,"column":60},"end":{"line":31,"column":77}}],"line":31},"7":{"loc":{"start":{"line":45,"column":12},"end":{"line":45,"column":48}},"type":"binary-expr","locations":[{"start":{"line":45,"column":12},"end":{"line":45,"column":20}},{"start":{"line":45,"column":24},"end":{"line":45,"column":48}}],"line":45}},"s":{"0":5,"1":24,"2":24,"3":24,"4":24,"5":0,"6":0,"7":24,"8":24,"9":0,"10":0,"11":24,"12":24},"f":{"0":24,"1":0,"2":24},"b":{"0":[0],"1":[24],"2":[24,0],"3":[24,24],"4":[0,24],"5":[0,24,0],"6":[24,24],"7":[24,0]},"_coverageSchema":"1a1c01bbd47fc00a2c39e90264f33305004495a9","hash":"14b20e1808c7db421f891153ae30c7fe8a476c9a"}
,"/home/isaac/Documentos/Projetos/flashMemoryCards/src/components/InfoContainer/index.tsx": {"path":"/home/isaac/Documentos/Projetos/flashMemoryCards/src/components/InfoContainer/index.tsx","statementMap":{"0":{"start":{"line":11,"column":25},"end":{"line":13,"column":8}},"1":{"start":{"line":15,"column":22},"end":{"line":29,"column":10}},"2":{"start":{"line":20,"column":2},"end":{"line":29,"column":10}}},"fnMap":{"0":{"name":"(anonymous_0)","decl":{"start":{"line":15,"column":22},"end":{"line":15,"column":23}},"loc":{"start":{"line":20,"column":2},"end":{"line":29,"column":10}},"line":20}},"branchMap":{"0":{"loc":{"start":{"line":16,"column":2},"end":{"line":16,"column":13}},"type":"default-arg","locations":[{"start":{"line":16,"column":9},"end":{"line":16,"column":13}}],"line":16},"1":{"loc":{"start":{"line":17,"column":2},"end":{"line":17,"column":14}},"type":"default-arg","locations":[{"start":{"line":17,"column":12},"end":{"line":17,"column":14}}],"line":17},"2":{"loc":{"start":{"line":18,"column":2},"end":{"line":18,"column":16}},"type":"default-arg","locations":[{"start":{"line":18,"column":10},"end":{"line":18,"column":16}}],"line":18},"3":{"loc":{"start":{"line":20,"column":2},"end":{"line":29,"column":10}},"type":"cond-expr","locations":[{"start":{"line":21,"column":4},"end":{"line":28,"column":11}},{"start":{"line":29,"column":6},"end":{"line":29,"column":10}}],"line":20}},"s":{"0":1,"1":1,"2":7},"f":{"0":7},"b":{"0":[7],"1":[0],"2":[7],"3":[7,0]},"_coverageSchema":"1a1c01bbd47fc00a2c39e90264f33305004495a9","hash":"c846d729a98d22c9b6a301f9bf231e3084277dcd"}
,"/home/isaac/Documentos/Projetos/flashMemoryCards/src/components/InfoContainer/styles.ts": {"path":"/home/isaac/Documentos/Projetos/flashMemoryCards/src/components/InfoContainer/styles.ts","statementMap":{"0":{"start":{"line":4,"column":15},"end":{"line":20,"column":2}}},"fnMap":{},"branchMap":{},"s":{"0":1},"f":{},"b":{},"_coverageSchema":"1a1c01bbd47fc00a2c39e90264f33305004495a9","hash":"a2110af4c0bc3185fe49d36e887f67f7d445f3ff"}
,"/home/isaac/Documentos/Projetos/flashMemoryCards/src/components/InlineField/index.tsx": {"path":"/home/isaac/Documentos/Projetos/flashMemoryCards/src/components/InlineField/index.tsx","statementMap":{"0":{"start":{"line":7,"column":20},"end":{"line":16,"column":1}},"1":{"start":{"line":8,"column":2},"end":{"line":15,"column":4}}},"fnMap":{"0":{"name":"(anonymous_0)","decl":{"start":{"line":7,"column":20},"end":{"line":7,"column":21}},"loc":{"start":{"line":7,"column":60},"end":{"line":16,"column":1}},"line":7}},"branchMap":{},"s":{"0":2,"1":40},"f":{"0":40},"b":{},"_coverageSchema":"1a1c01bbd47fc00a2c39e90264f33305004495a9","hash":"3576178a80cdd124ef4c8e11fbf6c09d1dc6a16a"}
,"/home/isaac/Documentos/Projetos/flashMemoryCards/src/components/InlineField/styles.ts": {"path":"/home/isaac/Documentos/Projetos/flashMemoryCards/src/components/InlineField/styles.ts","statementMap":{"0":{"start":{"line":4,"column":15},"end":{"line":22,"column":2}}},"fnMap":{},"branchMap":{},"s":{"0":2},"f":{},"b":{},"_coverageSchema":"1a1c01bbd47fc00a2c39e90264f33305004495a9","hash":"54cfbf9b2d88ba166bafc936a22c6a134304c8cd"}
,"/home/isaac/Documentos/Projetos/flashMemoryCards/src/components/InlineFieldChips/index.tsx": {"path":"/home/isaac/Documentos/Projetos/flashMemoryCards/src/components/InlineFieldChips/index.tsx","statementMap":{"0":{"start":{"line":9,"column":25},"end":{"line":28,"column":1}},"1":{"start":{"line":10,"column":2},"end":{"line":27,"column":4}},"2":{"start":{"line":14,"column":26},"end":{"line":14,"column":49}},"3":{"start":{"line":16,"column":8},"end":{"line":24,"column":10}}},"fnMap":{"0":{"name":"(anonymous_0)","decl":{"start":{"line":9,"column":25},"end":{"line":9,"column":26}},"loc":{"start":{"line":9,"column":78},"end":{"line":28,"column":1}},"line":9},"1":{"name":"(anonymous_1)","decl":{"start":{"line":13,"column":27},"end":{"line":13,"column":28}},"loc":{"start":{"line":13,"column":49},"end":{"line":25,"column":7}},"line":13}},"branchMap":{},"s":{"0":2,"1":10,"2":20,"3":20},"f":{"0":10,"1":20},"b":{},"_coverageSchema":"1a1c01bbd47fc00a2c39e90264f33305004495a9","hash":"1be2fd26df7e80a542dbd6760da725ae6e96900b"}
,"/home/isaac/Documentos/Projetos/flashMemoryCards/src/components/InlineFieldChips/styles.ts": {"path":"/home/isaac/Documentos/Projetos/flashMemoryCards/src/components/InlineFieldChips/styles.ts","statementMap":{"0":{"start":{"line":4,"column":15},"end":{"line":31,"column":2}}},"fnMap":{},"branchMap":{},"s":{"0":2},"f":{},"b":{},"_coverageSchema":"1a1c01bbd47fc00a2c39e90264f33305004495a9","hash":"989aeaed1100a08dfb7a4b4abc23e77e889b77e6"}
,"/home/isaac/Documentos/Projetos/flashMemoryCards/src/components/LinearGradientView/index.tsx": {"path":"/home/isaac/Documentos/Projetos/flashMemoryCards/src/components/LinearGradientView/index.tsx","statementMap":{"0":{"start":{"line":7,"column":27},"end":{"line":35,"column":1}},"1":{"start":{"line":13,"column":2},"end":{"line":34,"column":4}},"2":{"start":{"line":19,"column":12},"end":{"line":25,"column":20}}},"fnMap":{"0":{"name":"(anonymous_0)","decl":{"start":{"line":7,"column":27},"end":{"line":7,"column":28}},"loc":{"start":{"line":12,"column":31},"end":{"line":35,"column":1}},"line":12},"1":{"name":"(anonymous_1)","decl":{"start":{"line":18,"column":23},"end":{"line":18,"column":24}},"loc":{"start":{"line":19,"column":12},"end":{"line":25,"column":20}},"line":19}},"branchMap":{"0":{"loc":{"start":{"line":8,"column":2},"end":{"line":8,"column":59}},"type":"default-arg","locations":[{"start":{"line":8,"column":11},"end":{"line":8,"column":59}}],"line":8},"1":{"loc":{"start":{"line":17,"column":7},"end":{"line":32,"column":14}},"type":"cond-expr","locations":[{"start":{"line":18,"column":10},"end":{"line":26,"column":11}},{"start":{"line":27,"column":10},"end":{"line":32,"column":14}}],"line":17},"2":{"loc":{"start":{"line":19,"column":12},"end":{"line":25,"column":20}},"type":"cond-expr","locations":[{"start":{"line":20,"column":16},"end":{"line":24,"column":18}},{"start":{"line":25,"column":16},"end":{"line":25,"column":20}}],"line":19},"3":{"loc":{"start":{"line":27,"column":10},"end":{"line":32,"column":14}},"type":"cond-expr","locations":[{"start":{"line":28,"column":10},"end":{"line":31,"column":12}},{"start":{"line":32,"column":10},"end":{"line":32,"column":14}}],"line":27}},"s":{"0":3,"1":11,"2":0},"f":{"0":11,"1":0},"b":{"0":[11],"1":[0,11],"2":[0,0],"3":[11,0]},"_coverageSchema":"1a1c01bbd47fc00a2c39e90264f33305004495a9","hash":"d4818bc84262752cd8d43ca5b7979971935e4c9b"}
,"/home/isaac/Documentos/Projetos/flashMemoryCards/src/components/LinearGradientView/styles.ts": {"path":"/home/isaac/Documentos/Projetos/flashMemoryCards/src/components/LinearGradientView/styles.ts","statementMap":{"0":{"start":{"line":3,"column":15},"end":{"line":9,"column":2}}},"fnMap":{},"branchMap":{},"s":{"0":3},"f":{},"b":{},"_coverageSchema":"1a1c01bbd47fc00a2c39e90264f33305004495a9","hash":"a7bf6e7bf841f389495d3ec647db9317afcb79ea"}
,"/home/isaac/Documentos/Projetos/flashMemoryCards/src/components/ListCard/index.tsx": {"path":"/home/isaac/Documentos/Projetos/flashMemoryCards/src/components/ListCard/index.tsx","statementMap":{"0":{"start":{"line":8,"column":17},"end":{"line":46,"column":1}},"1":{"start":{"line":15,"column":2},"end":{"line":45,"column":4}},"2":{"start":{"line":27,"column":18},"end":{"line":33,"column":26}}},"fnMap":{"0":{"name":"(anonymous_0)","decl":{"start":{"line":8,"column":17},"end":{"line":8,"column":18}},"loc":{"start":{"line":14,"column":21},"end":{"line":46,"column":1}},"line":14},"1":{"name":"(anonymous_1)","decl":{"start":{"line":12,"column":12},"end":{"line":12,"column":13}},"loc":{"start":{"line":12,"column":18},"end":{"line":12,"column":20}},"line":12},"2":{"name":"(anonymous_2)","decl":{"start":{"line":26,"column":29},"end":{"line":26,"column":30}},"loc":{"start":{"line":27,"column":18},"end":{"line":33,"column":26}},"line":27}},"branchMap":{"0":{"loc":{"start":{"line":11,"column":2},"end":{"line":11,"column":21}},"type":"default-arg","locations":[{"start":{"line":11,"column":19},"end":{"line":11,"column":21}}],"line":11},"1":{"loc":{"start":{"line":12,"column":2},"end":{"line":12,"column":20}},"type":"default-arg","locations":[{"start":{"line":12,"column":12},"end":{"line":12,"column":20}}],"line":12},"2":{"loc":{"start":{"line":25,"column":13},"end":{"line":40,"column":20}},"type":"cond-expr","locations":[{"start":{"line":26,"column":16},"end":{"line":34,"column":17}},{"start":{"line":35,"column":16},"end":{"line":40,"column":20}}],"line":25},"3":{"loc":{"start":{"line":25,"column":13},"end":{"line":25,"column":40}},"type":"binary-expr","locations":[{"start":{"line":25,"column":13},"end":{"line":25,"column":21}},{"start":{"line":25,"column":25},"end":{"line":25,"column":40}}],"line":25},"4":{"loc":{"start":{"line":27,"column":18},"end":{"line":33,"column":26}},"type":"cond-expr","locations":[{"start":{"line":28,"column":22},"end":{"line":32,"column":24}},{"start":{"line":33,"column":22},"end":{"line":33,"column":26}}],"line":27},"5":{"loc":{"start":{"line":35,"column":16},"end":{"line":40,"column":20}},"type":"cond-expr","locations":[{"start":{"line":36,"column":16},"end":{"line":39,"column":18}},{"start":{"line":40,"column":16},"end":{"line":40,"column":20}}],"line":35}},"s":{"0":2,"1":10,"2":60},"f":{"0":10,"1":0,"2":60},"b":{"0":[0],"1":[10],"2":[10,0],"3":[10,10],"4":[50,10],"5":[0,0]},"_coverageSchema":"1a1c01bbd47fc00a2c39e90264f33305004495a9","hash":"9eb44b28c7c8c63e6ce20faa75f46dbf755fa9fb"}
,"/home/isaac/Documentos/Projetos/flashMemoryCards/src/components/ListCard/styles.ts": {"path":"/home/isaac/Documentos/Projetos/flashMemoryCards/src/components/ListCard/styles.ts","statementMap":{"0":{"start":{"line":4,"column":15},"end":{"line":26,"column":2}}},"fnMap":{},"branchMap":{},"s":{"0":2},"f":{},"b":{},"_coverageSchema":"1a1c01bbd47fc00a2c39e90264f33305004495a9","hash":"8f55ad451e641a08138df823f3589a24113e85d5"}
,"/home/isaac/Documentos/Projetos/flashMemoryCards/src/components/NoteListCard/index.tsx": {"path":"/home/isaac/Documentos/Projetos/flashMemoryCards/src/components/NoteListCard/index.tsx","statementMap":{"0":{"start":{"line":9,"column":21},"end":{"line":32,"column":1}},"1":{"start":{"line":20,"column":2},"end":{"line":31,"column":4}}},"fnMap":{"0":{"name":"(anonymous_0)","decl":{"start":{"line":9,"column":21},"end":{"line":9,"column":22}},"loc":{"start":{"line":19,"column":25},"end":{"line":32,"column":1}},"line":19}},"branchMap":{"0":{"loc":{"start":{"line":17,"column":2},"end":{"line":17,"column":21}},"type":"default-arg","locations":[{"start":{"line":17,"column":19},"end":{"line":17,"column":21}}],"line":17},"1":{"loc":{"start":{"line":24,"column":7},"end":{"line":26,"column":14}},"type":"cond-expr","locations":[{"start":{"line":25,"column":8},"end":{"line":25,"column":74}},{"start":{"line":26,"column":10},"end":{"line":26,"column":14}}],"line":24}},"s":{"0":2,"1":10},"f":{"0":10},"b":{"0":[10],"1":[0,10]},"_coverageSchema":"1a1c01bbd47fc00a2c39e90264f33305004495a9","hash":"30a99f3fa93e141ddab402e31f879eb4befe8ad2"}
,"/home/isaac/Documentos/Projetos/flashMemoryCards/src/components/NoteListCard/styles.ts": {"path":"/home/isaac/Documentos/Projetos/flashMemoryCards/src/components/NoteListCard/styles.ts","statementMap":{"0":{"start":{"line":3,"column":15},"end":{"line":7,"column":2}}},"fnMap":{},"branchMap":{},"s":{"0":0},"f":{},"b":{}}
,"/home/isaac/Documentos/Projetos/flashMemoryCards/src/components/Select/index.tsx": {"path":"/home/isaac/Documentos/Projetos/flashMemoryCards/src/components/Select/index.tsx","statementMap":{"0":{"start":{"line":14,"column":15},"end":{"line":117,"column":1}},"1":{"start":{"line":24,"column":38},"end":{"line":24,"column":60}},"2":{"start":{"line":25,"column":30},"end":{"line":25,"column":60}},"3":{"start":{"line":28,"column":21},"end":{"line":28,"column":54}},"4":{"start":{"line":28,"column":35},"end":{"line":28,"column":49}},"5":{"start":{"line":31,"column":34},"end":{"line":33,"column":8}},"6":{"start":{"line":32,"column":4},"end":{"line":32,"column":43}},"7":{"start":{"line":34,"column":34},"end":{"line":36,"column":8}},"8":{"start":{"line":35,"column":4},"end":{"line":35,"column":43}},"9":{"start":{"line":39,"column":21},"end":{"line":70,"column":3}},"10":{"start":{"line":41,"column":50},"end":{"line":41,"column":54}},"11":{"start":{"line":42,"column":6},"end":{"line":67,"column":8}},"12":{"start":{"line":45,"column":12},"end":{"line":45,"column":33}},"13":{"start":{"line":46,"column":12},"end":{"line":46,"column":28}},"14":{"start":{"line":47,"column":12},"end":{"line":47,"column":38}},"15":{"start":{"line":72,"column":25},"end":{"line":77,"column":5}},"16":{"start":{"line":73,"column":4},"end":{"line":77,"column":5}},"17":{"start":{"line":74,"column":44},"end":{"line":74,"column":64}},"18":{"start":{"line":79,"column":2},"end":{"line":116,"column":4}},"19":{"start":{"line":110,"column":44},"end":{"line":110,"column":49}}},"fnMap":{"0":{"name":"(anonymous_0)","decl":{"start":{"line":14,"column":15},"end":{"line":14,"column":16}},"loc":{"start":{"line":23,"column":19},"end":{"line":117,"column":1}},"line":23},"1":{"name":"(anonymous_1)","decl":{"start":{"line":28,"column":29},"end":{"line":28,"column":30}},"loc":{"start":{"line":28,"column":35},"end":{"line":28,"column":49}},"line":28},"2":{"name":"(anonymous_2)","decl":{"start":{"line":31,"column":46},"end":{"line":31,"column":47}},"loc":{"start":{"line":31,"column":52},"end":{"line":33,"column":3}},"line":31},"3":{"name":"(anonymous_3)","decl":{"start":{"line":34,"column":46},"end":{"line":34,"column":47}},"loc":{"start":{"line":34,"column":52},"end":{"line":36,"column":3}},"line":34},"4":{"name":"(anonymous_4)","decl":{"start":{"line":40,"column":4},"end":{"line":40,"column":5}},"loc":{"start":{"line":40,"column":21},"end":{"line":68,"column":5}},"line":40},"5":{"name":"(anonymous_5)","decl":{"start":{"line":44,"column":19},"end":{"line":44,"column":20}},"loc":{"start":{"line":44,"column":25},"end":{"line":48,"column":11}},"line":44},"6":{"name":"(anonymous_6)","decl":{"start":{"line":72,"column":25},"end":{"line":72,"column":26}},"loc":{"start":{"line":73,"column":4},"end":{"line":77,"column":5}},"line":73},"7":{"name":"(anonymous_7)","decl":{"start":{"line":74,"column":19},"end":{"line":74,"column":20}},"loc":{"start":{"line":74,"column":44},"end":{"line":74,"column":64}},"line":74},"8":{"name":"(anonymous_8)","decl":{"start":{"line":85,"column":21},"end":{"line":85,"column":22}},"loc":{"start":{"line":85,"column":27},"end":{"line":85,"column":29}},"line":85},"9":{"name":"(anonymous_9)","decl":{"start":{"line":110,"column":26},"end":{"line":110,"column":27}},"loc":{"start":{"line":110,"column":44},"end":{"line":110,"column":49}},"line":110}},"branchMap":{"0":{"loc":{"start":{"line":17,"column":2},"end":{"line":17,"column":19}},"type":"default-arg","locations":[{"start":{"line":17,"column":17},"end":{"line":17,"column":19}}],"line":17},"1":{"loc":{"start":{"line":19,"column":2},"end":{"line":19,"column":17}},"type":"default-arg","locations":[{"start":{"line":19,"column":15},"end":{"line":19,"column":17}}],"line":19},"2":{"loc":{"start":{"line":20,"column":2},"end":{"line":20,"column":23}},"type":"default-arg","locations":[{"start":{"line":20,"column":21},"end":{"line":20,"column":23}}],"line":20},"3":{"loc":{"start":{"line":21,"column":2},"end":{"line":21,"column":15}},"type":"default-arg","locations":[{"start":{"line":21,"column":10},"end":{"line":21,"column":15}}],"line":21},"4":{"loc":{"start":{"line":22,"column":2},"end":{"line":22,"column":17}},"type":"default-arg","locations":[{"start":{"line":22,"column":15},"end":{"line":22,"column":17}}],"line":22},"5":{"loc":{"start":{"line":50,"column":13},"end":{"line":56,"column":13}},"type":"binary-expr","locations":[{"start":{"line":50,"column":13},"end":{"line":50,"column":21}},{"start":{"line":51,"column":14},"end":{"line":55,"column":16}}],"line":50},"6":{"loc":{"start":{"line":52,"column":23},"end":{"line":52,"column":56}},"type":"binary-expr","locations":[{"start":{"line":52,"column":23},"end":{"line":52,"column":32}},{"start":{"line":52,"column":36},"end":{"line":52,"column":56}}],"line":52},"7":{"loc":{"start":{"line":61,"column":29},"end":{"line":61,"column":65}},"type":"cond-expr","locations":[{"start":{"line":61,"column":52},"end":{"line":61,"column":57}},{"start":{"line":61,"column":60},"end":{"line":61,"column":65}}],"line":61}},"s":{"0":5,"1":5,"2":5,"3":5,"4":5,"5":5,"6":0,"7":5,"8":0,"9":5,"10":0,"11":0,"12":0,"13":0,"14":0,"15":5,"16":5,"17":10,"18":5,"19":0},"f":{"0":5,"1":5,"2":0,"3":0,"4":0,"5":0,"6":5,"7":10,"8":0,"9":0},"b":{"0":[0],"1":[0],"2":[0],"3":[0],"4":[0],"5":[0,0],"6":[0,0],"7":[0,0]},"_coverageSchema":"1a1c01bbd47fc00a2c39e90264f33305004495a9","hash":"790af6bccf593720ea79f8c7e04a61411d61e900"}
,"/home/isaac/Documentos/Projetos/flashMemoryCards/src/components/Select/styles.ts": {"path":"/home/isaac/Documentos/Projetos/flashMemoryCards/src/components/Select/styles.ts","statementMap":{"0":{"start":{"line":4,"column":15},"end":{"line":42,"column":2}}},"fnMap":{},"branchMap":{},"s":{"0":5},"f":{},"b":{},"_coverageSchema":"1a1c01bbd47fc00a2c39e90264f33305004495a9","hash":"3cc425228ac35ee8bab5cbb250c68825cd9e9552"}
,"/home/isaac/Documentos/Projetos/flashMemoryCards/src/components/SelectIcon/index.tsx": {"path":"/home/isaac/Documentos/Projetos/flashMemoryCards/src/components/SelectIcon/index.tsx","statementMap":{"0":{"start":{"line":14,"column":39},"end":{"line":14,"column":77}},"1":{"start":{"line":15,"column":24},"end":{"line":23,"column":1}},"2":{"start":{"line":16,"column":21},"end":{"line":16,"column":22}},"3":{"start":{"line":17,"column":20},"end":{"line":17,"column":65}},"4":{"start":{"line":18,"column":2},"end":{"line":20,"column":3}},"5":{"start":{"line":18,"column":19},"end":{"line":18,"column":31}},"6":{"start":{"line":19,"column":4},"end":{"line":19,"column":25}},"7":{"start":{"line":22,"column":2},"end":{"line":22,"column":22}},"8":{"start":{"line":25,"column":19},"end":{"line":97,"column":1}},"9":{"start":{"line":31,"column":48},"end":{"line":33,"column":3}},"10":{"start":{"line":34,"column":42},"end":{"line":34,"column":57}},"11":{"start":{"line":36,"column":25},"end":{"line":60,"column":3}},"12":{"start":{"line":37,"column":24},"end":{"line":37,"column":26}},"13":{"start":{"line":38,"column":4},"end":{"line":58,"column":5}},"14":{"start":{"line":38,"column":21},"end":{"line":38,"column":36}},"15":{"start":{"line":39,"column":6},"end":{"line":57,"column":8}},"16":{"start":{"line":47,"column":12},"end":{"line":47,"column":70}},"17":{"start":{"line":48,"column":12},"end":{"line":48,"column":67}},"18":{"start":{"line":59,"column":4},"end":{"line":59,"column":23}},"19":{"start":{"line":62,"column":2},"end":{"line":96,"column":4}},"20":{"start":{"line":73,"column":25},"end":{"line":73,"column":64}},"21":{"start":{"line":83,"column":25},"end":{"line":83,"column":64}}},"fnMap":{"0":{"name":"(anonymous_0)","decl":{"start":{"line":15,"column":24},"end":{"line":15,"column":25}},"loc":{"start":{"line":15,"column":43},"end":{"line":23,"column":1}},"line":15},"1":{"name":"(anonymous_1)","decl":{"start":{"line":25,"column":19},"end":{"line":25,"column":20}},"loc":{"start":{"line":30,"column":23},"end":{"line":97,"column":1}},"line":30},"2":{"name":"(anonymous_2)","decl":{"start":{"line":36,"column":25},"end":{"line":36,"column":26}},"loc":{"start":{"line":36,"column":31},"end":{"line":60,"column":3}},"line":36},"3":{"name":"(anonymous_3)","decl":{"start":{"line":46,"column":19},"end":{"line":46,"column":20}},"loc":{"start":{"line":46,"column":25},"end":{"line":49,"column":11}},"line":46},"4":{"name":"(anonymous_4)","decl":{"start":{"line":73,"column":19},"end":{"line":73,"column":20}},"loc":{"start":{"line":73,"column":25},"end":{"line":73,"column":64}},"line":73},"5":{"name":"(anonymous_5)","decl":{"start":{"line":83,"column":19},"end":{"line":83,"column":20}},"loc":{"start":{"line":83,"column":25},"end":{"line":83,"column":64}},"line":83}},"branchMap":{"0":{"loc":{"start":{"line":26,"column":2},"end":{"line":26,"column":12}},"type":"default-arg","locations":[{"start":{"line":26,"column":10},"end":{"line":26,"column":12}}],"line":26},"1":{"loc":{"start":{"line":28,"column":2},"end":{"line":28,"column":15}},"type":"default-arg","locations":[{"start":{"line":28,"column":10},"end":{"line":28,"column":15}}],"line":28},"2":{"loc":{"start":{"line":29,"column":2},"end":{"line":29,"column":17}},"type":"default-arg","locations":[{"start":{"line":29,"column":15},"end":{"line":29,"column":17}}],"line":29},"3":{"loc":{"start":{"line":42,"column":12},"end":{"line":44,"column":43}},"type":"cond-expr","locations":[{"start":{"line":43,"column":16},"end":{"line":43,"column":44}},{"start":{"line":44,"column":16},"end":{"line":44,"column":43}}],"line":42},"4":{"loc":{"start":{"line":47,"column":12},"end":{"line":47,"column":69}},"type":"binary-expr","locations":[{"start":{"line":47,"column":12},"end":{"line":47,"column":19}},{"start":{"line":47,"column":23},"end":{"line":47,"column":69}}],"line":47},"5":{"loc":{"start":{"line":67,"column":18},"end":{"line":67,"column":70}},"type":"cond-expr","locations":[{"start":{"line":67,"column":26},"end":{"line":67,"column":44}},{"start":{"line":67,"column":47},"end":{"line":67,"column":70}}],"line":67}},"s":{"0":1,"1":1,"2":6,"3":6,"4":6,"5":6,"6":0,"7":6,"8":1,"9":6,"10":6,"11":6,"12":6,"13":6,"14":6,"15":24,"16":0,"17":0,"18":6,"19":6,"20":0,"21":0},"f":{"0":6,"1":6,"2":6,"3":0,"4":0,"5":0},"b":{"0":[0],"1":[0],"2":[0],"3":[0,24],"4":[0,0],"5":[0,6]},"_coverageSchema":"1a1c01bbd47fc00a2c39e90264f33305004495a9","hash":"671bc5ef39b78c4c1ad1ed69ccb49c07e8269d93"}
,"/home/isaac/Documentos/Projetos/flashMemoryCards/src/components/SelectIcon/styles.ts": {"path":"/home/isaac/Documentos/Projetos/flashMemoryCards/src/components/SelectIcon/styles.ts","statementMap":{"0":{"start":{"line":4,"column":15},"end":{"line":37,"column":2}}},"fnMap":{},"branchMap":{},"s":{"0":1},"f":{},"b":{},"_coverageSchema":"1a1c01bbd47fc00a2c39e90264f33305004495a9","hash":"b424ce2ae5e04c9cd225707de8646f3bd6da8d3c"}
,"/home/isaac/Documentos/Projetos/flashMemoryCards/src/components/SelectMultiple/index.tsx": {"path":"/home/isaac/Documentos/Projetos/flashMemoryCards/src/components/SelectMultiple/index.tsx","statementMap":{"0":{"start":{"line":15,"column":22},"end":{"line":23,"column":1}},"1":{"start":{"line":16,"column":2},"end":{"line":22,"column":4}},"2":{"start":{"line":25,"column":23},"end":{"line":152,"column":1}},"3":{"start":{"line":34,"column":38},"end":{"line":34,"column":60}},"4":{"start":{"line":35,"column":30},"end":{"line":35,"column":60}},"5":{"start":{"line":38,"column":21},"end":{"line":38,"column":54}},"6":{"start":{"line":38,"column":35},"end":{"line":38,"column":49}},"7":{"start":{"line":41,"column":34},"end":{"line":43,"column":8}},"8":{"start":{"line":42,"column":4},"end":{"line":42,"column":43}},"9":{"start":{"line":44,"column":34},"end":{"line":46,"column":8}},"10":{"start":{"line":45,"column":4},"end":{"line":45,"column":43}},"11":{"start":{"line":47,"column":23},"end":{"line":61,"column":3}},"12":{"start":{"line":49,"column":27},"end":{"line":49,"column":48}},"13":{"start":{"line":50,"column":6},"end":{"line":56,"column":7}},"14":{"start":{"line":51,"column":8},"end":{"line":53,"column":10}},"15":{"start":{"line":52,"column":27},"end":{"line":52,"column":50}},"16":{"start":{"line":55,"column":8},"end":{"line":55,"column":35}},"17":{"start":{"line":57,"column":6},"end":{"line":57,"column":36}},"18":{"start":{"line":58,"column":6},"end":{"line":58,"column":31}},"19":{"start":{"line":64,"column":21},"end":{"line":93,"column":3}},"20":{"start":{"line":66,"column":40},"end":{"line":66,"column":44}},"21":{"start":{"line":67,"column":6},"end":{"line":90,"column":8}},"22":{"start":{"line":68,"column":41},"end":{"line":68,"column":60}},"23":{"start":{"line":73,"column":35},"end":{"line":73,"column":54}},"24":{"start":{"line":95,"column":2},"end":{"line":151,"column":4}},"25":{"start":{"line":118,"column":31},"end":{"line":118,"column":70}},"26":{"start":{"line":118,"column":57},"end":{"line":118,"column":69}},"27":{"start":{"line":119,"column":16},"end":{"line":121,"column":17}},"28":{"start":{"line":120,"column":18},"end":{"line":120,"column":72}},"29":{"start":{"line":145,"column":44},"end":{"line":145,"column":49}}},"fnMap":{"0":{"name":"(anonymous_0)","decl":{"start":{"line":15,"column":22},"end":{"line":15,"column":23}},"loc":{"start":{"line":15,"column":45},"end":{"line":23,"column":1}},"line":15},"1":{"name":"(anonymous_1)","decl":{"start":{"line":25,"column":23},"end":{"line":25,"column":24}},"loc":{"start":{"line":33,"column":27},"end":{"line":152,"column":1}},"line":33},"2":{"name":"(anonymous_2)","decl":{"start":{"line":38,"column":29},"end":{"line":38,"column":30}},"loc":{"start":{"line":38,"column":35},"end":{"line":38,"column":49}},"line":38},"3":{"name":"(anonymous_3)","decl":{"start":{"line":41,"column":46},"end":{"line":41,"column":47}},"loc":{"start":{"line":41,"column":52},"end":{"line":43,"column":3}},"line":41},"4":{"name":"(anonymous_4)","decl":{"start":{"line":44,"column":46},"end":{"line":44,"column":47}},"loc":{"start":{"line":44,"column":52},"end":{"line":46,"column":3}},"line":44},"5":{"name":"(anonymous_5)","decl":{"start":{"line":48,"column":4},"end":{"line":48,"column":5}},"loc":{"start":{"line":48,"column":23},"end":{"line":59,"column":5}},"line":48},"6":{"name":"(anonymous_6)","decl":{"start":{"line":52,"column":10},"end":{"line":52,"column":11}},"loc":{"start":{"line":52,"column":27},"end":{"line":52,"column":50}},"line":52},"7":{"name":"(anonymous_7)","decl":{"start":{"line":65,"column":4},"end":{"line":65,"column":5}},"loc":{"start":{"line":65,"column":21},"end":{"line":91,"column":5}},"line":65},"8":{"name":"(anonymous_8)","decl":{"start":{"line":68,"column":35},"end":{"line":68,"column":36}},"loc":{"start":{"line":68,"column":41},"end":{"line":68,"column":60}},"line":68},"9":{"name":"(anonymous_9)","decl":{"start":{"line":73,"column":29},"end":{"line":73,"column":30}},"loc":{"start":{"line":73,"column":35},"end":{"line":73,"column":54}},"line":73},"10":{"name":"(anonymous_10)","decl":{"start":{"line":117,"column":29},"end":{"line":117,"column":30}},"loc":{"start":{"line":117,"column":35},"end":{"line":122,"column":15}},"line":117},"11":{"name":"(anonymous_11)","decl":{"start":{"line":118,"column":44},"end":{"line":118,"column":45}},"loc":{"start":{"line":118,"column":57},"end":{"line":118,"column":69}},"line":118},"12":{"name":"(anonymous_12)","decl":{"start":{"line":145,"column":26},"end":{"line":145,"column":27}},"loc":{"start":{"line":145,"column":44},"end":{"line":145,"column":49}},"line":145}},"branchMap":{"0":{"loc":{"start":{"line":28,"column":2},"end":{"line":28,"column":19}},"type":"default-arg","locations":[{"start":{"line":28,"column":17},"end":{"line":28,"column":19}}],"line":28},"1":{"loc":{"start":{"line":30,"column":2},"end":{"line":30,"column":23}},"type":"default-arg","locations":[{"start":{"line":30,"column":21},"end":{"line":30,"column":23}}],"line":30},"2":{"loc":{"start":{"line":31,"column":2},"end":{"line":31,"column":15}},"type":"default-arg","locations":[{"start":{"line":31,"column":10},"end":{"line":31,"column":15}}],"line":31},"3":{"loc":{"start":{"line":32,"column":2},"end":{"line":32,"column":17}},"type":"default-arg","locations":[{"start":{"line":32,"column":15},"end":{"line":32,"column":17}}],"line":32},"4":{"loc":{"start":{"line":50,"column":6},"end":{"line":56,"column":7}},"type":"if","locations":[{"start":{"line":50,"column":6},"end":{"line":56,"column":7}},{"start":{"line":54,"column":13},"end":{"line":56,"column":7}}],"line":50},"5":{"loc":{"start":{"line":75,"column":13},"end":{"line":79,"column":13}},"type":"binary-expr","locations":[{"start":{"line":75,"column":13},"end":{"line":75,"column":22}},{"start":{"line":76,"column":14},"end":{"line":78,"column":16}}],"line":75},"6":{"loc":{"start":{"line":84,"column":29},"end":{"line":84,"column":65}},"type":"cond-expr","locations":[{"start":{"line":84,"column":52},"end":{"line":84,"column":57}},{"start":{"line":84,"column":60},"end":{"line":84,"column":65}}],"line":84},"7":{"loc":{"start":{"line":103,"column":28},"end":{"line":103,"column":63}},"type":"cond-expr","locations":[{"start":{"line":103,"column":36},"end":{"line":103,"column":54}},{"start":{"line":103,"column":57},"end":{"line":103,"column":63}}],"line":103},"8":{"loc":{"start":{"line":108,"column":13},"end":{"line":123,"column":13}},"type":"cond-expr","locations":[{"start":{"line":109,"column":14},"end":{"line":115,"column":21}},{"start":{"line":117,"column":14},"end":{"line":122,"column":16}}],"line":108},"9":{"loc":{"start":{"line":112,"column":26},"end":{"line":112,"column":78}},"type":"cond-expr","locations":[{"start":{"line":112,"column":34},"end":{"line":112,"column":52}},{"start":{"line":112,"column":55},"end":{"line":112,"column":78}}],"line":112},"10":{"loc":{"start":{"line":119,"column":16},"end":{"line":121,"column":17}},"type":"if","locations":[{"start":{"line":119,"column":16},"end":{"line":121,"column":17}},{"start":{},"end":{}}],"line":119}},"s":{"0":5,"1":0,"2":5,"3":19,"4":19,"5":19,"6":15,"7":19,"8":0,"9":19,"10":0,"11":19,"12":0,"13":0,"14":0,"15":0,"16":0,"17":0,"18":0,"19":19,"20":0,"21":0,"22":0,"23":0,"24":19,"25":0,"26":0,"27":0,"28":0,"29":0},"f":{"0":0,"1":19,"2":15,"3":0,"4":0,"5":0,"6":0,"7":0,"8":0,"9":0,"10":0,"11":0,"12":0},"b":{"0":[19],"1":[0],"2":[12],"3":[12],"4":[0,0],"5":[0,0],"6":[0,0],"7":[0,19],"8":[19,0],"9":[0,19],"10":[0,0]},"_coverageSchema":"1a1c01bbd47fc00a2c39e90264f33305004495a9","hash":"f3eecb6f6591869a84cf6b70da29bd3dd9d6fb6d"}
,"/home/isaac/Documentos/Projetos/flashMemoryCards/src/components/SelectMultiple/styles.ts": {"path":"/home/isaac/Documentos/Projetos/flashMemoryCards/src/components/SelectMultiple/styles.ts","statementMap":{"0":{"start":{"line":4,"column":15},"end":{"line":95,"column":2}}},"fnMap":{},"branchMap":{},"s":{"0":5},"f":{},"b":{},"_coverageSchema":"1a1c01bbd47fc00a2c39e90264f33305004495a9","hash":"1939532517f67f7b134f71cb062a175dfde6aad6"}
,"/home/isaac/Documentos/Projetos/flashMemoryCards/src/components/SideMenu/index.tsx": {"path":"/home/isaac/Documentos/Projetos/flashMemoryCards/src/components/SideMenu/index.tsx","statementMap":{"0":{"start":{"line":12,"column":17},"end":{"line":73,"column":1}},"1":{"start":{"line":13,"column":2},"end":{"line":72,"column":4}},"2":{"start":{"line":19,"column":27},"end":{"line":19,"column":61}},"3":{"start":{"line":21,"column":14},"end":{"line":21,"column":71}},"4":{"start":{"line":27,"column":27},"end":{"line":27,"column":67}},"5":{"start":{"line":29,"column":14},"end":{"line":29,"column":68}},"6":{"start":{"line":35,"column":27},"end":{"line":35,"column":65}},"7":{"start":{"line":37,"column":14},"end":{"line":37,"column":72}},"8":{"start":{"line":43,"column":27},"end":{"line":43,"column":66}},"9":{"start":{"line":45,"column":14},"end":{"line":45,"column":70}},"10":{"start":{"line":53,"column":27},"end":{"line":53,"column":61}},"11":{"start":{"line":55,"column":14},"end":{"line":55,"column":77}},"12":{"start":{"line":62,"column":14},"end":{"line":62,"column":46}},"13":{"start":{"line":65,"column":14},"end":{"line":65,"column":78}}},"fnMap":{"0":{"name":"(anonymous_0)","decl":{"start":{"line":12,"column":17},"end":{"line":12,"column":18}},"loc":{"start":{"line":12,"column":57},"end":{"line":73,"column":1}},"line":12},"1":{"name":"(anonymous_1)","decl":{"start":{"line":19,"column":21},"end":{"line":19,"column":22}},"loc":{"start":{"line":19,"column":27},"end":{"line":19,"column":61}},"line":19},"2":{"name":"(anonymous_2)","decl":{"start":{"line":20,"column":18},"end":{"line":20,"column":19}},"loc":{"start":{"line":21,"column":14},"end":{"line":21,"column":71}},"line":21},"3":{"name":"(anonymous_3)","decl":{"start":{"line":27,"column":21},"end":{"line":27,"column":22}},"loc":{"start":{"line":27,"column":27},"end":{"line":27,"column":67}},"line":27},"4":{"name":"(anonymous_4)","decl":{"start":{"line":28,"column":18},"end":{"line":28,"column":19}},"loc":{"start":{"line":29,"column":14},"end":{"line":29,"column":68}},"line":29},"5":{"name":"(anonymous_5)","decl":{"start":{"line":35,"column":21},"end":{"line":35,"column":22}},"loc":{"start":{"line":35,"column":27},"end":{"line":35,"column":65}},"line":35},"6":{"name":"(anonymous_6)","decl":{"start":{"line":36,"column":18},"end":{"line":36,"column":19}},"loc":{"start":{"line":37,"column":14},"end":{"line":37,"column":72}},"line":37},"7":{"name":"(anonymous_7)","decl":{"start":{"line":43,"column":21},"end":{"line":43,"column":22}},"loc":{"start":{"line":43,"column":27},"end":{"line":43,"column":66}},"line":43},"8":{"name":"(anonymous_8)","decl":{"start":{"line":44,"column":18},"end":{"line":44,"column":19}},"loc":{"start":{"line":45,"column":14},"end":{"line":45,"column":70}},"line":45},"9":{"name":"(anonymous_9)","decl":{"start":{"line":53,"column":21},"end":{"line":53,"column":22}},"loc":{"start":{"line":53,"column":27},"end":{"line":53,"column":61}},"line":53},"10":{"name":"(anonymous_10)","decl":{"start":{"line":54,"column":18},"end":{"line":54,"column":19}},"loc":{"start":{"line":55,"column":14},"end":{"line":55,"column":77}},"line":55},"11":{"name":"(anonymous_11)","decl":{"start":{"line":61,"column":21},"end":{"line":61,"column":22}},"loc":{"start":{"line":61,"column":27},"end":{"line":63,"column":13}},"line":61},"12":{"name":"(anonymous_12)","decl":{"start":{"line":64,"column":18},"end":{"line":64,"column":19}},"loc":{"start":{"line":65,"column":14},"end":{"line":65,"column":78}},"line":65}},"branchMap":{},"s":{"0":0,"1":0,"2":0,"3":0,"4":0,"5":0,"6":0,"7":0,"8":0,"9":0,"10":0,"11":0,"12":0,"13":0},"f":{"0":0,"1":0,"2":0,"3":0,"4":0,"5":0,"6":0,"7":0,"8":0,"9":0,"10":0,"11":0,"12":0},"b":{}}
,"/home/isaac/Documentos/Projetos/flashMemoryCards/src/components/SideMenu/styles.ts": {"path":"/home/isaac/Documentos/Projetos/flashMemoryCards/src/components/SideMenu/styles.ts","statementMap":{"0":{"start":{"line":4,"column":15},"end":{"line":22,"column":2}}},"fnMap":{},"branchMap":{},"s":{"0":0},"f":{},"b":{}}
,"/home/isaac/Documentos/Projetos/flashMemoryCards/src/components/SubjectListCard/index.tsx": {"path":"/home/isaac/Documentos/Projetos/flashMemoryCards/src/components/SubjectListCard/index.tsx","statementMap":{"0":{"start":{"line":8,"column":24},"end":{"line":30,"column":1}},"1":{"start":{"line":14,"column":2},"end":{"line":29,"column":4}}},"fnMap":{"0":{"name":"(anonymous_0)","decl":{"start":{"line":8,"column":24},"end":{"line":8,"column":25}},"loc":{"start":{"line":13,"column":28},"end":{"line":30,"column":1}},"line":13}},"branchMap":{},"s":{"0":1,"1":8},"f":{"0":8},"b":{},"_coverageSchema":"1a1c01bbd47fc00a2c39e90264f33305004495a9","hash":"58bfbece9e856797ebdf0b674b24fb906ec6c673"}
,"/home/isaac/Documentos/Projetos/flashMemoryCards/src/components/SubjectListCard/styles.ts": {"path":"/home/isaac/Documentos/Projetos/flashMemoryCards/src/components/SubjectListCard/styles.ts","statementMap":{"0":{"start":{"line":4,"column":15},"end":{"line":43,"column":2}}},"fnMap":{},"branchMap":{},"s":{"0":1},"f":{},"b":{},"_coverageSchema":"1a1c01bbd47fc00a2c39e90264f33305004495a9","hash":"7edc63da8d1e975e6e23abf6f4b0dca1e6c5a0c0"}
,"/home/isaac/Documentos/Projetos/flashMemoryCards/src/components/TextEditor/index.tsx": {"path":"/home/isaac/Documentos/Projetos/flashMemoryCards/src/components/TextEditor/index.tsx","statementMap":{"0":{"start":{"line":12,"column":19},"end":{"line":83,"column":1}},"1":{"start":{"line":17,"column":46},"end":{"line":17,"column":58}},"2":{"start":{"line":18,"column":19},"end":{"line":18,"column":58}},"3":{"start":{"line":20,"column":25},"end":{"line":22,"column":3}},"4":{"start":{"line":21,"column":4},"end":{"line":21,"column":30}},"5":{"start":{"line":24,"column":2},"end":{"line":36,"column":9}},"6":{"start":{"line":25,"column":29},"end":{"line":27,"column":6}},"7":{"start":{"line":26,"column":6},"end":{"line":26,"column":42}},"8":{"start":{"line":28,"column":29},"end":{"line":30,"column":6}},"9":{"start":{"line":29,"column":6},"end":{"line":29,"column":43}},"10":{"start":{"line":32,"column":4},"end":{"line":35,"column":6}},"11":{"start":{"line":33,"column":6},"end":{"line":33,"column":32}},"12":{"start":{"line":34,"column":6},"end":{"line":34,"column":32}},"13":{"start":{"line":38,"column":2},"end":{"line":82,"column":4}},"14":{"start":{"line":73,"column":14},"end":{"line":75,"column":22}}},"fnMap":{"0":{"name":"(anonymous_0)","decl":{"start":{"line":12,"column":19},"end":{"line":12,"column":20}},"loc":{"start":{"line":16,"column":23},"end":{"line":83,"column":1}},"line":16},"1":{"name":"(anonymous_1)","decl":{"start":{"line":20,"column":25},"end":{"line":20,"column":26}},"loc":{"start":{"line":20,"column":54},"end":{"line":22,"column":3}},"line":20},"2":{"name":"(anonymous_2)","decl":{"start":{"line":24,"column":12},"end":{"line":24,"column":13}},"loc":{"start":{"line":24,"column":18},"end":{"line":36,"column":3}},"line":24},"3":{"name":"(anonymous_3)","decl":{"start":{"line":25,"column":69},"end":{"line":25,"column":70}},"loc":{"start":{"line":25,"column":75},"end":{"line":27,"column":5}},"line":25},"4":{"name":"(anonymous_4)","decl":{"start":{"line":28,"column":69},"end":{"line":28,"column":70}},"loc":{"start":{"line":28,"column":75},"end":{"line":30,"column":5}},"line":28},"5":{"name":"(anonymous_5)","decl":{"start":{"line":32,"column":11},"end":{"line":32,"column":12}},"loc":{"start":{"line":32,"column":17},"end":{"line":35,"column":5}},"line":32},"6":{"name":"(anonymous_6)","decl":{"start":{"line":72,"column":21},"end":{"line":72,"column":22}},"loc":{"start":{"line":73,"column":14},"end":{"line":75,"column":22}},"line":73}},"branchMap":{"0":{"loc":{"start":{"line":15,"column":2},"end":{"line":15,"column":25}},"type":"default-arg","locations":[{"start":{"line":15,"column":23},"end":{"line":15,"column":25}}],"line":15},"1":{"loc":{"start":{"line":69,"column":7},"end":{"line":80,"column":14}},"type":"cond-expr","locations":[{"start":{"line":70,"column":8},"end":{"line":79,"column":15}},{"start":{"line":80,"column":10},"end":{"line":80,"column":14}}],"line":69},"2":{"loc":{"start":{"line":73,"column":14},"end":{"line":75,"column":22}},"type":"cond-expr","locations":[{"start":{"line":74,"column":18},"end":{"line":74,"column":55}},{"start":{"line":75,"column":18},"end":{"line":75,"column":22}}],"line":73},"3":{"loc":{"start":{"line":73,"column":14},"end":{"line":73,"column":57}},"type":"binary-expr","locations":[{"start":{"line":73,"column":14},"end":{"line":73,"column":31}},{"start":{"line":73,"column":35},"end":{"line":73,"column":57}}],"line":73}},"s":{"0":5,"1":2,"2":2,"3":2,"4":0,"5":2,"6":0,"7":0,"8":0,"9":0,"10":0,"11":0,"12":0,"13":2,"14":0},"f":{"0":2,"1":0,"2":0,"3":0,"4":0,"5":0,"6":0},"b":{"0":[2],"1":[0,2],"2":[0,0],"3":[0,0]},"_coverageSchema":"1a1c01bbd47fc00a2c39e90264f33305004495a9","hash":"3e6a8120a66d5f3318ebf7604cd83f6d4f17b57d"}
,"/home/isaac/Documentos/Projetos/flashMemoryCards/src/components/TextEditor/styles.ts": {"path":"/home/isaac/Documentos/Projetos/flashMemoryCards/src/components/TextEditor/styles.ts","statementMap":{"0":{"start":{"line":4,"column":15},"end":{"line":45,"column":2}}},"fnMap":{},"branchMap":{},"s":{"0":5},"f":{},"b":{},"_coverageSchema":"1a1c01bbd47fc00a2c39e90264f33305004495a9","hash":"5c11d0efba8434feed708652396cd68a4ef6867e"}
,"/home/isaac/Documentos/Projetos/flashMemoryCards/src/components/TextInput/index.tsx": {"path":"/home/isaac/Documentos/Projetos/flashMemoryCards/src/components/TextInput/index.tsx","statementMap":{"0":{"start":{"line":13,"column":18},"end":{"line":48,"column":1}},"1":{"start":{"line":24,"column":2},"end":{"line":47,"column":4}},"2":{"start":{"line":35,"column":32},"end":{"line":35,"column":45}}},"fnMap":{"0":{"name":"(anonymous_0)","decl":{"start":{"line":13,"column":18},"end":{"line":13,"column":19}},"loc":{"start":{"line":23,"column":22},"end":{"line":48,"column":1}},"line":23},"1":{"name":"(anonymous_1)","decl":{"start":{"line":35,"column":24},"end":{"line":35,"column":25}},"loc":{"start":{"line":35,"column":32},"end":{"line":35,"column":45}},"line":35}},"branchMap":{"0":{"loc":{"start":{"line":20,"column":2},"end":{"line":20,"column":15}},"type":"default-arg","locations":[{"start":{"line":20,"column":10},"end":{"line":20,"column":15}}],"line":20},"1":{"loc":{"start":{"line":21,"column":2},"end":{"line":21,"column":17}},"type":"default-arg","locations":[{"start":{"line":21,"column":15},"end":{"line":21,"column":17}}],"line":21}},"s":{"0":7,"1":29,"2":3},"f":{"0":29,"1":3},"b":{"0":[0],"1":[0]},"_coverageSchema":"1a1c01bbd47fc00a2c39e90264f33305004495a9","hash":"20feb6106f22bed9dad7b3c017cbb2197f679d66"}
,"/home/isaac/Documentos/Projetos/flashMemoryCards/src/components/TextInput/styles.ts": {"path":"/home/isaac/Documentos/Projetos/flashMemoryCards/src/components/TextInput/styles.ts","statementMap":{"0":{"start":{"line":4,"column":15},"end":{"line":22,"column":2}}},"fnMap":{},"branchMap":{},"s":{"0":7},"f":{},"b":{},"_coverageSchema":"1a1c01bbd47fc00a2c39e90264f33305004495a9","hash":"616965b36886d818c5b85236b9b2bc55aa34f5f7"}
,"/home/isaac/Documentos/Projetos/flashMemoryCards/src/context/appContext.tsx": {"path":"/home/isaac/Documentos/Projetos/flashMemoryCards/src/context/appContext.tsx","statementMap":{"0":{"start":{"line":22,"column":19},"end":{"line":37,"column":2}}},"fnMap":{"0":{"name":"(anonymous_0)","decl":{"start":{"line":31,"column":24},"end":{"line":31,"column":25}},"loc":{"start":{"line":31,"column":30},"end":{"line":31,"column":32}},"line":31},"1":{"name":"(anonymous_1)","decl":{"start":{"line":32,"column":25},"end":{"line":32,"column":26}},"loc":{"start":{"line":32,"column":31},"end":{"line":32,"column":33}},"line":32},"2":{"name":"(anonymous_2)","decl":{"start":{"line":33,"column":27},"end":{"line":33,"column":28}},"loc":{"start":{"line":33,"column":33},"end":{"line":33,"column":35}},"line":33},"3":{"name":"(anonymous_3)","decl":{"start":{"line":34,"column":27},"end":{"line":34,"column":28}},"loc":{"start":{"line":34,"column":33},"end":{"line":34,"column":35}},"line":34},"4":{"name":"(anonymous_4)","decl":{"start":{"line":35,"column":22},"end":{"line":35,"column":23}},"loc":{"start":{"line":35,"column":28},"end":{"line":35,"column":30}},"line":35},"5":{"name":"(anonymous_5)","decl":{"start":{"line":36,"column":31},"end":{"line":36,"column":32}},"loc":{"start":{"line":36,"column":37},"end":{"line":36,"column":39}},"line":36}},"branchMap":{},"s":{"0":5},"f":{"0":0,"1":0,"2":0,"3":0,"4":0,"5":0},"b":{},"_coverageSchema":"1a1c01bbd47fc00a2c39e90264f33305004495a9","hash":"8b988be756d8c026ed7392eb33951ea142e9de54"}
,"/home/isaac/Documentos/Projetos/flashMemoryCards/src/context/appProvider.tsx": {"path":"/home/isaac/Documentos/Projetos/flashMemoryCards/src/context/appProvider.tsx","statementMap":{"0":{"start":{"line":8,"column":24},"end":{"line":43,"column":1}},"1":{"start":{"line":9,"column":52},"end":{"line":9,"column":67}},"2":{"start":{"line":10,"column":54},"end":{"line":10,"column":69}},"3":{"start":{"line":11,"column":58},"end":{"line":11,"column":73}},"4":{"start":{"line":12,"column":42},"end":{"line":12,"column":54}},"5":{"start":{"line":13,"column":48},"end":{"line":13,"column":63}},"6":{"start":{"line":14,"column":50},"end":{"line":14,"column":62}},"7":{"start":{"line":16,"column":34},"end":{"line":17,"column":51}},"8":{"start":{"line":17,"column":4},"end":{"line":17,"column":51}},"9":{"start":{"line":18,"column":38},"end":{"line":19,"column":59}},"10":{"start":{"line":19,"column":4},"end":{"line":19,"column":59}},"11":{"start":{"line":21,"column":22},"end":{"line":28,"column":3}},"12":{"start":{"line":30,"column":23},"end":{"line":38,"column":3}},"13":{"start":{"line":40,"column":2},"end":{"line":42,"column":4}}},"fnMap":{"0":{"name":"(anonymous_0)","decl":{"start":{"line":8,"column":24},"end":{"line":8,"column":25}},"loc":{"start":{"line":8,"column":61},"end":{"line":43,"column":1}},"line":8},"1":{"name":"(anonymous_1)","decl":{"start":{"line":16,"column":34},"end":{"line":16,"column":35}},"loc":{"start":{"line":17,"column":4},"end":{"line":17,"column":51}},"line":17},"2":{"name":"(anonymous_2)","decl":{"start":{"line":18,"column":38},"end":{"line":18,"column":39}},"loc":{"start":{"line":19,"column":4},"end":{"line":19,"column":59}},"line":19}},"branchMap":{},"s":{"0":0,"1":0,"2":0,"3":0,"4":0,"5":0,"6":0,"7":0,"8":0,"9":0,"10":0,"11":0,"12":0,"13":0},"f":{"0":0,"1":0,"2":0},"b":{}}
,"/home/isaac/Documentos/Projetos/flashMemoryCards/src/databases/index.ts": {"path":"/home/isaac/Documentos/Projetos/flashMemoryCards/src/databases/index.ts","statementMap":{"0":{"start":{"line":10,"column":16},"end":{"line":12,"column":2}},"1":{"start":{"line":14,"column":24},"end":{"line":17,"column":2}},"2":{"start":{"line":19,"column":27},"end":{"line":19,"column":54}},"3":{"start":{"line":19,"column":33},"end":{"line":19,"column":54}}},"fnMap":{"0":{"name":"(anonymous_0)","decl":{"start":{"line":19,"column":27},"end":{"line":19,"column":28}},"loc":{"start":{"line":19,"column":33},"end":{"line":19,"column":54}},"line":19}},"branchMap":{},"s":{"0":7,"1":7,"2":7,"3":0},"f":{"0":0},"b":{},"_coverageSchema":"1a1c01bbd47fc00a2c39e90264f33305004495a9","hash":"e106cc4f07ec6b560215d881773f0822a16859ee"}
,"/home/isaac/Documentos/Projetos/flashMemoryCards/src/databases/models/categoryModel.ts": {"path":"/home/isaac/Documentos/Projetos/flashMemoryCards/src/databases/models/categoryModel.ts","statementMap":{"0":{"start":{"line":5,"column":17},"end":{"line":5,"column":29}},"1":{"start":{"line":6,"column":24},"end":{"line":8,"column":12}}},"fnMap":{},"branchMap":{},"s":{"0":7,"1":7},"f":{},"b":{},"_coverageSchema":"1a1c01bbd47fc00a2c39e90264f33305004495a9","hash":"cbe1c6c34c7bb57fd1dbb91cc60992917df0ddd3"}
[...]
,"/home/isaac/Documentos/Projetos/flashMemoryCards/src/screens/TutorialPage/styles.ts": {"path":"/home/isaac/Documentos/Projetos/flashMemoryCards/src/screens/TutorialPage/styles.ts","statementMap":{"0":{"start":{"line":4,"column":15},"end":{"line":38,"column":2}}},"fnMap":{},"branchMap":{},"s":{"0":1},"f":{},"b":{},"_coverageSchema":"1a1c01bbd47fc00a2c39e90264f33305004495a9","hash":"e7cc49e3879552e1d04d27de0a3d4bfe7a7ce04a"}
,"/home/isaac/Documentos/Projetos/flashMemoryCards/src/screens/TutorialPage/components/InfoTip/index.tsx": {"path":"/home/isaac/Documentos/Projetos/flashMemoryCards/src/screens/TutorialPage/components/InfoTip/index.tsx","statementMap":{"0":{"start":{"line":18,"column":16},"end":{"line":79,"column":1}},"1":{"start":{"line":19,"column":22},"end":{"line":19,"column":39}},"2":{"start":{"line":20,"column":24},"end":{"line":20,"column":42}},"3":{"start":{"line":21,"column":27},"end":{"line":21,"column":45}},"4":{"start":{"line":23,"column":2},"end":{"line":32,"column":5}},"5":{"start":{"line":24,"column":4},"end":{"line":31,"column":6}},"6":{"start":{"line":27,"column":8},"end":{"line":29,"column":11}},"7":{"start":{"line":28,"column":10},"end":{"line":28,"column":66}},"8":{"start":{"line":34,"column":29},"end":{"line":38,"column":4}},"9":{"start":{"line":35,"column":4},"end":{"line":37,"column":6}},"10":{"start":{"line":40,"column":21},"end":{"line":50,"column":4}},"11":{"start":{"line":41,"column":4},"end":{"line":49,"column":6}},"12":{"start":{"line":52,"column":24},"end":{"line":62,"column":4}},"13":{"start":{"line":53,"column":4},"end":{"line":61,"column":6}},"14":{"start":{"line":64,"column":2},"end":{"line":78,"column":4}}},"fnMap":{"0":{"name":"(anonymous_0)","decl":{"start":{"line":18,"column":16},"end":{"line":18,"column":17}},"loc":{"start":{"line":18,"column":79},"end":{"line":79,"column":1}},"line":18},"1":{"name":"(anonymous_1)","decl":{"start":{"line":23,"column":12},"end":{"line":23,"column":13}},"loc":{"start":{"line":23,"column":18},"end":{"line":32,"column":3}},"line":23},"2":{"name":"(anonymous_2)","decl":{"start":{"line":26,"column":38},"end":{"line":26,"column":39}},"loc":{"start":{"line":26,"column":44},"end":{"line":30,"column":7}},"line":26},"3":{"name":"(anonymous_3)","decl":{"start":{"line":27,"column":61},"end":{"line":27,"column":62}},"loc":{"start":{"line":27,"column":67},"end":{"line":29,"column":9}},"line":27},"4":{"name":"(anonymous_4)","decl":{"start":{"line":34,"column":46},"end":{"line":34,"column":47}},"loc":{"start":{"line":34,"column":52},"end":{"line":38,"column":3}},"line":34},"5":{"name":"(anonymous_5)","decl":{"start":{"line":40,"column":38},"end":{"line":40,"column":39}},"loc":{"start":{"line":40,"column":44},"end":{"line":50,"column":3}},"line":40},"6":{"name":"(anonymous_6)","decl":{"start":{"line":52,"column":41},"end":{"line":52,"column":42}},"loc":{"start":{"line":52,"column":47},"end":{"line":62,"column":3}},"line":52}},"branchMap":{"0":{"loc":{"start":{"line":18,"column":41},"end":{"line":18,"column":59}},"type":"default-arg","locations":[{"start":{"line":18,"column":58},"end":{"line":18,"column":59}}],"line":18}},"s":{"0":1,"1":21,"2":21,"3":21,"4":21,"5":21,"6":0,"7":0,"8":21,"9":0,"10":21,"11":0,"12":21,"13":0,"14":21},"f":{"0":21,"1":21,"2":0,"3":0,"4":0,"5":0,"6":0},"b":{"0":[7]},"_coverageSchema":"1a1c01bbd47fc00a2c39e90264f33305004495a9","hash":"a8c105f0c25d49cb575a02b2553ab9dab7558ef9"}
,"/home/isaac/Documentos/Projetos/flashMemoryCards/src/screens/TutorialPage/components/InfoTip/styles.ts": {"path":"/home/isaac/Documentos/Projetos/flashMemoryCards/src/screens/TutorialPage/components/InfoTip/styles.ts","statementMap":{"0":{"start":{"line":4,"column":15},"end":{"line":33,"column":2}}},"fnMap":{},"branchMap":{},"s":{"0":1},"f":{},"b":{},"_coverageSchema":"1a1c01bbd47fc00a2c39e90264f33305004495a9","hash":"e8573fd9fa00720f3150de0ebeb9ca7ce88bbba5"}
,"/home/isaac/Documentos/Projetos/flashMemoryCards/src/styles/sharedStyles.ts": {"path":"/home/isaac/Documentos/Projetos/flashMemoryCards/src/styles/sharedStyles.ts","statementMap":{"0":{"start":{"line":4,"column":21},"end":{"line":13,"column":2}}},"fnMap":{},"branchMap":{},"s":{"0":0},"f":{},"b":{}}
,"/home/isaac/Documentos/Projetos/flashMemoryCards/src/styles/themes.ts": {"path":"/home/isaac/Documentos/Projetos/flashMemoryCards/src/styles/themes.ts","statementMap":{"0":{"start":{"line":3,"column":19},"end":{"line":11,"column":1}}},"fnMap":{},"branchMap":{},"s":{"0":14},"f":{},"b":{},"_coverageSchema":"1a1c01bbd47fc00a2c39e90264f33305004495a9","hash":"bdc57c06a9ec099a735d9b1aaa7fcb7b220c2ce3"}
,"/home/isaac/Documentos/Projetos/flashMemoryCards/src/utils/errorHandlers/getErrorLabel.ts": {"path":"/home/isaac/Documentos/Projetos/flashMemoryCards/src/utils/errorHandlers/getErrorLabel.ts","statementMap":{"0":{"start":{"line":3,"column":22},"end":{"line":4,"column":45}},"1":{"start":{"line":4,"column":2},"end":{"line":4,"column":45}}},"fnMap":{"0":{"name":"(anonymous_0)","decl":{"start":{"line":3,"column":22},"end":{"line":3,"column":23}},"loc":{"start":{"line":4,"column":2},"end":{"line":4,"column":45}},"line":4}},"branchMap":{},"s":{"0":7,"1":54},"f":{"0":54},"b":{},"_coverageSchema":"1a1c01bbd47fc00a2c39e90264f33305004495a9","hash":"3ca1f9eeafb96fbd334d071888ed6f1e39b18fa0"}
,"/home/isaac/Documentos/Projetos/flashMemoryCards/src/utils/errorHandlers/index.ts": {"path":"/home/isaac/Documentos/Projetos/flashMemoryCards/src/utils/errorHandlers/index.ts","statementMap":{},"fnMap":{},"branchMap":{},"s":{},"f":{},"b":{},"_coverageSchema":"1a1c01bbd47fc00a2c39e90264f33305004495a9","hash":"9bc9f7628076f71957307de6df8eeacfdb431517"}
,"/home/isaac/Documentos/Projetos/flashMemoryCards/src/utils/errorHandlers/showError.ts": {"path":"/home/isaac/Documentos/Projetos/flashMemoryCards/src/utils/errorHandlers/showError.ts","statementMap":{"0":{"start":{"line":3,"column":18},"end":{"line":8,"column":70}},"1":{"start":{"line":8,"column":2},"end":{"line":8,"column":70}}},"fnMap":{"0":{"name":"(anonymous_0)","decl":{"start":{"line":3,"column":18},"end":{"line":3,"column":19}},"loc":{"start":{"line":8,"column":2},"end":{"line":8,"column":70}},"line":8}},"branchMap":{"0":{"loc":{"start":{"line":8,"column":2},"end":{"line":8,"column":70}},"type":"binary-expr","locations":[{"start":{"line":8,"column":2},"end":{"line":8,"column":27}},{"start":{"line":8,"column":32},"end":{"line":8,"column":69}}],"line":8}},"s":{"0":7,"1":54},"f":{"0":54},"b":{"0":[54,0]},"_coverageSchema":"1a1c01bbd47fc00a2c39e90264f33305004495a9","hash":"48db547dfc1cbf2de8bab8866ca7517786228800"}
,"/home/isaac/Documentos/Projetos/flashMemoryCards/src/utils/filters/dates.ts": {"path":"/home/isaac/Documentos/Projetos/flashMemoryCards/src/utils/filters/dates.ts","statementMap":{"0":{"start":{"line":3,"column":26},"end":{"line":3,"column":52}},"1":{"start":{"line":4,"column":25},"end":{"line":4,"column":51}},"2":{"start":{"line":6,"column":29},"end":{"line":26,"column":1}},"3":{"start":{"line":7,"column":19},"end":{"line":14,"column":13}},"4":{"start":{"line":15,"column":18},"end":{"line":22,"column":13}},"5":{"start":{"line":23,"column":26},"end":{"line":23,"column":50}},"6":{"start":{"line":25,"column":2},"end":{"line":25,"column":67}}},"fnMap":{"0":{"name":"(anonymous_0)","decl":{"start":{"line":6,"column":29},"end":{"line":6,"column":30}},"loc":{"start":{"line":6,"column":68},"end":{"line":26,"column":1}},"line":6}},"branchMap":{"0":{"loc":{"start":{"line":8,"column":14},"end":{"line":8,"column":55}},"type":"cond-expr","locations":[{"start":{"line":8,"column":26},"end":{"line":8,"column":35}},{"start":{"line":8,"column":38},"end":{"line":8,"column":55}}],"line":8},"1":{"loc":{"start":{"line":16,"column":14},"end":{"line":16,"column":52}},"type":"cond-expr","locations":[{"start":{"line":16,"column":25},"end":{"line":16,"column":33}},{"start":{"line":16,"column":36},"end":{"line":16,"column":52}}],"line":16},"2":{"loc":{"start":{"line":25,"column":9},"end":{"line":25,"column":66}},"type":"binary-expr","locations":[{"start":{"line":25,"column":9},"end":{"line":25,"column":36}},{"start":{"line":25,"column":40},"end":{"line":25,"column":66}}],"line":25}},"s":{"0":2,"1":2,"2":2,"3":0,"4":0,"5":0,"6":0},"f":{"0":0},"b":{"0":[0,0],"1":[0,0],"2":[0,0]},"_coverageSchema":"1a1c01bbd47fc00a2c39e90264f33305004495a9","hash":"1337616e62962ac6ef2e4f4569fae4b1a7308466"}
,"/home/isaac/Documentos/Projetos/flashMemoryCards/src/utils/filters/index.ts": {"path":"/home/isaac/Documentos/Projetos/flashMemoryCards/src/utils/filters/index.ts","statementMap":{},"fnMap":{},"branchMap":{},"s":{},"f":{},"b":{},"_coverageSchema":"1a1c01bbd47fc00a2c39e90264f33305004495a9","hash":"90b62695e47e6056d50e7d2e1c3c15215e03dd4a"}
,"/home/isaac/Documentos/Projetos/flashMemoryCards/src/utils/getContrastColor/index.ts": {"path":"/home/isaac/Documentos/Projetos/flashMemoryCards/src/utils/getContrastColor/index.ts","statementMap":{"0":{"start":{"line":5,"column":25},"end":{"line":22,"column":1}},"1":{"start":{"line":10,"column":29},"end":{"line":13,"column":3}},"2":{"start":{"line":14,"column":30},"end":{"line":17,"column":3}},"3":{"start":{"line":19,"column":2},"end":{"line":21,"column":24}}},"fnMap":{"0":{"name":"(anonymous_0)","decl":{"start":{"line":5,"column":25},"end":{"line":5,"column":26}},"loc":{"start":{"line":9,"column":5},"end":{"line":22,"column":1}},"line":9}},"branchMap":{"0":{"loc":{"start":{"line":7,"column":2},"end":{"line":7,"column":53}},"type":"default-arg","locations":[{"start":{"line":7,"column":29},"end":{"line":7,"column":53}}],"line":7},"1":{"loc":{"start":{"line":8,"column":2},"end":{"line":8,"column":54}},"type":"default-arg","locations":[{"start":{"line":8,"column":30},"end":{"line":8,"column":54}}],"line":8},"2":{"loc":{"start":{"line":19,"column":9},"end":{"line":21,"column":23}},"type":"cond-expr","locations":[{"start":{"line":20,"column":6},"end":{"line":20,"column":22}},{"start":{"line":21,"column":6},"end":{"line":21,"column":23}}],"line":19}},"s":{"0":2,"1":20,"2":20,"3":20},"f":{"0":20},"b":{"0":[20],"1":[20],"2":[10,10]},"_coverageSchema":"1a1c01bbd47fc00a2c39e90264f33305004495a9","hash":"816785c1f54e6e3c46976329f5100b73f486e4b6"}
,"/home/isaac/Documentos/Projetos/flashMemoryCards/src/utils/noteValidations/index.ts": {"path":"/home/isaac/Documentos/Projetos/flashMemoryCards/src/utils/noteValidations/index.ts","statementMap":{"0":{"start":{"line":3,"column":32},"end":{"line":3,"column":40}},"1":{"start":{"line":5,"column":29},"end":{"line":10,"column":1}},"2":{"start":{"line":12,"column":28},"end":{"line":27,"column":1}},"3":{"start":{"line":13,"column":44},"end":{"line":13,"column":48}},"4":{"start":{"line":14,"column":24},"end":{"line":14,"column":29}},"5":{"start":{"line":15,"column":16},"end":{"line":15,"column":26}},"6":{"start":{"line":17,"column":2},"end":{"line":24,"column":3}},"7":{"start":{"line":18,"column":4},"end":{"line":23,"column":10}},"8":{"start":{"line":26,"column":2},"end":{"line":26,"column":25}}},"fnMap":{"0":{"name":"(anonymous_0)","decl":{"start":{"line":12,"column":28},"end":{"line":12,"column":29}},"loc":{"start":{"line":12,"column":53},"end":{"line":27,"column":1}},"line":12}},"branchMap":{"0":{"loc":{"start":{"line":13,"column":9},"end":{"line":13,"column":26}},"type":"default-arg","locations":[{"start":{"line":13,"column":25},"end":{"line":13,"column":26}}],"line":13},"1":{"loc":{"start":{"line":17,"column":2},"end":{"line":24,"column":3}},"type":"if","locations":[{"start":{"line":17,"column":2},"end":{"line":24,"column":3}},{"start":{},"end":{}}],"line":17},"2":{"loc":{"start":{"line":17,"column":6},"end":{"line":17,"column":69}},"type":"binary-expr","locations":[{"start":{"line":17,"column":6},"end":{"line":17,"column":27}},{"start":{"line":17,"column":31},"end":{"line":17,"column":48}},{"start":{"line":17,"column":52},"end":{"line":17,"column":69}}],"line":17}},"s":{"0":3,"1":3,"2":3,"3":10,"4":10,"5":10,"6":10,"7":10,"8":10},"f":{"0":10},"b":{"0":[0],"1":[10,0],"2":[10,10,10]},"_coverageSchema":"1a1c01bbd47fc00a2c39e90264f33305004495a9","hash":"b6a5d29034fc839b959e1a23e1a4040c0da95172"}
,"/home/isaac/Documentos/Projetos/flashMemoryCards/src/utils/noteValidations/noteRevisionUpdate.ts": {"path":"/home/isaac/Documentos/Projetos/flashMemoryCards/src/utils/noteValidations/noteRevisionUpdate.ts","statementMap":{"0":{"start":{"line":3,"column":29},"end":{"line":8,"column":1}},"1":{"start":{"line":10,"column":27},"end":{"line":40,"column":1}},"2":{"start":{"line":16,"column":16},"end":{"line":16,"column":26}},"3":{"start":{"line":17,"column":20},"end":{"line":17,"column":42}},"4":{"start":{"line":18,"column":27},"end":{"line":18,"column":44}},"5":{"start":{"line":20,"column":2},"end":{"line":39,"column":3}},"6":{"start":{"line":21,"column":4},"end":{"line":38,"column":6}}},"fnMap":{"0":{"name":"(anonymous_0)","decl":{"start":{"line":10,"column":27},"end":{"line":10,"column":28}},"loc":{"start":{"line":15,"column":5},"end":{"line":40,"column":1}},"line":15}},"branchMap":{"0":{"loc":{"start":{"line":20,"column":2},"end":{"line":39,"column":3}},"type":"if","locations":[{"start":{"line":20,"column":2},"end":{"line":39,"column":3}},{"start":{},"end":{}}],"line":20},"1":{"loc":{"start":{"line":25,"column":12},"end":{"line":35,"column":14}},"type":"cond-expr","locations":[{"start":{"line":26,"column":12},"end":{"line":34,"column":13}},{"start":{"line":35,"column":12},"end":{"line":35,"column":14}}],"line":25}},"s":{"0":2,"1":2,"2":0,"3":0,"4":0,"5":0,"6":0},"f":{"0":0},"b":{"0":[0,0],"1":[0,0]},"_coverageSchema":"1a1c01bbd47fc00a2c39e90264f33305004495a9","hash":"5b31308a3a0c8a1c44df64c38eeec428cda3ddcf"}
,"/home/isaac/Documentos/Projetos/flashMemoryCards/src/utils/notifications/index.ts": {"path":"/home/isaac/Documentos/Projetos/flashMemoryCards/src/utils/notifications/index.ts","statementMap":{},"fnMap":{},"branchMap":{},"s":{},"f":{},"b":{}}
,"/home/isaac/Documentos/Projetos/flashMemoryCards/src/utils/notifications/notificationWrapper.tsx": {"path":"/home/isaac/Documentos/Projetos/flashMemoryCards/src/utils/notifications/notificationWrapper.tsx","statementMap":{"0":{"start":{"line":7,"column":28},"end":{"line":31,"column":1}},"1":{"start":{"line":8,"column":2},"end":{"line":28,"column":9}},"2":{"start":{"line":9,"column":4},"end":{"line":27,"column":7}},"3":{"start":{"line":11,"column":8},"end":{"line":16,"column":9}},"4":{"start":{"line":12,"column":10},"end":{"line":15,"column":13}},"5":{"start":{"line":18,"column":8},"end":{"line":18,"column":68}},"6":{"start":{"line":30,"column":2},"end":{"line":30,"column":14}}},"fnMap":{"0":{"name":"(anonymous_0)","decl":{"start":{"line":7,"column":28},"end":{"line":7,"column":29}},"loc":{"start":{"line":7,"column":34},"end":{"line":31,"column":1}},"line":7},"1":{"name":"(anonymous_1)","decl":{"start":{"line":8,"column":12},"end":{"line":8,"column":13}},"loc":{"start":{"line":8,"column":18},"end":{"line":28,"column":3}},"line":8},"2":{"name":"(anonymous_2)","decl":{"start":{"line":10,"column":22},"end":{"line":10,"column":23}},"loc":{"start":{"line":10,"column":46},"end":{"line":19,"column":7}},"line":10}},"branchMap":{"0":{"loc":{"start":{"line":11,"column":8},"end":{"line":16,"column":9}},"type":"if","locations":[{"start":{"line":11,"column":8},"end":{"line":16,"column":9}},{"start":{},"end":{}}],"line":11},"1":{"loc":{"start":{"line":11,"column":12},"end":{"line":11,"column":59}},"type":"binary-expr","locations":[{"start":{"line":11,"column":12},"end":{"line":11,"column":35}},{"start":{"line":11,"column":39},"end":{"line":11,"column":59}}],"line":11}},"s":{"0":0,"1":0,"2":0,"3":0,"4":0,"5":0,"6":0},"f":{"0":0,"1":0,"2":0},"b":{"0":[0,0],"1":[0,0]}}
,"/home/isaac/Documentos/Projetos/flashMemoryCards/src/utils/notifications/notifyNotes.ts": {"path":"/home/isaac/Documentos/Projetos/flashMemoryCards/src/utils/notifications/notifyNotes.ts","statementMap":{"0":{"start":{"line":3,"column":27},"end":{"line":3,"column":35}},"1":{"start":{"line":10,"column":28},"end":{"line":43,"column":1}},"2":{"start":{"line":11,"column":23},"end":{"line":32,"column":3}},"3":{"start":{"line":34,"column":2},"end":{"line":42,"column":5}},"4":{"start":{"line":35,"column":4},"end":{"line":41,"column":6}}},"fnMap":{"0":{"name":"(anonymous_0)","decl":{"start":{"line":10,"column":28},"end":{"line":10,"column":29}},"loc":{"start":{"line":10,"column":58},"end":{"line":43,"column":1}},"line":10},"1":{"name":"(anonymous_1)","decl":{"start":{"line":34,"column":19},"end":{"line":34,"column":20}},"loc":{"start":{"line":34,"column":31},"end":{"line":42,"column":3}},"line":34}},"branchMap":{},"s":{"0":5,"1":5,"2":0,"3":0,"4":0},"f":{"0":0,"1":0},"b":{},"_coverageSchema":"1a1c01bbd47fc00a2c39e90264f33305004495a9","hash":"702ffdef1d8fc653256516c62175effb0881b056"}
,"/home/isaac/Documentos/Projetos/flashMemoryCards/src/utils/notifications/scheduleNotification.ts": {"path":"/home/isaac/Documentos/Projetos/flashMemoryCards/src/utils/notifications/scheduleNotification.ts","statementMap":{"0":{"start":{"line":3,"column":34},"end":{"line":18,"column":4}},"1":{"start":{"line":10,"column":2},"end":{"line":18,"column":4}}},"fnMap":{"0":{"name":"(anonymous_0)","decl":{"start":{"line":3,"column":34},"end":{"line":3,"column":35}},"loc":{"start":{"line":10,"column":2},"end":{"line":18,"column":4}},"line":10}},"branchMap":{"0":{"loc":{"start":{"line":8,"column":2},"end":{"line":8,"column":23}},"type":"default-arg","locations":[{"start":{"line":8,"column":21},"end":{"line":8,"column":23}}],"line":8}},"s":{"0":5,"1":0},"f":{"0":0},"b":{"0":[0]},"_coverageSchema":"1a1c01bbd47fc00a2c39e90264f33305004495a9","hash":"d85d9744ecad0bf1def123278ac386d5c32921e0"}
,"/home/isaac/Documentos/Projetos/flashMemoryCards/src/utils/toastShow/index.ts": {"path":"/home/isaac/Documentos/Projetos/flashMemoryCards/src/utils/toastShow/index.ts","statementMap":{"0":{"start":{"line":3,"column":18},"end":{"line":25,"column":1}},"1":{"start":{"line":8,"column":18},"end":{"line":18,"column":3}},"2":{"start":{"line":9,"column":4},"end":{"line":17,"column":5}},"3":{"start":{"line":11,"column":8},"end":{"line":11,"column":33}},"4":{"start":{"line":13,"column":8},"end":{"line":13,"column":34}},"5":{"start":{"line":16,"column":8},"end":{"line":16,"column":34}},"6":{"start":{"line":20,"column":2},"end":{"line":24,"column":5}}},"fnMap":{"0":{"name":"(anonymous_0)","decl":{"start":{"line":3,"column":18},"end":{"line":3,"column":19}},"loc":{"start":{"line":7,"column":5},"end":{"line":25,"column":1}},"line":7},"1":{"name":"(anonymous_1)","decl":{"start":{"line":8,"column":18},"end":{"line":8,"column":19}},"loc":{"start":{"line":8,"column":24},"end":{"line":18,"column":3}},"line":8}},"branchMap":{"0":{"loc":{"start":{"line":6,"column":2},"end":{"line":6,"column":23}},"type":"default-arg","locations":[{"start":{"line":6,"column":21},"end":{"line":6,"column":23}}],"line":6},"1":{"loc":{"start":{"line":9,"column":4},"end":{"line":17,"column":5}},"type":"switch","locations":[{"start":{"line":10,"column":6},"end":{"line":11,"column":33}},{"start":{"line":12,"column":6},"end":{"line":13,"column":34}},{"start":{"line":14,"column":6},"end":{"line":14,"column":21}},{"start":{"line":15,"column":6},"end":{"line":16,"column":34}}],"line":9}},"s":{"0":5,"1":0,"2":0,"3":0,"4":0,"5":0,"6":0},"f":{"0":0,"1":0},"b":{"0":[0],"1":[0,0,0,0]},"_coverageSchema":"1a1c01bbd47fc00a2c39e90264f33305004495a9","hash":"fe9c35dc5297ba9d06261c5ae7d09117e50bd202"}
}
