TN:
SF:src/assets/materialCommunityIconList.js
FNF:0
FNH:0
LF:0
LH:0
BRF:0
BRH:0
end_of_record
TN:
SF:src/components/Button/index.tsx
FN:8,(anonymous_0)
FN:12,(anonymous_1)
FN:26,(anonymous_2)
FNF:3
FNH:2
FNDA:39,(anonymous_0)
FNDA:0,(anonymous_1)
FNDA:39,(anonymous_2)
DA:8,10
DA:19,39
DA:20,39
DA:22,39
DA:26,39
DA:28,39
DA:30,12
DA:31,12
DA:35,27
DA:36,27
DA:38,39
DA:41,39
LF:12
LH:12
BRDA:12,0,0,0
BRDA:16,1,0,39
BRDA:17,2,0,39
BRDA:19,3,0,39
BRDA:19,3,1,20
BRDA:20,4,0,39
BRDA:20,4,1,39
BRDA:22,5,0,27
BRDA:22,5,1,12
BRDA:22,6,0,39
BRDA:22,6,1,39
BRDA:28,7,0,12
BRDA:28,7,1,27
BRDA:28,7,2,27
BRDA:28,7,3,27
BRDA:49,8,0,27
BRDA:49,8,1,12
BRF:17
BRH:16
end_of_record
TN:
SF:src/components/CategoryListCard/index.tsx
FN:11,(anonymous_0)
FNF:1
FNH:1
FNDA:6,(anonymous_0)
DA:11,1
DA:21,6
LF:2
LH:2
BRDA:17,0,0,0
BRDA:27,1,0,6
BRDA:27,1,1,0
BRDA:43,2,0,6
BRDA:43,2,1,0
BRF:5
BRH:2
end_of_record
TN:
SF:src/components/CategoryListCard/styles.ts
FNF:0
FNH:0
DA:4,1
LF:1
LH:1
BRF:0
BRH:0
end_of_record
TN:
SF:src/components/ColorPicker/index.tsx
FN:15,(anonymous_0)
FN:25,(anonymous_1)
FN:30,(anonymous_2)
FN:31,(anonymous_3)
FN:44,(anonymous_4)
FN:88,(anonymous_5)
FNF:6
FNH:1
FNDA:12,(anonymous_0)
FNDA:0,(anonymous_1)
FNDA:0,(anonymous_2)
FNDA:0,(anonymous_3)
FNDA:0,(anonymous_4)
FNDA:0,(anonymous_5)
DA:15,2
DA:22,12
DA:23,12
DA:25,12
DA:26,0
DA:27,0
DA:30,12
DA:31,12
DA:33,12
DA:44,0
DA:88,0
LF:11
LH:7
BRDA:16,0,0,0
BRDA:19,1,0,0
BRDA:20,2,0,0
BRDA:27,3,0,0
BRDA:27,3,1,0
BRDA:40,4,0,0
BRDA:40,4,1,12
BRDA:56,5,0,12
BRDA:56,5,1,12
BRDA:56,5,2,0
BRF:10
BRH:3
end_of_record
TN:
SF:src/components/ColorPicker/styles.ts
FNF:0
FNH:0
DA:4,2
LF:1
LH:1
BRF:0
BRH:0
end_of_record
TN:
SF:src/components/DataInput/index.tsx
FN:8,(anonymous_0)
FN:20,(anonymous_1)
FN:24,(anonymous_2)
FN:36,(anonymous_3)
FN:41,(anonymous_4)
FNF:5
FNH:0
FNDA:0,(anonymous_0)
FNDA:0,(anonymous_1)
FNDA:0,(anonymous_2)
FNDA:0,(anonymous_3)
FNDA:0,(anonymous_4)
DA:8,2
DA:16,0
DA:17,0
DA:18,0
DA:20,0
DA:37,0
DA:38,0
DA:39,0
DA:42,0
LF:9
LH:1
BRDA:14,0,0,0
BRDA:26,1,0,0
BRDA:26,1,1,0
BRDA:35,2,0,0
BRDA:35,2,1,0
BRF:5
BRH:0
end_of_record
TN:
SF:src/components/DataRangeInput/index.tsx
FN:9,(anonymous_0)
FN:24,(anonymous_1)
FN:36,(anonymous_2)
FNF:3
FNH:0
FNDA:0,(anonymous_0)
FNDA:0,(anonymous_1)
FNDA:0,(anonymous_2)
DA:9,2
DA:17,0
DA:19,0
DA:25,0
DA:26,0
DA:27,0
DA:37,0
DA:38,0
DA:39,0
LF:9
LH:1
BRDA:12,0,0,0
BRF:1
BRH:0
end_of_record
TN:
SF:src/components/DataRangeInput/styles.ts
FNF:0
FNH:0
DA:3,2
LF:1
LH:1
BRF:0
BRH:0
end_of_record
TN:
SF:src/components/DefaultContainerView/index.tsx
FN:8,(anonymous_0)
FN:16,(anonymous_1)
FNF:2
FNH:2
FNDA:30,(anonymous_0)
FNDA:46,(anonymous_1)
DA:8,7
DA:13,30
DA:17,46
LF:3
LH:3
BRDA:15,0,0,17
BRDA:15,0,1,13
BRDA:17,1,0,46
BRDA:17,1,1,0
BRDA:25,2,0,13
BRDA:25,2,1,0
BRF:6
BRH:4
end_of_record
TN:
SF:src/components/DefaultContainerView/styles.ts
FNF:0
FNH:0
DA:4,7
LF:1
LH:1
BRF:0
BRH:0
end_of_record
TN:
SF:src/components/Dialog/index.tsx
FN:9,(anonymous_0)
FN:22,(anonymous_1)
FN:40,(anonymous_2)
FNF:3
FNH:2
FNDA:22,(anonymous_0)
FNDA:0,(anonymous_1)
FNDA:44,(anonymous_2)
DA:9,4
DA:17,22
DA:23,0
DA:41,44
LF:4
LH:3
BRDA:21,0,0,0
BRDA:21,0,1,22
BRDA:23,1,0,0
BRDA:23,1,1,0
BRDA:31,2,0,22
BRDA:31,2,1,0
BRDA:40,3,0,39
BRDA:44,4,0,22
BRDA:44,4,1,22
BRF:9
BRH:5
end_of_record
TN:
SF:src/components/Dialog/styles.ts
FNF:0
FNH:0
DA:4,4
LF:1
LH:1
BRF:0
BRH:0
end_of_record
TN:
SF:src/components/EmpytListMessage/index.tsx
FN:10,(anonymous_0)
FNF:1
FNH:0
FNDA:0,(anonymous_0)
DA:10,2
DA:11,0
LF:2
LH:1
BRF:0
BRH:0
end_of_record
TN:
SF:src/components/EmpytListMessage/styles.ts
FNF:0
FNH:0
DA:4,2
LF:1
LH:1
BRF:0
BRH:0
end_of_record
TN:
SF:src/components/EmpytMessage/index.tsx
FN:16,(anonymous_0)
FN:24,(anonymous_1)
FN:28,(anonymous_2)
FNF:3
FNH:0
FNDA:0,(anonymous_0)
FNDA:0,(anonymous_1)
FNDA:0,(anonymous_2)
DA:16,4
DA:22,0
DA:24,0
DA:25,0
DA:28,0
DA:29,0
DA:34,0
LF:7
LH:1
BRDA:41,0,0,0
BRDA:41,0,1,0
BRDA:41,0,2,0
BRF:3
BRH:0
end_of_record
TN:
SF:src/components/EmpytMessage/styles.ts
FNF:0
FNH:0
DA:4,4
LF:1
LH:1
BRF:0
BRH:0
end_of_record
TN:
SF:src/components/ErrorBoundary/index.tsx
FN:9,(anonymous_0)
FN:14,(anonymous_1)
FN:18,(anonymous_2)
FN:22,(anonymous_3)
FNF:4
FNH:4
FNDA:25,(anonymous_0)
FNDA:2,(anonymous_1)
FNDA:2,(anonymous_2)
FNDA:33,(anonymous_3)
DA:10,25
DA:11,25
DA:15,2
DA:19,2
DA:23,33
DA:24,2
DA:27,31
LF:7
LH:7
BRDA:23,0,0,2
BRDA:23,0,1,31
BRF:2
BRH:2
end_of_record
TN:
SF:src/components/ErrorWarning/index.tsx
FN:8,(anonymous_0)
FNF:1
FNH:1
FNDA:66,(anonymous_0)
DA:8,7
DA:9,66
LF:2
LH:2
BRDA:8,0,0,0
BRDA:8,1,0,0
BRDA:9,2,0,0
BRDA:9,2,1,66
BRF:4
BRH:1
end_of_record
TN:
SF:src/components/ErrorWarning/styles.ts
FNF:0
FNH:0
DA:4,7
LF:1
LH:1
BRF:0
BRH:0
end_of_record
TN:
SF:src/components/FloatingAddButton/index.tsx
FN:11,(anonymous_0)
FN:19,(anonymous_1)
FNF:2
FNH:2
FNDA:20,(anonymous_0)
FNDA:1,(anonymous_1)
DA:11,4
DA:15,20
DA:19,1
LF:3
LH:3
BRDA:13,0,0,17
BRF:1
BRH:1
end_of_record
TN:
SF:src/components/FloatingAddButton/styles.ts
FNF:0
FNH:0
DA:4,4
LF:1
LH:1
BRF:0
BRH:0
end_of_record
TN:
SF:src/components/Form/index.tsx
FN:6,(anonymous_0)
FNF:1
FNH:1
FNDA:18,(anonymous_0)
DA:6,7
DA:7,18
LF:2
LH:2
BRF:0
BRH:0
end_of_record
TN:
SF:src/components/Form/styles.ts
FNF:0
FNH:0
DA:4,0
LF:1
LH:0
BRF:0
BRH:0
end_of_record
TN:
SF:src/components/IconButton/index.tsx
FN:8,(anonymous_0)
FN:12,(anonymous_1)
FN:24,(anonymous_2)
FNF:3
FNH:2
FNDA:24,(anonymous_0)
FNDA:0,(anonymous_1)
FNDA:24,(anonymous_2)
DA:8,5
DA:18,24
DA:21,24
DA:24,24
DA:26,24
DA:28,0
DA:29,0
DA:31,24
DA:32,24
DA:34,0
DA:35,0
DA:37,24
DA:40,24
LF:13
LH:9
BRDA:12,0,0,0
BRDA:16,1,0,24
BRDA:18,2,0,24
BRDA:18,2,1,0
BRDA:21,3,0,24
BRDA:21,3,1,24
BRDA:22,4,0,0
BRDA:22,4,1,24
BRDA:26,5,0,0
BRDA:26,5,1,24
BRDA:26,5,2,0
BRDA:31,6,0,24
BRDA:31,6,1,24
BRDA:45,7,0,24
BRDA:45,7,1,0
BRF:15
BRH:9
end_of_record
TN:
SF:src/components/InfoContainer/index.tsx
FN:15,(anonymous_0)
FNF:1
FNH:1
FNDA:7,(anonymous_0)
DA:11,1
DA:15,1
DA:20,7
LF:3
LH:3
BRDA:16,0,0,7
BRDA:17,1,0,0
BRDA:18,2,0,7
BRDA:20,3,0,7
BRDA:20,3,1,0
BRF:5
BRH:3
end_of_record
TN:
SF:src/components/InfoContainer/styles.ts
FNF:0
FNH:0
DA:4,1
LF:1
LH:1
BRF:0
BRH:0
end_of_record
TN:
SF:src/components/InlineField/index.tsx
FN:7,(anonymous_0)
FNF:1
FNH:1
FNDA:40,(anonymous_0)
DA:7,2
DA:8,40
LF:2
LH:2
BRF:0
BRH:0
end_of_record
TN:
SF:src/components/InlineField/styles.ts
FNF:0
FNH:0
DA:4,2
LF:1
LH:1
BRF:0
BRH:0
end_of_record
TN:
SF:src/components/InlineFieldChips/index.tsx
FN:9,(anonymous_0)
FN:13,(anonymous_1)
FNF:2
FNH:2
FNDA:10,(anonymous_0)
FNDA:20,(anonymous_1)
DA:9,2
DA:10,10
DA:14,20
DA:16,20
LF:4
LH:4
BRF:0
BRH:0
end_of_record
TN:
SF:src/components/InlineFieldChips/styles.ts
FNF:0
FNH:0
DA:4,2
LF:1
LH:1
BRF:0
BRH:0
end_of_record
TN:
SF:src/components/LinearGradientView/index.tsx
FN:7,(anonymous_0)
FN:18,(anonymous_1)
FNF:2
FNH:1
FNDA:11,(anonymous_0)
FNDA:0,(anonymous_1)
DA:7,3
DA:13,11
DA:19,0
LF:3
LH:2
BRDA:8,0,0,11
BRDA:17,1,0,0
BRDA:17,1,1,11
BRDA:19,2,0,0
BRDA:19,2,1,0
BRDA:27,3,0,11
BRDA:27,3,1,0
BRF:7
BRH:3
end_of_record
TN:
SF:src/components/LinearGradientView/styles.ts
FNF:0
FNH:0
DA:3,3
LF:1
LH:1
BRF:0
BRH:0
end_of_record
TN:
SF:src/components/ListCard/index.tsx
FN:8,(anonymous_0)
FN:12,(anonymous_1)
FN:26,(anonymous_2)
FNF:3
FNH:2
FNDA:10,(anonymous_0)
FNDA:0,(anonymous_1)
FNDA:60,(anonymous_2)
DA:8,2
DA:15,10
DA:27,60
LF:3
LH:3
BRDA:11,0,0,0
BRDA:12,1,0,10
BRDA:25,2,0,10
BRDA:25,2,1,0
BRDA:25,3,0,10
BRDA:25,3,1,10
BRDA:27,4,0,50
BRDA:27,4,1,10
BRDA:35,5,0,0
BRDA:35,5,1,0
BRF:10
BRH:6
end_of_record
TN:
SF:src/components/ListCard/styles.ts
FNF:0
FNH:0
DA:4,2
LF:1
LH:1
BRF:0
BRH:0
end_of_record
TN:
SF:src/components/NoteListCard/index.tsx
FN:9,(anonymous_0)
FNF:1
FNH:1
FNDA:10,(anonymous_0)
DA:9,2
DA:20,10
LF:2
LH:2
BRDA:17,0,0,10
BRDA:24,1,0,0
BRDA:24,1,1,10
BRF:3
BRH:2
end_of_record
TN:
SF:src/components/NoteListCard/styles.ts
FNF:0
FNH:0
DA:3,0
LF:1
LH:0
BRF:0
BRH:0
end_of_record
TN:
SF:src/components/Select/index.tsx
FN:14,(anonymous_0)
FN:28,(anonymous_1)
FN:31,(anonymous_2)
FN:34,(anonymous_3)
FN:40,(anonymous_4)
FN:44,(anonymous_5)
FN:72,(anonymous_6)
FN:74,(anonymous_7)
FN:85,(anonymous_8)
FN:110,(anonymous_9)
FNF:10
FNH:4
FNDA:5,(anonymous_0)
FNDA:5,(anonymous_1)
FNDA:0,(anonymous_2)
FNDA:0,(anonymous_3)
FNDA:0,(anonymous_4)
FNDA:0,(anonymous_5)
FNDA:5,(anonymous_6)
FNDA:10,(anonymous_7)
FNDA:0,(anonymous_8)
FNDA:0,(anonymous_9)
DA:14,5
DA:24,5
DA:25,5
DA:28,5
DA:31,5
DA:32,0
DA:34,5
DA:35,0
DA:39,5
DA:41,0
DA:42,0
DA:45,0
DA:46,0
DA:47,0
DA:72,5
DA:73,5
DA:74,10
DA:79,5
DA:110,0
LF:19
LH:11
BRDA:17,0,0,0
BRDA:19,1,0,0
BRDA:20,2,0,0
BRDA:21,3,0,0
BRDA:22,4,0,0
BRDA:50,5,0,0
BRDA:50,5,1,0
BRDA:52,6,0,0
BRDA:52,6,1,0
BRDA:61,7,0,0
BRDA:61,7,1,0
BRF:11
BRH:0
end_of_record
TN:
SF:src/components/Select/styles.ts
FNF:0
FNH:0
DA:4,5
LF:1
LH:1
BRF:0
BRH:0
end_of_record
TN:
SF:src/components/SelectIcon/index.tsx
FN:15,(anonymous_0)
FN:25,(anonymous_1)
FN:36,(anonymous_2)
FN:46,(anonymous_3)
FN:73,(anonymous_4)
FN:83,(anonymous_5)
FNF:6
FNH:3
FNDA:6,(anonymous_0)
FNDA:6,(anonymous_1)
FNDA:6,(anonymous_2)
FNDA:0,(anonymous_3)
FNDA:0,(anonymous_4)
FNDA:0,(anonymous_5)
DA:14,1
DA:15,1
DA:16,6
DA:17,6
DA:18,6
DA:19,0
DA:22,6
DA:25,1
DA:31,6
DA:34,6
DA:36,6
DA:37,6
DA:38,6
DA:39,24
DA:47,0
DA:48,0
DA:59,6
DA:62,6
DA:73,0
DA:83,0
LF:20
LH:15
BRDA:26,0,0,0
BRDA:28,1,0,0
BRDA:29,2,0,0
BRDA:42,3,0,0
BRDA:42,3,1,24
BRDA:47,4,0,0
BRDA:47,4,1,0
BRDA:67,5,0,0
BRDA:67,5,1,6
BRF:9
BRH:2
end_of_record
TN:
SF:src/components/SelectIcon/styles.ts
FNF:0
FNH:0
DA:4,1
LF:1
LH:1
BRF:0
BRH:0
end_of_record
TN:
SF:src/components/SelectMultiple/index.tsx
FN:15,(anonymous_0)
FN:25,(anonymous_1)
FN:38,(anonymous_2)
FN:41,(anonymous_3)
FN:44,(anonymous_4)
FN:48,(anonymous_5)
FN:52,(anonymous_6)
FN:65,(anonymous_7)
FN:68,(anonymous_8)
FN:73,(anonymous_9)
FN:117,(anonymous_10)
FN:118,(anonymous_11)
FN:145,(anonymous_12)
FNF:13
FNH:2
FNDA:0,(anonymous_0)
FNDA:19,(anonymous_1)
FNDA:15,(anonymous_2)
FNDA:0,(anonymous_3)
FNDA:0,(anonymous_4)
FNDA:0,(anonymous_5)
FNDA:0,(anonymous_6)
FNDA:0,(anonymous_7)
FNDA:0,(anonymous_8)
FNDA:0,(anonymous_9)
FNDA:0,(anonymous_10)
FNDA:0,(anonymous_11)
FNDA:0,(anonymous_12)
DA:15,5
DA:16,0
DA:25,5
DA:34,19
DA:35,19
DA:38,19
DA:41,19
DA:42,0
DA:44,19
DA:45,0
DA:47,19
DA:49,0
DA:50,0
DA:51,0
DA:52,0
DA:55,0
DA:57,0
DA:58,0
DA:64,19
DA:66,0
DA:67,0
DA:68,0
DA:73,0
DA:95,19
DA:118,0
DA:119,0
DA:120,0
DA:145,0
LF:28
LH:10
BRDA:28,0,0,19
BRDA:30,1,0,0
BRDA:31,2,0,12
BRDA:32,3,0,12
BRDA:50,4,0,0
BRDA:50,4,1,0
BRDA:75,5,0,0
BRDA:75,5,1,0
BRDA:84,6,0,0
BRDA:84,6,1,0
BRDA:103,7,0,0
BRDA:103,7,1,19
BRDA:108,8,0,19
BRDA:108,8,1,0
BRDA:112,9,0,0
BRDA:112,9,1,19
BRDA:119,10,0,0
BRDA:119,10,1,0
BRF:18
BRH:6
end_of_record
TN:
SF:src/components/SelectMultiple/styles.ts
FNF:0
FNH:0
DA:4,5
LF:1
LH:1
BRF:0
BRH:0
end_of_record
TN:
SF:src/components/SideMenu/index.tsx
FN:12,(anonymous_0)
FN:19,(anonymous_1)
FN:20,(anonymous_2)
FN:27,(anonymous_3)
FN:28,(anonymous_4)
FN:35,(anonymous_5)
FN:36,(anonymous_6)
FN:43,(anonymous_7)
FN:44,(anonymous_8)
FN:53,(anonymous_9)
FN:54,(anonymous_10)
FN:61,(anonymous_11)
FN:64,(anonymous_12)
FNF:13
FNH:0
FNDA:0,(anonymous_0)
FNDA:0,(anonymous_1)
FNDA:0,(anonymous_2)
FNDA:0,(anonymous_3)
FNDA:0,(anonymous_4)
FNDA:0,(anonymous_5)
FNDA:0,(anonymous_6)
FNDA:0,(anonymous_7)
FNDA:0,(anonymous_8)
FNDA:0,(anonymous_9)
FNDA:0,(anonymous_10)
FNDA:0,(anonymous_11)
FNDA:0,(anonymous_12)
DA:12,0
DA:13,0
DA:19,0
DA:21,0
DA:27,0
DA:29,0
DA:35,0
DA:37,0
DA:43,0
DA:45,0
DA:53,0
DA:55,0
DA:62,0
DA:65,0
LF:14
LH:0
BRF:0
BRH:0
end_of_record
TN:
SF:src/components/SideMenu/styles.ts
FNF:0
FNH:0
DA:4,0
LF:1
LH:0
BRF:0
BRH:0
end_of_record
TN:
SF:src/components/SubjectListCard/index.tsx
FN:8,(anonymous_0)
FNF:1
FNH:1
FNDA:8,(anonymous_0)
DA:8,1
DA:14,8
LF:2
LH:2
BRF:0
BRH:0
end_of_record
TN:
SF:src/components/SubjectListCard/styles.ts
FNF:0
FNH:0
DA:4,1
LF:1
LH:1
BRF:0
BRH:0
end_of_record
TN:
SF:src/components/TextEditor/index.tsx
FN:12,(anonymous_0)
FN:20,(anonymous_1)
FN:24,(anonymous_2)
FN:25,(anonymous_3)
FN:28,(anonymous_4)
FN:32,(anonymous_5)
FN:72,(anonymous_6)
FNF:7
FNH:1
FNDA:2,(anonymous_0)
FNDA:0,(anonymous_1)
FNDA:0,(anonymous_2)
FNDA:0,(anonymous_3)
FNDA:0,(anonymous_4)
FNDA:0,(anonymous_5)
FNDA:0,(anonymous_6)
DA:12,5
DA:17,2
DA:18,2
DA:20,2
DA:21,0
DA:24,2
DA:25,0
DA:26,0
DA:28,0
DA:29,0
DA:32,0
DA:33,0
DA:34,0
DA:38,2
DA:73,0
LF:15
LH:6
BRDA:15,0,0,2
BRDA:69,1,0,0
BRDA:69,1,1,2
BRDA:73,2,0,0
BRDA:73,2,1,0
BRDA:73,3,0,0
BRDA:73,3,1,0
BRF:7
BRH:2
end_of_record
TN:
SF:src/components/TextEditor/styles.ts
FNF:0
FNH:0
DA:4,5
LF:1
LH:1
BRF:0
BRH:0
end_of_record
TN:
SF:src/components/TextInput/index.tsx
FN:13,(anonymous_0)
FN:35,(anonymous_1)
FNF:2
FNH:2
FNDA:29,(anonymous_0)
FNDA:3,(anonymous_1)
DA:13,7
DA:24,29
DA:35,3
LF:3
LH:3
BRDA:20,0,0,0
BRDA:21,1,0,0
BRF:2
BRH:0
end_of_record
TN:
SF:src/components/TextInput/styles.ts
FNF:0
FNH:0
DA:4,7
LF:1
LH:1
BRF:0
BRH:0
end_of_record
TN:
SF:src/context/appContext.tsx
FN:31,(anonymous_0)
FN:32,(anonymous_1)
FN:33,(anonymous_2)
FN:34,(anonymous_3)
FN:35,(anonymous_4)
FN:36,(anonymous_5)
FNF:6
FNH:0
FNDA:0,(anonymous_0)
FNDA:0,(anonymous_1)
FNDA:0,(anonymous_2)
FNDA:0,(anonymous_3)
FNDA:0,(anonymous_4)
FNDA:0,(anonymous_5)
DA:22,5
LF:1
LH:1
BRF:0
BRH:0
end_of_record
TN:
SF:src/context/appProvider.tsx
FN:8,(anonymous_0)
FN:16,(anonymous_1)
FN:18,(anonymous_2)
FNF:3
FNH:0
FNDA:0,(anonymous_0)
FNDA:0,(anonymous_1)
FNDA:0,(anonymous_2)
DA:8,0
DA:9,0
DA:10,0
DA:11,0
DA:12,0
DA:13,0
DA:14,0
DA:16,0
DA:17,0
DA:18,0
DA:19,0
DA:21,0
DA:30,0
DA:40,0
LF:14
LH:0
BRF:0
BRH:0
end_of_record
TN:
SF:src/databases/index.ts
FN:19,(anonymous_0)
FNF:1
FNH:0
FNDA:0,(anonymous_0)
DA:10,7
DA:14,7
DA:19,7
LF:3
LH:3
BRF:0
BRH:0
end_of_record
TN:
SF:src/databases/models/categoryModel.ts
FNF:0
FNH:0
DA:5,7
DA:6,7
LF:2
LH:2
BRF:0
BRH:0
end_of_record
TN:
SF:src/databases/models/noteModel.ts
FNF:0
FNH:0
DA:5,7
DA:7,7
DA:33,0
LF:3
LH:2
BRF:0
BRH:0
end_of_record
TN:
SF:src/databases/models/noteSubjectModel.ts
FNF:0
FNH:0
DA:5,7
DA:7,7
LF:2
LH:2
BRF:0
BRH:0
end_of_record
TN:
SF:src/databases/models/subjectModel.ts
FNF:0
FNH:0
DA:5,7
DA:7,7
LF:2
LH:2
BRF:0
BRH:0
end_of_record
TN:
SF:src/databases/schemas/categorySchema.ts
FNF:0
FNH:0
DA:3,7
LF:1
LH:1
BRF:0
BRH:0
end_of_record
TN:
SF:src/databases/schemas/index.ts
FNF:0
FNH:0
DA:8,7
LF:1
LH:1
BRF:0
BRH:0
end_of_record
TN:
SF:src/databases/schemas/noteSchema.ts
FNF:0
FNH:0
DA:3,7
LF:1
LH:1
BRF:0
BRH:0
end_of_record
TN:
SF:src/databases/schemas/noteSubjectSchema.ts
FNF:0
FNH:0
DA:3,7
LF:1
LH:1
BRF:0
BRH:0
end_of_record
TN:
SF:src/databases/schemas/subjectSchema.ts
FNF:0
FNH:0
DA:3,7
LF:1
LH:1
BRF:0
BRH:0
end_of_record
TN:
SF:src/databases/utils/deleteItemInWMDB.ts
FN:6,deleteItemInWMDB
FN:9,(anonymous_1)
FNF:2
FNH:0
FNDA:0,deleteItemInWMDB
FNDA:0,(anonymous_1)
DA:7,0
DA:8,0
DA:9,0
DA:10,0
DA:11,0
DA:12,0
DA:13,0
DA:15,0
DA:17,0
DA:19,0
DA:21,0
DA:22,0
DA:27,0
LF:13
LH:0
BRDA:12,0,0,0
BRDA:12,0,1,0
BRF:2
BRH:0
end_of_record
TN:
SF:src/databases/utils/deleteItemWithM2MRelationInWMDB.ts
FN:9,deleteItemWithM2MRelationInWMDB
FN:19,(anonymous_1)
FN:25,(anonymous_2)
FNF:3
FNH:0
FNDA:0,deleteItemWithM2MRelationInWMDB
FNDA:0,(anonymous_1)
FNDA:0,(anonymous_2)
DA:15,0
DA:16,0
DA:17,0
DA:19,0
DA:20,0
DA:25,0
DA:26,0
DA:29,0
DA:32,0
DA:34,0
DA:39,0
LF:11
LH:0
BRF:0
BRH:0
end_of_record
TN:
SF:src/databases/utils/getDataFromWMDB.ts
FN:7,getDataFromWMDB
FN:10,(anonymous_1)
FNF:2
FNH:0
FNDA:0,getDataFromWMDB
FNDA:0,(anonymous_1)
DA:8,0
DA:9,0
DA:10,0
DA:11,0
DA:16,0
DA:18,0
DA:20,0
DA:25,0
LF:8
LH:0
BRF:0
BRH:0
end_of_record
TN:
SF:src/databases/utils/index.ts
FNF:0
FNH:0
LF:0
LH:0
BRF:0
BRH:0
end_of_record
TN:
SF:src/databases/utils/insertItemInWMDB.ts
FN:6,insertItemInWMDB
FN:9,(anonymous_1)
FN:14,(anonymous_2)
FN:16,(anonymous_3)
FN:19,(anonymous_4)
FNF:5
FNH:0
FNDA:0,insertItemInWMDB
FNDA:0,(anonymous_1)
FNDA:0,(anonymous_2)
FNDA:0,(anonymous_3)
FNDA:0,(anonymous_4)
DA:7,0
DA:8,0
DA:9,0
DA:10,0
DA:12,0
DA:15,0
DA:16,0
DA:17,0
DA:19,0
DA:20,0
DA:24,0
DA:26,0
DA:28,0
DA:29,0
DA:34,0
LF:15
LH:0
BRDA:10,0,0,0
BRF:1
BRH:0
end_of_record
TN:
SF:src/databases/utils/insertItemWithM2MRelationInWMDB.ts
FN:6,insertItemWithM2MRelationInWMDB
FN:18,(anonymous_1)
FNF:2
FNH:0
FNDA:0,insertItemWithM2MRelationInWMDB
FNDA:0,(anonymous_1)
DA:13,0
DA:14,0
DA:16,0
DA:19,0
DA:29,0
DA:31,0
DA:32,0
DA:37,0
LF:8
LH:0
BRF:0
BRH:0
end_of_record
TN:
SF:src/databases/utils/updateItemInWMDB.ts
FN:6,updateItemInWMDB
FN:13,(anonymous_1)
FN:22,(anonymous_2)
FN:24,(anonymous_3)
FNF:4
FNH:0
FNDA:0,updateItemInWMDB
FNDA:0,(anonymous_1)
FNDA:0,(anonymous_2)
FNDA:0,(anonymous_3)
DA:11,0
DA:12,0
DA:13,0
DA:14,0
DA:15,0
DA:16,0
DA:22,0
DA:23,0
DA:24,0
DA:25,0
DA:28,0
DA:30,0
DA:32,0
DA:37,0
LF:14
LH:0
BRDA:15,0,0,0
BRDA:15,0,1,0
BRF:2
BRH:0
end_of_record
TN:
SF:src/databases/utils/updateItemWithM2MRelationInWMDB.ts
FN:11,updateItemWithM2MRelationInWMDB
FN:24,(anonymous_1)
FN:30,(anonymous_2)
FN:35,(anonymous_3)
FN:36,(anonymous_4)
FNF:5
FNH:0
FNDA:0,updateItemWithM2MRelationInWMDB
FNDA:0,(anonymous_1)
FNDA:0,(anonymous_2)
FNDA:0,(anonymous_3)
FNDA:0,(anonymous_4)
DA:20,0
DA:21,0
DA:22,0
DA:24,0
DA:25,0
DA:30,0
DA:31,0
DA:34,0
DA:36,0
DA:37,0
DA:38,0
DA:42,0
DA:48,0
DA:50,0
DA:51,0
DA:56,0
LF:16
LH:0
BRF:0
BRH:0
end_of_record
TN:
SF:src/hooks/useFilterBySearchParams/index.ts
FN:4,(anonymous_0)
FN:11,(anonymous_1)
FNF:2
FNH:1
FNDA:7,(anonymous_0)
FNDA:0,(anonymous_1)
DA:4,2
DA:9,7
DA:10,7
DA:12,0
LF:4
LH:3
BRDA:5,0,0,0
BRDA:6,1,0,0
BRDA:10,2,0,0
BRDA:10,2,1,7
BRF:4
BRH:1
end_of_record
TN:
SF:src/hooks/useGetFromGlobalState/index.ts
FN:5,(anonymous_0)
FNF:1
FNH:1
FNDA:33,(anonymous_0)
DA:5,4
DA:6,33
DA:7,33
DA:8,33
LF:4
LH:4
BRDA:5,0,0,0
BRDA:5,1,0,0
BRF:2
BRH:0
end_of_record
TN:
SF:src/navigation/NavigationService.ts
FN:9,setTopLevelNavigator
FN:15,navigate
FN:16,(anonymous_2)
FN:34,(anonymous_3)
FN:39,setParams
FNF:5
FNH:0
FNDA:0,setTopLevelNavigator
FNDA:0,navigate
FNDA:0,(anonymous_2)
FNDA:0,(anonymous_3)
FNDA:0,setParams
DA:12,0
DA:16,0
DA:17,0
DA:18,0
DA:20,0
DA:28,0
DA:29,0
DA:31,0
DA:34,0
DA:40,0
LF:10
LH:0
BRDA:17,0,0,0
BRDA:17,0,1,0
BRDA:31,1,0,0
BRDA:31,1,1,0
BRF:4
BRH:0
end_of_record
TN:
SF:src/navigation/routes.tsx
FN:31,Home
FN:38,(anonymous_1)
FN:54,(anonymous_2)
FN:58,(anonymous_3)
FN:77,(anonymous_4)
FN:91,(anonymous_5)
FN:93,(anonymous_6)
FN:95,(anonymous_7)
FN:101,(anonymous_8)
FN:102,(anonymous_9)
FN:106,(anonymous_10)
FN:107,(anonymous_11)
FN:110,(anonymous_12)
FN:114,(anonymous_13)
FN:120,(anonymous_14)
FN:121,(anonymous_15)
FN:144,(anonymous_16)
FN:161,(anonymous_17)
FN:175,(anonymous_18)
FN:187,(anonymous_19)
FN:195,(anonymous_20)
FN:199,(anonymous_21)
FN:213,(anonymous_22)
FN:240,(anonymous_23)
FN:252,(anonymous_24)
FN:264,(anonymous_25)
FN:270,(anonymous_26)
FN:272,(anonymous_27)
FN:281,(anonymous_28)
FNF:29
FNH:0
FNDA:0,Home
FNDA:0,(anonymous_1)
FNDA:0,(anonymous_2)
FNDA:0,(anonymous_3)
FNDA:0,(anonymous_4)
FNDA:0,(anonymous_5)
FNDA:0,(anonymous_6)
FNDA:0,(anonymous_7)
FNDA:0,(anonymous_8)
FNDA:0,(anonymous_9)
FNDA:0,(anonymous_10)
FNDA:0,(anonymous_11)
FNDA:0,(anonymous_12)
FNDA:0,(anonymous_13)
FNDA:0,(anonymous_14)
FNDA:0,(anonymous_15)
FNDA:0,(anonymous_16)
FNDA:0,(anonymous_17)
FNDA:0,(anonymous_18)
FNDA:0,(anonymous_19)
FNDA:0,(anonymous_20)
FNDA:0,(anonymous_21)
FNDA:0,(anonymous_22)
FNDA:0,(anonymous_23)
FNDA:0,(anonymous_24)
FNDA:0,(anonymous_25)
FNDA:0,(anonymous_26)
FNDA:0,(anonymous_27)
FNDA:0,(anonymous_28)
DA:35,0
DA:38,0
DA:55,0
DA:58,0
DA:74,0
DA:75,0
DA:77,0
DA:78,0
DA:79,0
DA:89,0
DA:91,0
DA:92,0
DA:94,0
DA:95,0
DA:101,0
DA:102,0
DA:106,0
DA:107,0
DA:108,0
DA:110,0
DA:111,0
DA:114,0
DA:115,0
DA:116,0
DA:120,0
DA:121,0
DA:122,0
DA:123,0
DA:124,0
DA:125,0
DA:126,0
DA:129,0
DA:131,0
DA:135,0
DA:138,0
DA:139,0
DA:142,0
DA:145,0
DA:161,0
DA:176,0
DA:178,0
DA:188,0
DA:189,0
DA:191,0
DA:196,0
DA:200,0
DA:214,0
DA:241,0
DA:243,0
DA:253,0
DA:255,0
DA:265,0
DA:267,0
DA:271,0
DA:272,0
DA:281,0
DA:315,0
LF:57
LH:0
BRDA:55,0,0,0
BRDA:55,0,1,0
BRDA:125,1,0,0
BRDA:125,1,1,0
BRDA:138,2,0,0
BRDA:138,2,1,0
BRDA:179,3,0,0
BRDA:179,3,1,0
BRDA:196,4,0,0
BRDA:196,4,1,0
BRDA:244,5,0,0
BRDA:244,5,1,0
BRDA:256,6,0,0
BRDA:256,6,1,0
BRF:14
BRH:0
end_of_record
TN:
SF:src/screens/Category/index.ts
FNF:0
FNH:0
LF:0
LH:0
BRF:0
BRH:0
end_of_record
TN:
SF:src/screens/Category/Create/index.tsx
FN:23,(anonymous_0)
FN:30,(anonymous_1)
FN:35,(anonymous_2)
FN:45,(anonymous_3)
FN:65,(anonymous_4)
FN:94,(anonymous_5)
FN:108,(anonymous_6)
FN:127,(anonymous_7)
FN:136,(anonymous_8)
FN:144,(anonymous_9)
FNF:10
FNH:4
FNDA:4,(anonymous_0)
FNDA:0,(anonymous_1)
FNDA:0,(anonymous_2)
FNDA:1,(anonymous_3)
FNDA:6,(anonymous_4)
FNDA:0,(anonymous_5)
FNDA:0,(anonymous_6)
FNDA:0,(anonymous_7)
FNDA:0,(anonymous_8)
FNDA:4,(anonymous_9)
DA:23,1
DA:27,4
DA:28,4
DA:30,4
DA:31,0
DA:32,0
DA:35,4
DA:36,0
DA:42,0
DA:45,4
DA:46,1
DA:48,1
DA:49,0
DA:51,1
DA:52,1
DA:54,1
DA:55,1
DA:58,1
DA:61,4
DA:75,6
DA:94,0
DA:108,0
DA:127,0
DA:136,0
DA:145,4
DA:146,4
DA:148,4
LF:27
LH:18
BRDA:36,0,0,0
BRDA:36,0,1,0
BRDA:48,1,0,0
BRDA:48,1,1,1
BRDA:51,2,0,1
BRDA:51,2,1,0
BRDA:54,3,0,1
BRDA:54,3,1,0
BRDA:120,4,0,0
BRDA:120,4,1,6
BRDA:132,5,0,0
BRDA:132,5,1,4
BRDA:149,6,0,0
BRDA:149,6,1,4
BRF:14
BRH:6
end_of_record
TN:
SF:src/screens/Category/Create/styles.ts
FNF:0
FNH:0
DA:4,1
LF:1
LH:1
BRF:0
BRH:0
end_of_record
TN:
SF:src/screens/Category/List/index.tsx
FN:20,(anonymous_0)
FN:32,(anonymous_1)
FN:37,(anonymous_2)
FN:42,(anonymous_3)
FN:43,(anonymous_4)
FN:58,(anonymous_5)
FN:59,(anonymous_6)
FN:72,(anonymous_7)
FN:83,(anonymous_8)
FN:92,(anonymous_9)
FNF:10
FNH:6
FNDA:3,(anonymous_0)
FNDA:0,(anonymous_1)
FNDA:6,(anonymous_2)
FNDA:12,(anonymous_3)
FNDA:0,(anonymous_4)
FNDA:6,(anonymous_5)
FNDA:6,(anonymous_6)
FNDA:0,(anonymous_7)
FNDA:0,(anonymous_8)
FNDA:3,(anonymous_9)
DA:20,1
DA:21,3
DA:27,3
DA:28,0
DA:32,0
DA:37,3
DA:38,6
DA:39,6
DA:41,6
DA:42,12
DA:44,0
DA:45,0
DA:46,0
DA:50,6
DA:53,3
DA:58,6
DA:60,6
DA:62,6
DA:64,6
DA:73,0
DA:83,0
DA:92,3
LF:22
LH:15
BRDA:27,0,0,0
BRDA:27,0,1,3
BRDA:45,1,0,0
BRDA:45,1,1,0
BRF:4
BRH:1
end_of_record
TN:
SF:src/screens/Category/List/styles.ts
FNF:0
FNH:0
DA:4,1
LF:1
LH:1
BRF:0
BRH:0
end_of_record
TN:
SF:src/screens/HelpPage/index.tsx
FN:6,(anonymous_0)
FNF:1
FNH:1
FNDA:3,(anonymous_0)
DA:6,1
DA:7,3
LF:2
LH:2
BRF:0
BRH:0
end_of_record
TN:
SF:src/screens/HelpPage/styles.ts
FNF:0
FNH:0
DA:4,1
LF:1
LH:1
BRF:0
BRH:0
end_of_record
TN:
SF:src/screens/Home/index.tsx
FN:27,(anonymous_0)
FN:37,(anonymous_1)
FN:52,(anonymous_2)
FN:53,(anonymous_3)
FN:54,(anonymous_4)
FN:77,(anonymous_5)
FN:78,(anonymous_6)
FN:85,(anonymous_7)
FN:100,(anonymous_8)
FN:117,(anonymous_9)
FN:126,(anonymous_10)
FN:128,(anonymous_11)
FN:139,(anonymous_12)
FN:140,(anonymous_13)
FN:162,(anonymous_14)
FN:170,(anonymous_15)
FN:175,(anonymous_16)
FN:179,(anonymous_17)
FN:194,(anonymous_18)
FNF:19
FNH:10
FNDA:10,(anonymous_0)
FNDA:10,(anonymous_1)
FNDA:0,(anonymous_2)
FNDA:0,(anonymous_3)
FNDA:0,(anonymous_4)
FNDA:5,(anonymous_5)
FNDA:5,(anonymous_6)
FNDA:10,(anonymous_7)
FNDA:20,(anonymous_8)
FNDA:0,(anonymous_9)
FNDA:0,(anonymous_10)
FNDA:0,(anonymous_11)
FNDA:25,(anonymous_12)
FNDA:10,(anonymous_13)
FNDA:5,(anonymous_14)
FNDA:0,(anonymous_15)
FNDA:0,(anonymous_16)
FNDA:0,(anonymous_17)
FNDA:5,(anonymous_18)
DA:27,1
DA:28,10
DA:29,10
DA:30,10
DA:31,10
DA:32,10
DA:37,10
DA:43,10
DA:44,10
DA:46,10
DA:47,0
DA:50,10
DA:51,0
DA:52,0
DA:53,0
DA:54,0
DA:55,0
DA:57,0
DA:60,10
DA:61,0
DA:67,10
DA:68,0
DA:74,10
DA:77,10
DA:78,5
DA:79,5
DA:80,5
DA:81,5
DA:86,10
DA:87,10
DA:88,10
DA:89,10
DA:100,20
DA:110,5
DA:114,5
DA:117,10
DA:121,0
DA:122,0
DA:123,0
DA:126,10
DA:128,10
DA:129,0
DA:130,0
DA:133,10
DA:139,25
DA:148,10
DA:150,10
DA:162,5
DA:170,0
DA:175,0
DA:179,0
DA:195,5
LF:52
LH:35
BRDA:46,0,0,0
BRDA:46,0,1,10
BRDA:46,1,0,10
BRDA:46,1,1,0
BRDA:50,2,0,0
BRDA:50,2,1,10
BRDA:50,3,0,10
BRDA:50,3,1,0
BRDA:60,4,0,0
BRDA:60,4,1,10
BRDA:60,5,0,10
BRDA:60,5,1,10
BRDA:60,5,2,0
BRDA:67,6,0,0
BRDA:67,6,1,10
BRDA:67,7,0,10
BRDA:67,7,1,10
BRDA:67,7,2,0
BRDA:79,8,0,5
BRDA:79,8,1,0
BRDA:88,9,0,10
BRDA:88,9,1,0
BRDA:100,10,0,10
BRDA:100,10,1,0
BRF:24
BRH:13
end_of_record
TN:
SF:src/screens/Home/styles.ts
FNF:0
FNH:0
DA:4,1
LF:1
LH:1
BRF:0
BRH:0
end_of_record
TN:
SF:src/screens/Home/components/EmpytListMessage.tsx
FN:9,(anonymous_0)
FNF:1
FNH:1
FNDA:5,(anonymous_0)
DA:9,1
DA:10,5
LF:2
LH:2
BRF:0
BRH:0
end_of_record
TN:
SF:src/screens/Home/components/styles.ts
FNF:0
FNH:0
DA:4,1
LF:1
LH:1
BRF:0
BRH:0
end_of_record
TN:
SF:src/screens/InitialPage/index.tsx
FN:21,(anonymous_0)
FN:27,(anonymous_1)
FN:28,(anonymous_2)
FN:29,(anonymous_3)
FN:35,(anonymous_4)
FN:39,(anonymous_5)
FN:51,(anonymous_6)
FN:63,(anonymous_7)
FN:69,(anonymous_8)
FN:91,(anonymous_9)
FNF:10
FNH:4
FNDA:4,(anonymous_0)
FNDA:2,(anonymous_1)
FNDA:0,(anonymous_2)
FNDA:0,(anonymous_3)
FNDA:2,(anonymous_4)
FNDA:0,(anonymous_5)
FNDA:0,(anonymous_6)
FNDA:0,(anonymous_7)
FNDA:0,(anonymous_8)
FNDA:1,(anonymous_9)
DA:21,2
DA:22,4
DA:23,4
DA:24,4
DA:25,4
DA:27,4
DA:28,2
DA:29,0
DA:30,0
DA:35,4
DA:36,2
DA:39,4
DA:40,0
DA:51,4
DA:52,0
DA:63,4
DA:64,0
DA:69,4
DA:70,0
DA:75,4
DA:91,1
LF:21
LH:15
BRF:0
BRH:0
end_of_record
TN:
SF:src/screens/InitialPage/styles.ts
FNF:0
FNH:0
DA:4,2
LF:1
LH:1
BRF:0
BRH:0
end_of_record
TN:
SF:src/screens/LoadingPage/index.tsx
FN:7,(anonymous_0)
FNF:1
FNH:1
FNDA:3,(anonymous_0)
DA:7,1
DA:8,3
LF:2
LH:2
BRF:0
BRH:0
end_of_record
TN:
SF:src/screens/LoadingPage/styles.ts
FNF:0
FNH:0
DA:3,1
LF:1
LH:1
BRF:0
BRH:0
end_of_record
TN:
SF:src/screens/Note/index.ts
FNF:0
FNH:0
LF:0
LH:0
BRF:0
BRH:0
end_of_record
TN:
SF:src/screens/Note/Create/index.tsx
FN:35,(anonymous_0)
FN:36,(anonymous_1)
FN:43,(anonymous_2)
FN:53,(anonymous_3)
FN:55,(anonymous_4)
FN:58,(anonymous_5)
FN:62,(anonymous_6)
FN:71,(anonymous_7)
FN:73,(anonymous_8)
FN:111,(anonymous_9)
FN:124,(anonymous_10)
FN:137,(anonymous_11)
FN:147,(anonymous_12)
FN:182,(anonymous_13)
FN:199,(anonymous_14)
FN:207,(anonymous_15)
FN:219,(anonymous_16)
FN:236,(anonymous_17)
FN:244,(anonymous_18)
FNF:19
FNH:6
FNDA:28,(anonymous_0)
FNDA:56,(anonymous_1)
FNDA:5,(anonymous_2)
FNDA:4,(anonymous_3)
FNDA:0,(anonymous_4)
FNDA:0,(anonymous_5)
FNDA:0,(anonymous_6)
FNDA:0,(anonymous_7)
FNDA:0,(anonymous_8)
FNDA:0,(anonymous_9)
FNDA:0,(anonymous_10)
FNDA:0,(anonymous_11)
FNDA:5,(anonymous_12)
FNDA:0,(anonymous_13)
FNDA:0,(anonymous_14)
FNDA:0,(anonymous_15)
FNDA:0,(anonymous_16)
FNDA:0,(anonymous_17)
FNDA:5,(anonymous_18)
DA:35,5
DA:36,56
DA:43,5
DA:48,5
DA:50,5
DA:51,5
DA:53,5
DA:54,4
DA:55,4
DA:56,0
DA:58,4
DA:59,0
DA:62,4
DA:63,0
DA:64,0
DA:67,0
DA:71,5
DA:72,0
DA:73,0
DA:77,0
DA:78,0
DA:79,0
DA:81,0
DA:83,0
DA:103,0
DA:105,0
DA:107,0
DA:108,0
DA:112,0
DA:120,0
DA:124,5
DA:125,0
DA:127,0
DA:128,0
DA:130,0
DA:131,0
DA:134,0
DA:137,5
DA:138,0
DA:140,0
DA:143,5
DA:156,5
DA:182,0
DA:199,0
DA:207,0
DA:220,0
DA:236,0
DA:245,5
LF:48
LH:17
BRDA:107,0,0,0
BRDA:107,0,1,0
BRDA:127,1,0,0
BRDA:127,1,1,0
BRDA:130,2,0,0
BRDA:130,2,1,0
BRDA:158,3,0,5
BRDA:158,3,1,0
BRDA:162,4,0,5
BRDA:162,4,1,0
BRDA:205,5,0,0
BRDA:205,5,1,5
BRDA:212,6,0,0
BRDA:212,6,1,5
BRDA:215,7,0,0
BRDA:215,7,1,5
BRDA:217,8,0,0
BRDA:217,8,1,5
BRDA:220,9,0,0
BRDA:220,9,1,0
BRF:20
BRH:6
end_of_record
TN:
SF:src/screens/Note/Create/styles.ts
FNF:0
FNH:0
DA:4,5
LF:1
LH:1
BRF:0
BRH:0
end_of_record
TN:
SF:src/screens/Note/List/index.tsx
FN:38,(anonymous_0)
FN:50,(anonymous_1)
FN:59,(anonymous_2)
FN:66,(anonymous_3)
FN:71,(anonymous_4)
FN:76,(anonymous_5)
FN:91,(anonymous_6)
FN:111,(anonymous_7)
FN:127,(anonymous_8)
FN:128,(anonymous_9)
FN:129,(anonymous_10)
FN:159,(anonymous_11)
FN:160,(anonymous_12)
FN:172,(anonymous_13)
FN:191,(anonymous_14)
FN:216,(anonymous_15)
FN:230,(anonymous_16)
FN:232,(anonymous_17)
FN:242,(anonymous_18)
FN:256,(anonymous_19)
FN:257,(anonymous_20)
FN:267,(anonymous_21)
FN:281,(anonymous_22)
FN:295,(anonymous_23)
FN:300,(anonymous_24)
FN:304,(anonymous_25)
FN:320,(anonymous_26)
FNF:27
FNH:6
FNDA:0,(anonymous_0)
FNDA:0,(anonymous_1)
FNDA:0,(anonymous_2)
FNDA:0,(anonymous_3)
FNDA:0,(anonymous_4)
FNDA:0,(anonymous_5)
FNDA:3,(anonymous_6)
FNDA:4,(anonymous_7)
FNDA:0,(anonymous_8)
FNDA:0,(anonymous_9)
FNDA:0,(anonymous_10)
FNDA:2,(anonymous_11)
FNDA:2,(anonymous_12)
FNDA:4,(anonymous_13)
FNDA:0,(anonymous_14)
FNDA:0,(anonymous_15)
FNDA:0,(anonymous_16)
FNDA:0,(anonymous_17)
FNDA:0,(anonymous_18)
FNDA:0,(anonymous_19)
FNDA:0,(anonymous_20)
FNDA:0,(anonymous_21)
FNDA:0,(anonymous_22)
FNDA:0,(anonymous_23)
FNDA:0,(anonymous_24)
FNDA:0,(anonymous_25)
FNDA:3,(anonymous_26)
DA:38,2
DA:45,0
DA:50,0
DA:59,0
DA:66,0
DA:71,0
DA:76,0
DA:83,2
DA:91,2
DA:99,3
DA:100,3
DA:101,3
DA:106,3
DA:109,3
DA:111,3
DA:118,4
DA:119,4
DA:121,4
DA:122,0
DA:125,4
DA:126,0
DA:127,0
DA:128,0
DA:129,0
DA:130,0
DA:132,0
DA:135,4
DA:136,0
DA:142,4
DA:143,0
DA:149,4
DA:150,0
DA:156,4
DA:159,3
DA:160,2
DA:161,2
DA:162,2
DA:163,2
DA:167,2
DA:171,2
DA:173,4
DA:174,4
DA:175,0
DA:176,0
DA:177,0
DA:191,0
DA:202,0
DA:203,0
DA:205,0
DA:206,0
DA:209,0
DA:213,2
DA:216,3
DA:225,0
DA:226,0
DA:227,0
DA:230,3
DA:232,3
DA:233,0
DA:234,0
DA:237,3
DA:238,0
DA:243,0
DA:251,3
DA:256,0
DA:258,0
DA:268,0
DA:274,0
DA:282,0
DA:295,0
DA:300,0
DA:304,0
DA:321,3
DA:322,3
LF:74
LH:34
BRDA:47,0,0,0
BRDA:47,0,1,0
BRDA:121,1,0,0
BRDA:121,1,1,4
BRDA:121,2,0,4
BRDA:121,2,1,0
BRDA:125,3,0,0
BRDA:125,3,1,4
BRDA:125,4,0,4
BRDA:125,4,1,0
BRDA:135,5,0,0
BRDA:135,5,1,4
BRDA:135,6,0,4
BRDA:135,6,1,4
BRDA:135,6,2,0
BRDA:142,7,0,0
BRDA:142,7,1,4
BRDA:142,8,0,4
BRDA:142,8,1,4
BRDA:142,8,2,0
BRDA:149,9,0,0
BRDA:149,9,1,4
BRDA:149,10,0,4
BRDA:149,10,1,4
BRDA:149,10,2,0
BRDA:161,11,0,2
BRDA:161,11,1,0
BRDA:176,12,0,0
BRDA:176,12,1,0
BRDA:177,13,0,0
BRDA:177,13,1,0
BRDA:191,14,0,0
BRDA:191,14,1,0
BRDA:202,15,0,0
BRDA:202,15,1,0
BRDA:205,16,0,0
BRDA:205,16,1,0
BRDA:237,17,0,0
BRDA:237,17,1,3
BRDA:282,18,0,0
BRDA:282,18,1,0
BRF:41
BRH:15
end_of_record
TN:
SF:src/screens/Note/List/styles.ts
FNF:0
FNH:0
DA:4,2
LF:1
LH:1
BRF:0
BRH:0
end_of_record
TN:
SF:src/screens/Note/Show/index.tsx
FN:30,(anonymous_0)
FN:49,(anonymous_1)
FN:55,(anonymous_2)
FN:58,(anonymous_3)
FN:68,(anonymous_4)
FN:81,(anonymous_5)
FN:91,(anonymous_6)
FN:127,(anonymous_7)
FN:145,(anonymous_8)
FN:166,(anonymous_9)
FN:182,(anonymous_10)
FN:190,(anonymous_11)
FN:194,(anonymous_12)
FN:199,(anonymous_13)
FN:207,(anonymous_14)
FN:217,(anonymous_15)
FN:229,(anonymous_16)
FN:236,(anonymous_17)
FN:240,(anonymous_18)
FN:250,(anonymous_19)
FNF:20
FNH:2
FNDA:2,(anonymous_0)
FNDA:0,(anonymous_1)
FNDA:0,(anonymous_2)
FNDA:0,(anonymous_3)
FNDA:0,(anonymous_4)
FNDA:0,(anonymous_5)
FNDA:0,(anonymous_6)
FNDA:0,(anonymous_7)
FNDA:0,(anonymous_8)
FNDA:0,(anonymous_9)
FNDA:0,(anonymous_10)
FNDA:0,(anonymous_11)
FNDA:0,(anonymous_12)
FNDA:0,(anonymous_13)
FNDA:0,(anonymous_14)
FNDA:0,(anonymous_15)
FNDA:0,(anonymous_16)
FNDA:0,(anonymous_17)
FNDA:0,(anonymous_18)
FNDA:2,(anonymous_19)
DA:30,1
DA:37,2
DA:44,2
DA:45,2
DA:46,2
DA:50,0
DA:53,2
DA:55,2
DA:56,0
DA:57,0
DA:58,0
DA:60,0
DA:61,0
DA:62,0
DA:68,2
DA:69,0
DA:71,0
DA:72,0
DA:74,0
DA:75,0
DA:78,0
DA:81,2
DA:82,0
DA:83,0
DA:85,0
DA:87,0
DA:88,0
DA:90,0
DA:91,0
DA:96,0
DA:97,0
DA:98,0
DA:100,0
DA:118,0
DA:119,0
DA:121,0
DA:122,0
DA:127,2
DA:128,0
DA:130,0
DA:137,0
DA:139,0
DA:140,0
DA:141,0
DA:145,2
DA:149,0
DA:150,0
DA:151,0
DA:154,2
DA:166,0
DA:183,0
DA:184,0
DA:190,0
DA:194,0
DA:199,0
DA:207,0
DA:217,0
DA:230,0
DA:236,0
DA:240,0
DA:251,2
DA:252,2
LF:62
LH:14
BRDA:35,0,0,0
BRDA:71,1,0,0
BRDA:71,1,1,0
BRDA:74,2,0,0
BRDA:74,2,1,0
BRDA:87,3,0,0
BRDA:87,3,1,0
BRDA:121,4,0,0
BRDA:121,4,1,0
BRDA:139,5,0,0
BRDA:139,5,1,0
BRDA:171,6,0,0
BRDA:171,6,1,2
BRF:13
BRH:1
end_of_record
TN:
SF:src/screens/Note/Show/styles.ts
FNF:0
FNH:0
DA:3,1
LF:1
LH:1
BRF:0
BRH:0
end_of_record
TN:
SF:src/screens/PDFResume/index.tsx
FN:38,(anonymous_0)
FN:54,(anonymous_1)
FN:58,(anonymous_2)
FN:66,(anonymous_3)
FN:67,(anonymous_4)
FN:71,(anonymous_5)
FN:103,(anonymous_6)
FN:121,(anonymous_7)
FN:123,(anonymous_8)
FN:126,(anonymous_9)
FN:133,(anonymous_10)
FN:142,(anonymous_11)
FN:155,(anonymous_12)
FN:165,(anonymous_13)
FN:198,(anonymous_14)
FN:213,(anonymous_15)
FN:226,(anonymous_16)
FN:233,(anonymous_17)
FN:240,(anonymous_18)
FN:250,(anonymous_19)
FN:274,(anonymous_20)
FN:283,(anonymous_21)
FN:293,(anonymous_22)
FNF:23
FNH:4
FNDA:0,(anonymous_0)
FNDA:0,(anonymous_1)
FNDA:0,(anonymous_2)
FNDA:0,(anonymous_3)
FNDA:0,(anonymous_4)
FNDA:0,(anonymous_5)
FNDA:0,(anonymous_6)
FNDA:0,(anonymous_7)
FNDA:0,(anonymous_8)
FNDA:0,(anonymous_9)
FNDA:5,(anonymous_10)
FNDA:1,(anonymous_11)
FNDA:0,(anonymous_12)
FNDA:7,(anonymous_13)
FNDA:0,(anonymous_14)
FNDA:0,(anonymous_15)
FNDA:0,(anonymous_16)
FNDA:0,(anonymous_17)
FNDA:0,(anonymous_18)
FNDA:0,(anonymous_19)
FNDA:0,(anonymous_20)
FNDA:0,(anonymous_21)
FNDA:5,(anonymous_22)
DA:38,1
DA:45,0
DA:46,0
DA:54,0
DA:55,0
DA:58,0
DA:64,0
DA:66,0
DA:68,0
DA:72,0
DA:79,0
DA:100,0
DA:103,0
DA:108,0
DA:114,0
DA:116,0
DA:122,0
DA:124,0
DA:127,0
DA:133,1
DA:138,5
DA:139,5
DA:140,5
DA:142,5
DA:143,1
DA:145,1
DA:146,0
DA:148,1
DA:149,0
DA:152,1
DA:155,5
DA:156,0
DA:157,0
DA:158,0
DA:161,5
DA:174,7
DA:198,0
DA:213,0
DA:226,0
DA:234,0
DA:241,0
DA:242,0
DA:243,0
DA:244,0
DA:251,0
DA:255,0
DA:268,0
DA:275,0
DA:276,0
DA:283,0
DA:294,5
LF:51
LH:14
BRDA:45,0,0,0
BRDA:45,0,1,0
BRDA:145,1,0,0
BRDA:145,1,1,1
BRDA:148,2,0,0
BRDA:148,2,1,1
BRDA:243,3,0,0
BRDA:243,3,1,0
BRDA:262,4,0,0
BRDA:262,4,1,0
BRF:10
BRH:2
end_of_record
TN:
SF:src/screens/PDFResume/styles.ts
FNF:0
FNH:0
DA:4,1
LF:1
LH:1
BRF:0
BRH:0
end_of_record
TN:
SF:src/screens/Subject/index.ts
FNF:0
FNH:0
LF:0
LH:0
BRF:0
BRH:0
end_of_record
TN:
SF:src/screens/Subject/Create/index.tsx
FN:22,(anonymous_0)
FN:29,(anonymous_1)
FN:34,(anonymous_2)
FN:44,(anonymous_3)
FN:61,(anonymous_4)
FN:91,(anonymous_5)
FN:110,(anonymous_6)
FN:119,(anonymous_7)
FN:127,(anonymous_8)
FNF:9
FNH:4
FNDA:4,(anonymous_0)
FNDA:0,(anonymous_1)
FNDA:0,(anonymous_2)
FNDA:1,(anonymous_3)
FNDA:6,(anonymous_4)
FNDA:0,(anonymous_5)
FNDA:0,(anonymous_6)
FNDA:0,(anonymous_7)
FNDA:4,(anonymous_8)
DA:22,1
DA:26,4
DA:27,4
DA:29,4
DA:30,0
DA:31,0
DA:34,4
DA:35,0
DA:41,0
DA:44,4
DA:45,1
DA:47,1
DA:48,0
DA:50,1
DA:51,1
DA:54,1
DA:57,4
DA:71,6
DA:91,0
DA:110,0
DA:119,0
DA:128,4
DA:129,4
DA:131,4
LF:24
LH:16
BRDA:35,0,0,0
BRDA:35,0,1,0
BRDA:47,1,0,0
BRDA:47,1,1,1
BRDA:50,2,0,1
BRDA:50,2,1,0
BRDA:103,3,0,0
BRDA:103,3,1,6
BRDA:115,4,0,0
BRDA:115,4,1,4
BRDA:132,5,0,0
BRDA:132,5,1,4
BRF:12
BRH:5
end_of_record
TN:
SF:src/screens/Subject/Create/styles.ts
FNF:0
FNH:0
DA:4,1
LF:1
LH:1
BRF:0
BRH:0
end_of_record
TN:
SF:src/screens/Subject/List/index.tsx
FN:17,(anonymous_0)
FN:29,(anonymous_1)
FN:39,(anonymous_2)
FN:40,(anonymous_3)
FN:46,(anonymous_4)
FN:56,(anonymous_5)
FN:66,(anonymous_6)
FNF:7
FNH:4
FNDA:4,(anonymous_0)
FNDA:0,(anonymous_1)
FNDA:8,(anonymous_2)
FNDA:8,(anonymous_3)
FNDA:0,(anonymous_4)
FNDA:0,(anonymous_5)
FNDA:4,(anonymous_6)
DA:17,1
DA:18,4
DA:24,4
DA:25,0
DA:29,0
DA:34,4
DA:39,8
DA:41,8
DA:42,8
DA:47,0
DA:56,0
DA:66,4
LF:12
LH:8
BRDA:24,0,0,0
BRDA:24,0,1,4
BRF:2
BRH:1
end_of_record
TN:
SF:src/screens/Subject/List/styles.ts
FNF:0
FNH:0
DA:4,1
LF:1
LH:1
BRF:0
BRH:0
end_of_record
TN:
SF:src/screens/TutorialPage/index.tsx
FN:21,(anonymous_0)
FN:25,(anonymous_1)
FN:26,(anonymous_2)
FN:30,(anonymous_3)
FN:63,(anonymous_4)
FNF:5
FNH:4
FNDA:10,(anonymous_0)
FNDA:7,(anonymous_1)
FNDA:6,(anonymous_2)
FNDA:0,(anonymous_3)
FNDA:1,(anonymous_4)
DA:21,1
DA:22,10
DA:23,10
DA:25,10
DA:26,7
DA:27,7
DA:30,10
DA:31,0
DA:36,10
DA:64,1
DA:65,1
DA:66,1
DA:72,1
DA:73,1
DA:78,1
LF:15
LH:14
BRF:0
BRH:0
end_of_record
TN:
SF:src/screens/TutorialPage/styles.ts
FNF:0
FNH:0
DA:4,1
LF:1
LH:1
BRF:0
BRH:0
end_of_record
TN:
SF:src/screens/TutorialPage/components/InfoTip/index.tsx
FN:18,(anonymous_0)
FN:23,(anonymous_1)
FN:26,(anonymous_2)
FN:27,(anonymous_3)
FN:34,(anonymous_4)
FN:40,(anonymous_5)
FN:52,(anonymous_6)
FNF:7
FNH:2
FNDA:21,(anonymous_0)
FNDA:21,(anonymous_1)
FNDA:0,(anonymous_2)
FNDA:0,(anonymous_3)
FNDA:0,(anonymous_4)
FNDA:0,(anonymous_5)
FNDA:0,(anonymous_6)
DA:18,1
DA:19,21
DA:20,21
DA:21,21
DA:23,21
DA:24,21
DA:27,0
DA:28,0
DA:34,21
DA:35,0
DA:40,21
DA:41,0
DA:52,21
DA:53,0
DA:64,21
LF:15
LH:10
BRDA:18,0,0,7
BRF:1
BRH:1
end_of_record
TN:
SF:src/screens/TutorialPage/components/InfoTip/styles.ts
FNF:0
FNH:0
DA:4,1
LF:1
LH:1
BRF:0
BRH:0
end_of_record
TN:
SF:src/styles/sharedStyles.ts
FNF:0
FNH:0
DA:4,0
LF:1
LH:0
BRF:0
BRH:0
end_of_record
TN:
SF:src/styles/themes.ts
FNF:0
FNH:0
DA:3,14
LF:1
LH:1
BRF:0
BRH:0
end_of_record
TN:
SF:src/utils/errorHandlers/getErrorLabel.ts
FN:3,(anonymous_0)
FNF:1
FNH:1
FNDA:54,(anonymous_0)
DA:3,7
DA:4,54
LF:2
LH:2
BRF:0
BRH:0
end_of_record
TN:
SF:src/utils/errorHandlers/index.ts
FNF:0
FNH:0
LF:0
LH:0
BRF:0
BRH:0
end_of_record
TN:
SF:src/utils/errorHandlers/showError.ts
FN:3,(anonymous_0)
FNF:1
FNH:1
FNDA:54,(anonymous_0)
DA:3,7
DA:8,54
LF:2
LH:2
BRDA:8,0,0,54
BRDA:8,0,1,0
BRF:2
BRH:1
end_of_record
TN:
SF:src/utils/filters/dates.ts
FN:6,(anonymous_0)
FNF:1
FNH:0
FNDA:0,(anonymous_0)
DA:3,2
DA:4,2
DA:6,2
DA:7,0
DA:15,0
DA:23,0
DA:25,0
LF:7
LH:3
BRDA:8,0,0,0
BRDA:8,0,1,0
BRDA:16,1,0,0
BRDA:16,1,1,0
BRDA:25,2,0,0
BRDA:25,2,1,0
BRF:6
BRH:0
end_of_record
TN:
SF:src/utils/filters/index.ts
FNF:0
FNH:0
LF:0
LH:0
BRF:0
BRH:0
end_of_record
TN:
SF:src/utils/getContrastColor/index.ts
FN:5,(anonymous_0)
FNF:1
FNH:1
FNDA:20,(anonymous_0)
DA:5,2
DA:10,20
DA:14,20
DA:19,20
LF:4
LH:4
BRDA:7,0,0,20
BRDA:8,1,0,20
BRDA:19,2,0,10
BRDA:19,2,1,10
BRF:4
BRH:4
end_of_record
TN:
SF:src/utils/noteValidations/index.ts
FN:12,(anonymous_0)
FNF:1
FNH:1
FNDA:10,(anonymous_0)
DA:3,3
DA:5,3
DA:12,3
DA:13,10
DA:14,10
DA:15,10
DA:17,10
DA:18,10
DA:26,10
LF:9
LH:9
BRDA:13,0,0,0
BRDA:17,1,0,10
BRDA:17,1,1,0
BRDA:17,2,0,10
BRDA:17,2,1,10
BRDA:17,2,2,10
BRF:6
BRH:4
end_of_record
TN:
SF:src/utils/noteValidations/noteRevisionUpdate.ts
FN:10,(anonymous_0)
FNF:1
FNH:0
FNDA:0,(anonymous_0)
DA:3,2
DA:10,2
DA:16,0
DA:17,0
DA:18,0
DA:20,0
DA:21,0
LF:7
LH:2
BRDA:20,0,0,0
BRDA:20,0,1,0
BRDA:25,1,0,0
BRDA:25,1,1,0
BRF:4
BRH:0
end_of_record
TN:
SF:src/utils/notifications/index.ts
FNF:0
FNH:0
LF:0
LH:0
BRF:0
BRH:0
end_of_record
TN:
SF:src/utils/notifications/notificationWrapper.tsx
FN:7,(anonymous_0)
FN:8,(anonymous_1)
FN:10,(anonymous_2)
FNF:3
FNH:0
FNDA:0,(anonymous_0)
FNDA:0,(anonymous_1)
FNDA:0,(anonymous_2)
DA:7,0
DA:8,0
DA:9,0
DA:11,0
DA:12,0
DA:18,0
DA:30,0
LF:7
LH:0
BRDA:11,0,0,0
BRDA:11,0,1,0
BRDA:11,1,0,0
BRDA:11,1,1,0
BRF:4
BRH:0
end_of_record
TN:
SF:src/utils/notifications/notifyNotes.ts
FN:10,(anonymous_0)
FN:34,(anonymous_1)
FNF:2
FNH:0
FNDA:0,(anonymous_0)
FNDA:0,(anonymous_1)
DA:3,5
DA:10,5
DA:11,0
DA:34,0
DA:35,0
LF:5
LH:2
BRF:0
BRH:0
end_of_record
TN:
SF:src/utils/notifications/scheduleNotification.ts
FN:3,(anonymous_0)
FNF:1
FNH:0
FNDA:0,(anonymous_0)
DA:3,5
DA:10,0
LF:2
LH:1
BRDA:8,0,0,0
BRF:1
BRH:0
end_of_record
TN:
SF:src/utils/toastShow/index.ts
FN:3,(anonymous_0)
FN:8,(anonymous_1)
FNF:2
FNH:0
FNDA:0,(anonymous_0)
FNDA:0,(anonymous_1)
DA:3,5
DA:8,0
DA:9,0
DA:11,0
DA:13,0
DA:16,0
DA:20,0
LF:7
LH:1
BRDA:6,0,0,0
BRDA:9,1,0,0
BRDA:9,1,1,0
BRDA:9,1,2,0
BRDA:9,1,3,0
BRF:5
BRH:0
end_of_record
